CRITICAL - 2023-07-23 03:24:51 --> Undefined variable $ruangan
in APPPATH\Views\ruangan\ruangan_view.php on line 65.
 1 APPPATH\Views\ruangan\ruangan_view.php(65): CodeIgniter\Debug\Exceptions->errorHandler(2, 'Undefined variable $ruangan', 'C:\\Users\\MUHAMMAD FAISHAL\\Documents\\GitHub\\uas_pbo_kel_3_fakultas\\app\\Views\\ruangan\\ruangan_view.php', 65)
 2 SYSTEMPATH\View\View.php(224): include('C:\\Users\\MUHAMMAD FAISHAL\\Documents\\GitHub\\uas_pbo_kel_3_fakultas\\app\\Views\\ruangan\\ruangan_view.php')
 3 SYSTEMPATH\View\View.php(227): CodeIgniter\View\View->CodeIgniter\View\{closure}()
 4 SYSTEMPATH\Common.php(1180): CodeIgniter\View\View->render('ruangan/ruangan_view', [], true)
 5 APPPATH\Controllers\RuanganController.php(24): view('ruangan/ruangan_view', [...])
 6 SYSTEMPATH\CodeIgniter.php(932): App\Controllers\RuanganController->index()
 7 SYSTEMPATH\CodeIgniter.php(497): CodeIgniter\CodeIgniter->runController(Object(App\Controllers\RuanganController))
 8 SYSTEMPATH\CodeIgniter.php(366): CodeIgniter\CodeIgniter->handleRequest(null, Object(Config\Cache), false)
 9 FCPATH\index.php(67): CodeIgniter\CodeIgniter->run()
10 SYSTEMPATH\Commands\Server\rewrite.php(47): require_once('C:\\Users\\MUHAMMAD FAISHAL\\Documents\\GitHub\\uas_pbo_kel_3_fakultas\\public\\index.php')
CRITICAL - 2023-07-23 03:25:57 --> Invalid file: "edit_ruangan.php"
in SYSTEMPATH\Exceptions\FrameworkException.php on line 33.
 1 SYSTEMPATH\View\View.php(212): CodeIgniter\Exceptions\FrameworkException::forInvalidFile('edit_ruangan.php')
 2 SYSTEMPATH\Common.php(1180): CodeIgniter\View\View->render('edit_ruangan', [], true)
 3 APPPATH\Controllers\RuanganController.php(77): view('edit_ruangan', [...])
 4 SYSTEMPATH\CodeIgniter.php(932): App\Controllers\RuanganController->editRuangan('1')
 5 SYSTEMPATH\CodeIgniter.php(497): CodeIgniter\CodeIgniter->runController(Object(App\Controllers\RuanganController))
 6 SYSTEMPATH\CodeIgniter.php(366): CodeIgniter\CodeIgniter->handleRequest(null, Object(Config\Cache), false)
 7 FCPATH\index.php(67): CodeIgniter\CodeIgniter->run()
 8 SYSTEMPATH\Commands\Server\rewrite.php(47): require_once('C:\\Users\\MUHAMMAD FAISHAL\\Documents\\GitHub\\uas_pbo_kel_3_fakultas\\public\\index.php')
CRITICAL - 2023-07-23 03:27:58 --> Invalid file: "edit_ruangan.php"
in SYSTEMPATH\Exceptions\FrameworkException.php on line 33.
 1 SYSTEMPATH\View\View.php(212): CodeIgniter\Exceptions\FrameworkException::forInvalidFile('edit_ruangan.php')
 2 SYSTEMPATH\Common.php(1180): CodeIgniter\View\View->render('edit_ruangan', [], true)
 3 APPPATH\Controllers\RuanganController.php(77): view('edit_ruangan', [...])
 4 SYSTEMPATH\CodeIgniter.php(932): App\Controllers\RuanganController->editRuangan('2')
 5 SYSTEMPATH\CodeIgniter.php(497): CodeIgniter\CodeIgniter->runController(Object(App\Controllers\RuanganController))
 6 SYSTEMPATH\CodeIgniter.php(366): CodeIgniter\CodeIgniter->handleRequest(null, Object(Config\Cache), false)
 7 FCPATH\index.php(67): CodeIgniter\CodeIgniter->run()
 8 SYSTEMPATH\Commands\Server\rewrite.php(47): require_once('C:\\Users\\MUHAMMAD FAISHAL\\Documents\\GitHub\\uas_pbo_kel_3_fakultas\\public\\index.php')
CRITICAL - 2023-07-23 03:28:51 --> Invalid file: "edit_ruangan.php"
in SYSTEMPATH\Exceptions\FrameworkException.php on line 33.
 1 SYSTEMPATH\View\View.php(212): CodeIgniter\Exceptions\FrameworkException::forInvalidFile('edit_ruangan.php')
 2 SYSTEMPATH\Common.php(1180): CodeIgniter\View\View->render('edit_ruangan', [], true)
 3 APPPATH\Controllers\RuanganController.php(77): view('edit_ruangan', [...])
 4 SYSTEMPATH\CodeIgniter.php(932): App\Controllers\RuanganController->editRuangan('1')
 5 SYSTEMPATH\CodeIgniter.php(497): CodeIgniter\CodeIgniter->runController(Object(App\Controllers\RuanganController))
 6 SYSTEMPATH\CodeIgniter.php(366): CodeIgniter\CodeIgniter->handleRequest(null, Object(Config\Cache), false)
 7 FCPATH\index.php(67): CodeIgniter\CodeIgniter->run()
 8 SYSTEMPATH\Commands\Server\rewrite.php(47): require_once('C:\\Users\\MUHAMMAD FAISHAL\\Documents\\GitHub\\uas_pbo_kel_3_fakultas\\public\\index.php')
CRITICAL - 2023-07-23 03:30:16 --> Invalid file: "edit_ruangan.php"
in SYSTEMPATH\Exceptions\FrameworkException.php on line 33.
 1 SYSTEMPATH\View\View.php(212): CodeIgniter\Exceptions\FrameworkException::forInvalidFile('edit_ruangan.php')
 2 SYSTEMPATH\Common.php(1180): CodeIgniter\View\View->render('edit_ruangan', [], true)
 3 APPPATH\Controllers\RuanganController.php(77): view('edit_ruangan', [...])
 4 SYSTEMPATH\CodeIgniter.php(932): App\Controllers\RuanganController->editRuangan('1')
 5 SYSTEMPATH\CodeIgniter.php(497): CodeIgniter\CodeIgniter->runController(Object(App\Controllers\RuanganController))
 6 SYSTEMPATH\CodeIgniter.php(366): CodeIgniter\CodeIgniter->handleRequest(null, Object(Config\Cache), false)
 7 FCPATH\index.php(67): CodeIgniter\CodeIgniter->run()
 8 SYSTEMPATH\Commands\Server\rewrite.php(47): require_once('C:\\Users\\MUHAMMAD FAISHAL\\Documents\\GitHub\\uas_pbo_kel_3_fakultas\\public\\index.php')
CRITICAL - 2023-07-23 03:31:13 --> Invalid file: "edit_ruangan.php"
in SYSTEMPATH\Exceptions\FrameworkException.php on line 33.
 1 SYSTEMPATH\View\View.php(212): CodeIgniter\Exceptions\FrameworkException::forInvalidFile('edit_ruangan.php')
 2 SYSTEMPATH\Common.php(1180): CodeIgniter\View\View->render('edit_ruangan', [], true)
 3 APPPATH\Controllers\RuanganController.php(77): view('edit_ruangan', [...])
 4 SYSTEMPATH\CodeIgniter.php(932): App\Controllers\RuanganController->editRuangan('2')
 5 SYSTEMPATH\CodeIgniter.php(497): CodeIgniter\CodeIgniter->runController(Object(App\Controllers\RuanganController))
 6 SYSTEMPATH\CodeIgniter.php(366): CodeIgniter\CodeIgniter->handleRequest(null, Object(Config\Cache), false)
 7 FCPATH\index.php(67): CodeIgniter\CodeIgniter->run()
 8 SYSTEMPATH\Commands\Server\rewrite.php(47): require_once('C:\\Users\\MUHAMMAD FAISHAL\\Documents\\GitHub\\uas_pbo_kel_3_fakultas\\public\\index.php')
CRITICAL - 2023-07-23 03:32:50 --> Invalid file: "edit_ruangan.php"
in SYSTEMPATH\Exceptions\FrameworkException.php on line 33.
 1 SYSTEMPATH\View\View.php(212): CodeIgniter\Exceptions\FrameworkException::forInvalidFile('edit_ruangan.php')
 2 SYSTEMPATH\Common.php(1180): CodeIgniter\View\View->render('edit_ruangan', [], true)
 3 APPPATH\Controllers\RuanganController.php(77): view('edit_ruangan', [...])
 4 SYSTEMPATH\CodeIgniter.php(932): App\Controllers\RuanganController->editRuangan('2')
 5 SYSTEMPATH\CodeIgniter.php(497): CodeIgniter\CodeIgniter->runController(Object(App\Controllers\RuanganController))
 6 SYSTEMPATH\CodeIgniter.php(366): CodeIgniter\CodeIgniter->handleRequest(null, Object(Config\Cache), false)
 7 FCPATH\index.php(67): CodeIgniter\CodeIgniter->run()
 8 SYSTEMPATH\Commands\Server\rewrite.php(47): require_once('C:\\Users\\MUHAMMAD FAISHAL\\Documents\\GitHub\\uas_pbo_kel_3_fakultas\\public\\index.php')
CRITICAL - 2023-07-23 03:32:55 --> Invalid file: "edit_ruangan.php"
in SYSTEMPATH\Exceptions\FrameworkException.php on line 33.
 1 SYSTEMPATH\View\View.php(212): CodeIgniter\Exceptions\FrameworkException::forInvalidFile('edit_ruangan.php')
 2 SYSTEMPATH\Common.php(1180): CodeIgniter\View\View->render('edit_ruangan', [], true)
 3 APPPATH\Controllers\RuanganController.php(77): view('edit_ruangan', [...])
 4 SYSTEMPATH\CodeIgniter.php(932): App\Controllers\RuanganController->editRuangan('1')
 5 SYSTEMPATH\CodeIgniter.php(497): CodeIgniter\CodeIgniter->runController(Object(App\Controllers\RuanganController))
 6 SYSTEMPATH\CodeIgniter.php(366): CodeIgniter\CodeIgniter->handleRequest(null, Object(Config\Cache), false)
 7 FCPATH\index.php(67): CodeIgniter\CodeIgniter->run()
 8 SYSTEMPATH\Commands\Server\rewrite.php(47): require_once('C:\\Users\\MUHAMMAD FAISHAL\\Documents\\GitHub\\uas_pbo_kel_3_fakultas\\public\\index.php')
ERROR - 2023-07-23 07:43:21 --> mysqli_sql_exception: Table 'fakultas.fakultas' doesn't exist in C:\Users\62823\OneDrive\Documents\GitHub\uas_pbo_kel_3_fakultas\system\Database\MySQLi\Connection.php:295
Stack trace:
#0 C:\Users\62823\OneDrive\Documents\GitHub\uas_pbo_kel_3_fakultas\system\Database\MySQLi\Connection.php(295): mysqli->query('SELECT *\nFROM `...', 0)
#1 C:\Users\62823\OneDrive\Documents\GitHub\uas_pbo_kel_3_fakultas\system\Database\BaseConnection.php(692): CodeIgniter\Database\MySQLi\Connection->execute('SELECT *\nFROM `...')
#2 C:\Users\62823\OneDrive\Documents\GitHub\uas_pbo_kel_3_fakultas\system\Database\BaseConnection.php(606): CodeIgniter\Database\BaseConnection->simpleQuery('SELECT *\nFROM `...')
#3 C:\Users\62823\OneDrive\Documents\GitHub\uas_pbo_kel_3_fakultas\system\Database\BaseBuilder.php(1616): CodeIgniter\Database\BaseConnection->query('SELECT *\nFROM `...', Array, false)
#4 C:\Users\62823\OneDrive\Documents\GitHub\uas_pbo_kel_3_fakultas\system\Model.php(241): CodeIgniter\Database\BaseBuilder->get()
#5 C:\Users\62823\OneDrive\Documents\GitHub\uas_pbo_kel_3_fakultas\system\BaseModel.php(618): CodeIgniter\Model->doFindAll(0, 0)
#6 C:\Users\62823\OneDrive\Documents\GitHub\uas_pbo_kel_3_fakultas\app\Controllers\Home.php(18): CodeIgniter\BaseModel->findAll()
#7 C:\Users\62823\OneDrive\Documents\GitHub\uas_pbo_kel_3_fakultas\system\CodeIgniter.php(932): App\Controllers\Home->index()
#8 C:\Users\62823\OneDrive\Documents\GitHub\uas_pbo_kel_3_fakultas\system\CodeIgniter.php(497): CodeIgniter\CodeIgniter->runController(Object(App\Controllers\Home))
#9 C:\Users\62823\OneDrive\Documents\GitHub\uas_pbo_kel_3_fakultas\system\CodeIgniter.php(366): CodeIgniter\CodeIgniter->handleRequest(NULL, Object(Config\Cache), false)
#10 C:\Users\62823\OneDrive\Documents\GitHub\uas_pbo_kel_3_fakultas\public\index.php(67): CodeIgniter\CodeIgniter->run()
#11 C:\Users\62823\OneDrive\Documents\GitHub\uas_pbo_kel_3_fakultas\system\Commands\Server\rewrite.php(47): require_once('C:\\Users\\62823\\...')
#12 {main}
CRITICAL - 2023-07-23 07:43:21 --> Table 'fakultas.fakultas' doesn't exist
in SYSTEMPATH\Database\MySQLi\Connection.php on line 295.
 1 SYSTEMPATH\Database\MySQLi\Connection.php(295): mysqli->query('SELECT *
FROM `fakultas`', 0)
 2 SYSTEMPATH\Database\BaseConnection.php(692): CodeIgniter\Database\MySQLi\Connection->execute('SELECT *
FROM `fakultas`')
 3 SYSTEMPATH\Database\BaseConnection.php(606): CodeIgniter\Database\BaseConnection->simpleQuery('SELECT *
FROM `fakultas`')
 4 SYSTEMPATH\Database\BaseBuilder.php(1616): CodeIgniter\Database\BaseConnection->query('SELECT *
FROM `fakultas`', [], false)
 5 SYSTEMPATH\Model.php(241): CodeIgniter\Database\BaseBuilder->get()
 6 SYSTEMPATH\BaseModel.php(618): CodeIgniter\Model->doFindAll(0, 0)
 7 APPPATH\Controllers\Home.php(18): CodeIgniter\BaseModel->findAll()
 8 SYSTEMPATH\CodeIgniter.php(932): App\Controllers\Home->index()
 9 SYSTEMPATH\CodeIgniter.php(497): CodeIgniter\CodeIgniter->runController(Object(App\Controllers\Home))
10 SYSTEMPATH\CodeIgniter.php(366): CodeIgniter\CodeIgniter->handleRequest(null, Object(Config\Cache), false)
11 FCPATH\index.php(67): CodeIgniter\CodeIgniter->run()
12 SYSTEMPATH\Commands\Server\rewrite.php(47): require_once('C:\\Users\\62823\\OneDrive\\Documents\\GitHub\\uas_pbo_kel_3_fakultas\\public\\index.php')
