ERROR - 2023-07-13 13:09:40 --> Error connecting to the database: mysqli_sql_exception: Access denied for user ''@'localhost' (using password: NO) in C:\xampp\ruanganfakultasunu\system\Database\MySQLi\Connection.php:173
Stack trace:
#0 C:\xampp\ruanganfakultasunu\system\Database\MySQLi\Connection.php(173): mysqli->real_connect('localhost', '', Object(SensitiveParameterValue), '', 3306, '', 0)
#1 C:\xampp\ruanganfakultasunu\system\Database\BaseConnection.php(391): CodeIgniter\Database\MySQLi\Connection->connect(false)
#2 C:\xampp\ruanganfakultasunu\system\Database\BaseConnection.php(574): CodeIgniter\Database\BaseConnection->initialize()
#3 C:\xampp\ruanganfakultasunu\system\Database\BaseConnection.php(1409): CodeIgniter\Database\BaseConnection->query('SHOW TABLES FRO...')
#4 C:\xampp\ruanganfakultasunu\system\Database\BaseConnection.php(1428): CodeIgniter\Database\BaseConnection->listTables()
#5 C:\xampp\ruanganfakultasunu\system\Database\MigrationRunner.php(768): CodeIgniter\Database\BaseConnection->tableExists('migrations')
#6 C:\xampp\ruanganfakultasunu\system\Database\MigrationRunner.php(168): CodeIgniter\Database\MigrationRunner->ensureTable()
#7 C:\xampp\ruanganfakultasunu\system\Commands\Database\Migrate.php(84): CodeIgniter\Database\MigrationRunner->latest(NULL)
#8 C:\xampp\ruanganfakultasunu\system\CLI\Commands.php(65): CodeIgniter\Commands\Database\Migrate->run(Array)
#9 C:\xampp\ruanganfakultasunu\system\CLI\Console.php(37): CodeIgniter\CLI\Commands->run('migrate', Array)
#10 C:\xampp\ruanganfakultasunu\spark(97): CodeIgniter\CLI\Console->run()
#11 {main}

Next CodeIgniter\Database\Exceptions\DatabaseException: Access denied for user ''@'localhost' (using password: NO) in C:\xampp\ruanganfakultasunu\system\Database\MySQLi\Connection.php:218
Stack trace:
#0 C:\xampp\ruanganfakultasunu\system\Database\BaseConnection.php(391): CodeIgniter\Database\MySQLi\Connection->connect(false)
#1 C:\xampp\ruanganfakultasunu\system\Database\BaseConnection.php(574): CodeIgniter\Database\BaseConnection->initialize()
#2 C:\xampp\ruanganfakultasunu\system\Database\BaseConnection.php(1409): CodeIgniter\Database\BaseConnection->query('SHOW TABLES FRO...')
#3 C:\xampp\ruanganfakultasunu\system\Database\BaseConnection.php(1428): CodeIgniter\Database\BaseConnection->listTables()
#4 C:\xampp\ruanganfakultasunu\system\Database\MigrationRunner.php(768): CodeIgniter\Database\BaseConnection->tableExists('migrations')
#5 C:\xampp\ruanganfakultasunu\system\Database\MigrationRunner.php(168): CodeIgniter\Database\MigrationRunner->ensureTable()
#6 C:\xampp\ruanganfakultasunu\system\Commands\Database\Migrate.php(84): CodeIgniter\Database\MigrationRunner->latest(NULL)
#7 C:\xampp\ruanganfakultasunu\system\CLI\Commands.php(65): CodeIgniter\Commands\Database\Migrate->run(Array)
#8 C:\xampp\ruanganfakultasunu\system\CLI\Console.php(37): CodeIgniter\CLI\Commands->run('migrate', Array)
#9 C:\xampp\ruanganfakultasunu\spark(97): CodeIgniter\CLI\Console->run()
#10 {main}
CRITICAL - 2023-07-13 14:15:26 --> Undefined array key "id"
in APPPATH\Views\index.php on line 16.
 1 APPPATH\Views\index.php(16): CodeIgniter\Debug\Exceptions->errorHandler(2, 'Undefined array key "id"', 'C:\\xampp\\ruanganfakultasunu\\app\\Views\\index.php', 16)
 2 SYSTEMPATH\View\View.php(224): include('C:\\xampp\\ruanganfakultasunu\\app\\Views\\index.php')
 3 SYSTEMPATH\View\View.php(227): CodeIgniter\View\View->CodeIgniter\View\{closure}()
 4 SYSTEMPATH\Common.php(1180): CodeIgniter\View\View->render('index', [], true)
 5 APPPATH\Controllers\Fakultas.php(20): view('index', [...])
 6 SYSTEMPATH\CodeIgniter.php(932): App\Controllers\Fakultas->index()
 7 SYSTEMPATH\CodeIgniter.php(497): CodeIgniter\CodeIgniter->runController(Object(App\Controllers\Fakultas))
 8 SYSTEMPATH\CodeIgniter.php(366): CodeIgniter\CodeIgniter->handleRequest(null, Object(Config\Cache), false)
 9 FCPATH\index.php(67): CodeIgniter\CodeIgniter->run()
10 SYSTEMPATH\Commands\Server\rewrite.php(47): require_once('C:\\xampp\\ruanganfakultasunu\\public\\index.php')
CRITICAL - 2023-07-13 14:15:56 --> Undefined variable $fakultas
in APPPATH\Views\index.php on line 14.
 1 APPPATH\Views\index.php(14): CodeIgniter\Debug\Exceptions->errorHandler(2, 'Undefined variable $fakultas', 'C:\\xampp\\ruanganfakultasunu\\app\\Views\\index.php', 14)
 2 SYSTEMPATH\View\View.php(224): include('C:\\xampp\\ruanganfakultasunu\\app\\Views\\index.php')
 3 SYSTEMPATH\View\View.php(227): CodeIgniter\View\View->CodeIgniter\View\{closure}()
 4 SYSTEMPATH\Common.php(1180): CodeIgniter\View\View->render('index', [], true)
 5 APPPATH\Controllers\Fakultas.php(20): view('index')
 6 SYSTEMPATH\CodeIgniter.php(932): App\Controllers\Fakultas->index()
 7 SYSTEMPATH\CodeIgniter.php(497): CodeIgniter\CodeIgniter->runController(Object(App\Controllers\Fakultas))
 8 SYSTEMPATH\CodeIgniter.php(366): CodeIgniter\CodeIgniter->handleRequest(null, Object(Config\Cache), false)
 9 FCPATH\index.php(67): CodeIgniter\CodeIgniter->run()
10 SYSTEMPATH\Commands\Server\rewrite.php(47): require_once('C:\\xampp\\ruanganfakultasunu\\public\\index.php')
CRITICAL - 2023-07-13 18:51:00 --> Invalid file: "fakultas/index.php"
in SYSTEMPATH\Exceptions\FrameworkException.php on line 33.
 1 SYSTEMPATH\View\View.php(212): CodeIgniter\Exceptions\FrameworkException::forInvalidFile('fakultas/index.php')
 2 SYSTEMPATH\Common.php(1180): CodeIgniter\View\View->render('fakultas/index', [], true)
 3 APPPATH\Controllers\Fakultas.php(14): view('fakultas/index', [...])
 4 SYSTEMPATH\CodeIgniter.php(932): App\Controllers\Fakultas->index()
 5 SYSTEMPATH\CodeIgniter.php(497): CodeIgniter\CodeIgniter->runController(Object(App\Controllers\Fakultas))
 6 SYSTEMPATH\CodeIgniter.php(366): CodeIgniter\CodeIgniter->handleRequest(null, Object(Config\Cache), false)
 7 FCPATH\index.php(67): CodeIgniter\CodeIgniter->run()
 8 SYSTEMPATH\Commands\Server\rewrite.php(47): require_once('C:\\xampp\\ruanganfakultasunu\\public\\index.php')
CRITICAL - 2023-07-13 19:01:40 --> Cannot access offset of type string on string
in APPPATH\Views\index.php on line 28.
 1 SYSTEMPATH\View\View.php(224): include()
 2 SYSTEMPATH\View\View.php(227): CodeIgniter\View\View->CodeIgniter\View\{closure}()
 3 SYSTEMPATH\Common.php(1180): CodeIgniter\View\View->render('index', [], true)
 4 APPPATH\Controllers\Fakultas.php(20): view('index', [...])
 5 SYSTEMPATH\CodeIgniter.php(932): App\Controllers\Fakultas->index()
 6 SYSTEMPATH\CodeIgniter.php(497): CodeIgniter\CodeIgniter->runController(Object(App\Controllers\Fakultas))
 7 SYSTEMPATH\CodeIgniter.php(366): CodeIgniter\CodeIgniter->handleRequest(null, Object(Config\Cache), false)
 8 FCPATH\index.php(67): CodeIgniter\CodeIgniter->run()
 9 SYSTEMPATH\Commands\Server\rewrite.php(47): require_once('C:\\xampp\\ruanganfakultasunu\\public\\index.php')
CRITICAL - 2023-07-13 19:56:24 --> Invalid file: "fakultas/index.php"
in SYSTEMPATH\Exceptions\FrameworkException.php on line 33.
 1 SYSTEMPATH\View\View.php(212): CodeIgniter\Exceptions\FrameworkException::forInvalidFile('fakultas/index.php')
 2 SYSTEMPATH\Common.php(1180): CodeIgniter\View\View->render('fakultas/index', [], true)
 3 APPPATH\Controllers\Fakultas.php(14): view('fakultas/index', [...])
 4 SYSTEMPATH\CodeIgniter.php(932): App\Controllers\Fakultas->index()
 5 SYSTEMPATH\CodeIgniter.php(497): CodeIgniter\CodeIgniter->runController(Object(App\Controllers\Fakultas))
 6 SYSTEMPATH\CodeIgniter.php(366): CodeIgniter\CodeIgniter->handleRequest(null, Object(Config\Cache), false)
 7 FCPATH\index.php(67): CodeIgniter\CodeIgniter->run()
 8 SYSTEMPATH\Commands\Server\rewrite.php(47): require_once('C:\\xampp\\ruanganfakultasunu\\public\\index.php')
