ERROR - 2023-07-15 06:20:52 --> mysqli_sql_exception: Unknown column 'type' in 'order clause' in C:\Users\MUHAMMAD FAISHAL\Documents\GitHub\uas_pbo_kel_3_fakultas\system\Database\MySQLi\Connection.php:295
Stack trace:
#0 C:\Users\MUHAMMAD FAISHAL\Documents\GitHub\uas_pbo_kel_3_fakultas\system\Database\MySQLi\Connection.php(295): mysqli->query('SELECT *\nFROM `...', 0)
#1 C:\Users\MUHAMMAD FAISHAL\Documents\GitHub\uas_pbo_kel_3_fakultas\system\Database\BaseConnection.php(692): CodeIgniter\Database\MySQLi\Connection->execute('SELECT *\nFROM `...')
#2 C:\Users\MUHAMMAD FAISHAL\Documents\GitHub\uas_pbo_kel_3_fakultas\system\Database\BaseConnection.php(606): CodeIgniter\Database\BaseConnection->simpleQuery('SELECT *\nFROM `...')
#3 C:\Users\MUHAMMAD FAISHAL\Documents\GitHub\uas_pbo_kel_3_fakultas\system\Database\BaseBuilder.php(1616): CodeIgniter\Database\BaseConnection->query('SELECT *\nFROM `...', Array, false)
#4 C:\Users\MUHAMMAD FAISHAL\Documents\GitHub\uas_pbo_kel_3_fakultas\system\Model.php(241): CodeIgniter\Database\BaseBuilder->get()
#5 C:\Users\MUHAMMAD FAISHAL\Documents\GitHub\uas_pbo_kel_3_fakultas\system\BaseModel.php(618): CodeIgniter\Model->doFindAll(0, 0)
#6 C:\Users\MUHAMMAD FAISHAL\Documents\GitHub\uas_pbo_kel_3_fakultas\app\Controllers\RuanganController.php(19): CodeIgniter\BaseModel->findAll()
#7 C:\Users\MUHAMMAD FAISHAL\Documents\GitHub\uas_pbo_kel_3_fakultas\system\CodeIgniter.php(932): App\Controllers\RuanganController->index()
#8 C:\Users\MUHAMMAD FAISHAL\Documents\GitHub\uas_pbo_kel_3_fakultas\system\CodeIgniter.php(497): CodeIgniter\CodeIgniter->runController(Object(App\Controllers\RuanganController))
#9 C:\Users\MUHAMMAD FAISHAL\Documents\GitHub\uas_pbo_kel_3_fakultas\system\CodeIgniter.php(366): CodeIgniter\CodeIgniter->handleRequest(NULL, Object(Config\Cache), false)
#10 C:\Users\MUHAMMAD FAISHAL\Documents\GitHub\uas_pbo_kel_3_fakultas\public\index.php(67): CodeIgniter\CodeIgniter->run()
#11 C:\Users\MUHAMMAD FAISHAL\Documents\GitHub\uas_pbo_kel_3_fakultas\system\Commands\Server\rewrite.php(47): require_once('C:\\Users\\MUHAMM...')
#12 {main}
CRITICAL - 2023-07-15 06:20:52 --> Unknown column 'type' in 'order clause'
in SYSTEMPATH\Database\MySQLi\Connection.php on line 295.
 1 SYSTEMPATH\Database\MySQLi\Connection.php(295): mysqli->query('SELECT *
FROM `ruangan`
ORDER BY `type` ASC', 0)
 2 SYSTEMPATH\Database\BaseConnection.php(692): CodeIgniter\Database\MySQLi\Connection->execute('SELECT *
FROM `ruangan`
ORDER BY `type` ASC')
 3 SYSTEMPATH\Database\BaseConnection.php(606): CodeIgniter\Database\BaseConnection->simpleQuery('SELECT *
FROM `ruangan`
ORDER BY `type` ASC')
 4 SYSTEMPATH\Database\BaseBuilder.php(1616): CodeIgniter\Database\BaseConnection->query('SELECT *
FROM `ruangan`
ORDER BY `type` ASC', [], false)
 5 SYSTEMPATH\Model.php(241): CodeIgniter\Database\BaseBuilder->get()
 6 SYSTEMPATH\BaseModel.php(618): CodeIgniter\Model->doFindAll(0, 0)
 7 APPPATH\Controllers\RuanganController.php(19): CodeIgniter\BaseModel->findAll()
 8 SYSTEMPATH\CodeIgniter.php(932): App\Controllers\RuanganController->index()
 9 SYSTEMPATH\CodeIgniter.php(497): CodeIgniter\CodeIgniter->runController(Object(App\Controllers\RuanganController))
10 SYSTEMPATH\CodeIgniter.php(366): CodeIgniter\CodeIgniter->handleRequest(null, Object(Config\Cache), false)
11 FCPATH\index.php(67): CodeIgniter\CodeIgniter->run()
12 SYSTEMPATH\Commands\Server\rewrite.php(47): require_once('C:\\Users\\MUHAMMAD FAISHAL\\Documents\\GitHub\\uas_pbo_kel_3_fakultas\\public\\index.php')
CRITICAL - 2023-07-15 06:23:00 --> Allowed fields must be specified for model: "App\Models\RuanganModel"
in SYSTEMPATH\BaseModel.php on line 1242.
 1 SYSTEMPATH\BaseModel.php(1242): CodeIgniter\Database\Exceptions\DataException::forInvalidAllowedFields('App\\Models\\RuanganModel')
 2 SYSTEMPATH\BaseModel.php(757): CodeIgniter\BaseModel->doProtectFields([...])
 3 SYSTEMPATH\Model.php(730): CodeIgniter\BaseModel->insert([...], true)
 4 APPPATH\Controllers\RuanganController.php(32): CodeIgniter\Model->insert([...])
 5 SYSTEMPATH\CodeIgniter.php(932): App\Controllers\RuanganController->addRuangan()
 6 SYSTEMPATH\CodeIgniter.php(497): CodeIgniter\CodeIgniter->runController(Object(App\Controllers\RuanganController))
 7 SYSTEMPATH\CodeIgniter.php(366): CodeIgniter\CodeIgniter->handleRequest(null, Object(Config\Cache), false)
 8 FCPATH\index.php(67): CodeIgniter\CodeIgniter->run()
 9 SYSTEMPATH\Commands\Server\rewrite.php(47): require_once('C:\\Users\\MUHAMMAD FAISHAL\\Documents\\GitHub\\uas_pbo_kel_3_fakultas\\public\\index.php')
CRITICAL - 2023-07-15 06:29:34 --> Allowed fields must be specified for model: "App\Models\RuanganModel"
in SYSTEMPATH\BaseModel.php on line 1242.
 1 SYSTEMPATH\BaseModel.php(1242): CodeIgniter\Database\Exceptions\DataException::forInvalidAllowedFields('App\\Models\\RuanganModel')
 2 SYSTEMPATH\BaseModel.php(757): CodeIgniter\BaseModel->doProtectFields([...])
 3 SYSTEMPATH\Model.php(730): CodeIgniter\BaseModel->insert([...], true)
 4 APPPATH\Controllers\RuanganController.php(33): CodeIgniter\Model->insert([...])
 5 SYSTEMPATH\CodeIgniter.php(932): App\Controllers\RuanganController->addRuangan()
 6 SYSTEMPATH\CodeIgniter.php(497): CodeIgniter\CodeIgniter->runController(Object(App\Controllers\RuanganController))
 7 SYSTEMPATH\CodeIgniter.php(366): CodeIgniter\CodeIgniter->handleRequest(null, Object(Config\Cache), false)
 8 FCPATH\index.php(67): CodeIgniter\CodeIgniter->run()
 9 SYSTEMPATH\Commands\Server\rewrite.php(47): require_once('C:\\Users\\MUHAMMAD FAISHAL\\Documents\\GitHub\\uas_pbo_kel_3_fakultas\\public\\index.php')
CRITICAL - 2023-07-15 06:29:36 --> Allowed fields must be specified for model: "App\Models\RuanganModel"
in SYSTEMPATH\BaseModel.php on line 1242.
 1 SYSTEMPATH\BaseModel.php(1242): CodeIgniter\Database\Exceptions\DataException::forInvalidAllowedFields('App\\Models\\RuanganModel')
 2 SYSTEMPATH\BaseModel.php(757): CodeIgniter\BaseModel->doProtectFields([...])
 3 SYSTEMPATH\Model.php(730): CodeIgniter\BaseModel->insert([...], true)
 4 APPPATH\Controllers\RuanganController.php(33): CodeIgniter\Model->insert([...])
 5 SYSTEMPATH\CodeIgniter.php(932): App\Controllers\RuanganController->addRuangan()
 6 SYSTEMPATH\CodeIgniter.php(497): CodeIgniter\CodeIgniter->runController(Object(App\Controllers\RuanganController))
 7 SYSTEMPATH\CodeIgniter.php(366): CodeIgniter\CodeIgniter->handleRequest(null, Object(Config\Cache), false)
 8 FCPATH\index.php(67): CodeIgniter\CodeIgniter->run()
 9 SYSTEMPATH\Commands\Server\rewrite.php(47): require_once('C:\\Users\\MUHAMMAD FAISHAL\\Documents\\GitHub\\uas_pbo_kel_3_fakultas\\public\\index.php')
CRITICAL - 2023-07-15 06:59:58 --> Allowed fields must be specified for model: "App\Models\RuanganModel"
in SYSTEMPATH\BaseModel.php on line 1242.
 1 SYSTEMPATH\BaseModel.php(1242): CodeIgniter\Database\Exceptions\DataException::forInvalidAllowedFields('App\\Models\\RuanganModel')
 2 SYSTEMPATH\BaseModel.php(757): CodeIgniter\BaseModel->doProtectFields([...])
 3 SYSTEMPATH\Model.php(730): CodeIgniter\BaseModel->insert([...], true)
 4 APPPATH\Controllers\RuanganController.php(28): CodeIgniter\Model->insert([...])
 5 SYSTEMPATH\CodeIgniter.php(932): App\Controllers\RuanganController->addRuangan()
 6 SYSTEMPATH\CodeIgniter.php(497): CodeIgniter\CodeIgniter->runController(Object(App\Controllers\RuanganController))
 7 SYSTEMPATH\CodeIgniter.php(366): CodeIgniter\CodeIgniter->handleRequest(null, Object(Config\Cache), false)
 8 FCPATH\index.php(67): CodeIgniter\CodeIgniter->run()
 9 SYSTEMPATH\Commands\Server\rewrite.php(47): require_once('C:\\Users\\MUHAMMAD FAISHAL\\Documents\\GitHub\\uas_pbo_kel_3_fakultas\\public\\index.php')
CRITICAL - 2023-07-15 07:02:01 --> Allowed fields must be specified for model: "App\Models\RuanganModel"
in SYSTEMPATH\BaseModel.php on line 1242.
 1 SYSTEMPATH\BaseModel.php(1242): CodeIgniter\Database\Exceptions\DataException::forInvalidAllowedFields('App\\Models\\RuanganModel')
 2 SYSTEMPATH\BaseModel.php(757): CodeIgniter\BaseModel->doProtectFields([...])
 3 SYSTEMPATH\Model.php(730): CodeIgniter\BaseModel->insert([...], true)
 4 APPPATH\Controllers\RuanganController.php(28): CodeIgniter\Model->insert([...])
 5 SYSTEMPATH\CodeIgniter.php(932): App\Controllers\RuanganController->addRuangan()
 6 SYSTEMPATH\CodeIgniter.php(497): CodeIgniter\CodeIgniter->runController(Object(App\Controllers\RuanganController))
 7 SYSTEMPATH\CodeIgniter.php(366): CodeIgniter\CodeIgniter->handleRequest(null, Object(Config\Cache), false)
 8 FCPATH\index.php(67): CodeIgniter\CodeIgniter->run()
 9 SYSTEMPATH\Commands\Server\rewrite.php(47): require_once('C:\\Users\\MUHAMMAD FAISHAL\\Documents\\GitHub\\uas_pbo_kel_3_fakultas\\public\\index.php')
CRITICAL - 2023-07-15 07:11:07 --> Undefined variable $data
in APPPATH\Views\ruangan_view.php on line 23.
 1 APPPATH\Views\ruangan_view.php(23): CodeIgniter\Debug\Exceptions->errorHandler(2, 'Undefined variable $data', 'C:\\Users\\MUHAMMAD FAISHAL\\Documents\\GitHub\\uas_pbo_kel_3_fakultas\\app\\Views\\ruangan_view.php', 23)
 2 SYSTEMPATH\View\View.php(224): include('C:\\Users\\MUHAMMAD FAISHAL\\Documents\\GitHub\\uas_pbo_kel_3_fakultas\\app\\Views\\ruangan_view.php')
 3 SYSTEMPATH\View\View.php(227): CodeIgniter\View\View->CodeIgniter\View\{closure}()
 4 SYSTEMPATH\Common.php(1180): CodeIgniter\View\View->render('ruangan_view', [], true)
 5 APPPATH\Controllers\RuanganController.php(16): view('ruangan_view', [...])
 6 SYSTEMPATH\CodeIgniter.php(932): App\Controllers\RuanganController->index()
 7 SYSTEMPATH\CodeIgniter.php(497): CodeIgniter\CodeIgniter->runController(Object(App\Controllers\RuanganController))
 8 SYSTEMPATH\CodeIgniter.php(366): CodeIgniter\CodeIgniter->handleRequest(null, Object(Config\Cache), false)
 9 FCPATH\index.php(67): CodeIgniter\CodeIgniter->run()
10 SYSTEMPATH\Commands\Server\rewrite.php(47): require_once('C:\\Users\\MUHAMMAD FAISHAL\\Documents\\GitHub\\uas_pbo_kel_3_fakultas\\public\\index.php')
ERROR - 2023-07-15 10:48:24 --> Error connecting to the database: mysqli_sql_exception: No connection could be made because the target machine actively refused it in C:\Users\MUHAMMAD FAISHAL\Documents\GitHub\uas_pbo_kel_3_fakultas\system\Database\MySQLi\Connection.php:174
Stack trace:
#0 C:\Users\MUHAMMAD FAISHAL\Documents\GitHub\uas_pbo_kel_3_fakultas\system\Database\MySQLi\Connection.php(174): mysqli->real_connect('localhost', 'root', '', 'fakultas', 3306, '', 0)
#1 C:\Users\MUHAMMAD FAISHAL\Documents\GitHub\uas_pbo_kel_3_fakultas\system\Database\BaseConnection.php(391): CodeIgniter\Database\MySQLi\Connection->connect(false)
#2 C:\Users\MUHAMMAD FAISHAL\Documents\GitHub\uas_pbo_kel_3_fakultas\system\Database\BaseConnection.php(574): CodeIgniter\Database\BaseConnection->initialize()
#3 C:\Users\MUHAMMAD FAISHAL\Documents\GitHub\uas_pbo_kel_3_fakultas\system\Database\BaseBuilder.php(1616): CodeIgniter\Database\BaseConnection->query('SELECT *\nFROM `...', Array, false)
#4 C:\Users\MUHAMMAD FAISHAL\Documents\GitHub\uas_pbo_kel_3_fakultas\system\Model.php(241): CodeIgniter\Database\BaseBuilder->get()
#5 C:\Users\MUHAMMAD FAISHAL\Documents\GitHub\uas_pbo_kel_3_fakultas\system\BaseModel.php(618): CodeIgniter\Model->doFindAll(0, 0)
#6 C:\Users\MUHAMMAD FAISHAL\Documents\GitHub\uas_pbo_kel_3_fakultas\app\Controllers\RuanganController.php(20): CodeIgniter\BaseModel->findAll()
#7 C:\Users\MUHAMMAD FAISHAL\Documents\GitHub\uas_pbo_kel_3_fakultas\system\CodeIgniter.php(932): App\Controllers\RuanganController->index()
#8 C:\Users\MUHAMMAD FAISHAL\Documents\GitHub\uas_pbo_kel_3_fakultas\system\CodeIgniter.php(497): CodeIgniter\CodeIgniter->runController(Object(App\Controllers\RuanganController))
#9 C:\Users\MUHAMMAD FAISHAL\Documents\GitHub\uas_pbo_kel_3_fakultas\system\CodeIgniter.php(366): CodeIgniter\CodeIgniter->handleRequest(NULL, Object(Config\Cache), false)
#10 C:\Users\MUHAMMAD FAISHAL\Documents\GitHub\uas_pbo_kel_3_fakultas\public\index.php(67): CodeIgniter\CodeIgniter->run()
#11 C:\Users\MUHAMMAD FAISHAL\Documents\GitHub\uas_pbo_kel_3_fakultas\system\Commands\Server\rewrite.php(47): require_once('C:\\Users\\MUHAMM...')
#12 {main}

Next CodeIgniter\Database\Exceptions\DatabaseException: No connection could be made because the target machine actively refused it in C:\Users\MUHAMMAD FAISHAL\Documents\GitHub\uas_pbo_kel_3_fakultas\system\Database\MySQLi\Connection.php:218
Stack trace:
#0 C:\Users\MUHAMMAD FAISHAL\Documents\GitHub\uas_pbo_kel_3_fakultas\system\Database\BaseConnection.php(391): CodeIgniter\Database\MySQLi\Connection->connect(false)
#1 C:\Users\MUHAMMAD FAISHAL\Documents\GitHub\uas_pbo_kel_3_fakultas\system\Database\BaseConnection.php(574): CodeIgniter\Database\BaseConnection->initialize()
#2 C:\Users\MUHAMMAD FAISHAL\Documents\GitHub\uas_pbo_kel_3_fakultas\system\Database\BaseBuilder.php(1616): CodeIgniter\Database\BaseConnection->query('SELECT *\nFROM `...', Array, false)
#3 C:\Users\MUHAMMAD FAISHAL\Documents\GitHub\uas_pbo_kel_3_fakultas\system\Model.php(241): CodeIgniter\Database\BaseBuilder->get()
#4 C:\Users\MUHAMMAD FAISHAL\Documents\GitHub\uas_pbo_kel_3_fakultas\system\BaseModel.php(618): CodeIgniter\Model->doFindAll(0, 0)
#5 C:\Users\MUHAMMAD FAISHAL\Documents\GitHub\uas_pbo_kel_3_fakultas\app\Controllers\RuanganController.php(20): CodeIgniter\BaseModel->findAll()
#6 C:\Users\MUHAMMAD FAISHAL\Documents\GitHub\uas_pbo_kel_3_fakultas\system\CodeIgniter.php(932): App\Controllers\RuanganController->index()
#7 C:\Users\MUHAMMAD FAISHAL\Documents\GitHub\uas_pbo_kel_3_fakultas\system\CodeIgniter.php(497): CodeIgniter\CodeIgniter->runController(Object(App\Controllers\RuanganController))
#8 C:\Users\MUHAMMAD FAISHAL\Documents\GitHub\uas_pbo_kel_3_fakultas\system\CodeIgniter.php(366): CodeIgniter\CodeIgniter->handleRequest(NULL, Object(Config\Cache), false)
#9 C:\Users\MUHAMMAD FAISHAL\Documents\GitHub\uas_pbo_kel_3_fakultas\public\index.php(67): CodeIgniter\CodeIgniter->run()
#10 C:\Users\MUHAMMAD FAISHAL\Documents\GitHub\uas_pbo_kel_3_fakultas\system\Commands\Server\rewrite.php(47): require_once('C:\\Users\\MUHAMM...')
#11 {main}
CRITICAL - 2023-07-15 10:48:24 --> Unable to connect to the database.
Main connection [MySQLi]: No connection could be made because the target machine actively refused it
in SYSTEMPATH\Database\BaseConnection.php on line 427.
 1 SYSTEMPATH\Database\BaseConnection.php(574): CodeIgniter\Database\BaseConnection->initialize()
 2 SYSTEMPATH\Database\BaseBuilder.php(1616): CodeIgniter\Database\BaseConnection->query('SELECT *
FROM `ruangan`
ORDER BY `id_ruangan` ASC', [], false)
 3 SYSTEMPATH\Model.php(241): CodeIgniter\Database\BaseBuilder->get()
 4 SYSTEMPATH\BaseModel.php(618): CodeIgniter\Model->doFindAll(0, 0)
 5 APPPATH\Controllers\RuanganController.php(20): CodeIgniter\BaseModel->findAll()
 6 SYSTEMPATH\CodeIgniter.php(932): App\Controllers\RuanganController->index()
 7 SYSTEMPATH\CodeIgniter.php(497): CodeIgniter\CodeIgniter->runController(Object(App\Controllers\RuanganController))
 8 SYSTEMPATH\CodeIgniter.php(366): CodeIgniter\CodeIgniter->handleRequest(null, Object(Config\Cache), false)
 9 FCPATH\index.php(67): CodeIgniter\CodeIgniter->run()
10 SYSTEMPATH\Commands\Server\rewrite.php(47): require_once('C:\\Users\\MUHAMMAD FAISHAL\\Documents\\GitHub\\uas_pbo_kel_3_fakultas\\public\\index.php')
ERROR - 2023-07-15 12:41:53 --> Error connecting to the database: mysqli_sql_exception: No connection could be made because the target machine actively refused it in C:\Users\MUHAMMAD FAISHAL\Documents\GitHub\uas_pbo_kel_3_fakultas\system\Database\MySQLi\Connection.php:174
Stack trace:
#0 C:\Users\MUHAMMAD FAISHAL\Documents\GitHub\uas_pbo_kel_3_fakultas\system\Database\MySQLi\Connection.php(174): mysqli->real_connect('localhost', 'root', '', 'fakultas', 3306, '', 0)
#1 C:\Users\MUHAMMAD FAISHAL\Documents\GitHub\uas_pbo_kel_3_fakultas\system\Database\BaseConnection.php(391): CodeIgniter\Database\MySQLi\Connection->connect(false)
#2 C:\Users\MUHAMMAD FAISHAL\Documents\GitHub\uas_pbo_kel_3_fakultas\system\Database\BaseConnection.php(574): CodeIgniter\Database\BaseConnection->initialize()
#3 C:\Users\MUHAMMAD FAISHAL\Documents\GitHub\uas_pbo_kel_3_fakultas\system\Database\BaseBuilder.php(1616): CodeIgniter\Database\BaseConnection->query('SELECT *\nFROM `...', Array, false)
#4 C:\Users\MUHAMMAD FAISHAL\Documents\GitHub\uas_pbo_kel_3_fakultas\system\Model.php(241): CodeIgniter\Database\BaseBuilder->get()
#5 C:\Users\MUHAMMAD FAISHAL\Documents\GitHub\uas_pbo_kel_3_fakultas\system\BaseModel.php(618): CodeIgniter\Model->doFindAll(0, 0)
#6 C:\Users\MUHAMMAD FAISHAL\Documents\GitHub\uas_pbo_kel_3_fakultas\app\Controllers\RuanganController.php(20): CodeIgniter\BaseModel->findAll()
#7 C:\Users\MUHAMMAD FAISHAL\Documents\GitHub\uas_pbo_kel_3_fakultas\system\CodeIgniter.php(932): App\Controllers\RuanganController->index()
#8 C:\Users\MUHAMMAD FAISHAL\Documents\GitHub\uas_pbo_kel_3_fakultas\system\CodeIgniter.php(497): CodeIgniter\CodeIgniter->runController(Object(App\Controllers\RuanganController))
#9 C:\Users\MUHAMMAD FAISHAL\Documents\GitHub\uas_pbo_kel_3_fakultas\system\CodeIgniter.php(366): CodeIgniter\CodeIgniter->handleRequest(NULL, Object(Config\Cache), false)
#10 C:\Users\MUHAMMAD FAISHAL\Documents\GitHub\uas_pbo_kel_3_fakultas\public\index.php(67): CodeIgniter\CodeIgniter->run()
#11 C:\Users\MUHAMMAD FAISHAL\Documents\GitHub\uas_pbo_kel_3_fakultas\system\Commands\Server\rewrite.php(47): require_once('C:\\Users\\MUHAMM...')
#12 {main}

Next CodeIgniter\Database\Exceptions\DatabaseException: No connection could be made because the target machine actively refused it in C:\Users\MUHAMMAD FAISHAL\Documents\GitHub\uas_pbo_kel_3_fakultas\system\Database\MySQLi\Connection.php:218
Stack trace:
#0 C:\Users\MUHAMMAD FAISHAL\Documents\GitHub\uas_pbo_kel_3_fakultas\system\Database\BaseConnection.php(391): CodeIgniter\Database\MySQLi\Connection->connect(false)
#1 C:\Users\MUHAMMAD FAISHAL\Documents\GitHub\uas_pbo_kel_3_fakultas\system\Database\BaseConnection.php(574): CodeIgniter\Database\BaseConnection->initialize()
#2 C:\Users\MUHAMMAD FAISHAL\Documents\GitHub\uas_pbo_kel_3_fakultas\system\Database\BaseBuilder.php(1616): CodeIgniter\Database\BaseConnection->query('SELECT *\nFROM `...', Array, false)
#3 C:\Users\MUHAMMAD FAISHAL\Documents\GitHub\uas_pbo_kel_3_fakultas\system\Model.php(241): CodeIgniter\Database\BaseBuilder->get()
#4 C:\Users\MUHAMMAD FAISHAL\Documents\GitHub\uas_pbo_kel_3_fakultas\system\BaseModel.php(618): CodeIgniter\Model->doFindAll(0, 0)
#5 C:\Users\MUHAMMAD FAISHAL\Documents\GitHub\uas_pbo_kel_3_fakultas\app\Controllers\RuanganController.php(20): CodeIgniter\BaseModel->findAll()
#6 C:\Users\MUHAMMAD FAISHAL\Documents\GitHub\uas_pbo_kel_3_fakultas\system\CodeIgniter.php(932): App\Controllers\RuanganController->index()
#7 C:\Users\MUHAMMAD FAISHAL\Documents\GitHub\uas_pbo_kel_3_fakultas\system\CodeIgniter.php(497): CodeIgniter\CodeIgniter->runController(Object(App\Controllers\RuanganController))
#8 C:\Users\MUHAMMAD FAISHAL\Documents\GitHub\uas_pbo_kel_3_fakultas\system\CodeIgniter.php(366): CodeIgniter\CodeIgniter->handleRequest(NULL, Object(Config\Cache), false)
#9 C:\Users\MUHAMMAD FAISHAL\Documents\GitHub\uas_pbo_kel_3_fakultas\public\index.php(67): CodeIgniter\CodeIgniter->run()
#10 C:\Users\MUHAMMAD FAISHAL\Documents\GitHub\uas_pbo_kel_3_fakultas\system\Commands\Server\rewrite.php(47): require_once('C:\\Users\\MUHAMM...')
#11 {main}
CRITICAL - 2023-07-15 12:41:53 --> Unable to connect to the database.
Main connection [MySQLi]: No connection could be made because the target machine actively refused it
in SYSTEMPATH\Database\BaseConnection.php on line 427.
 1 SYSTEMPATH\Database\BaseConnection.php(574): CodeIgniter\Database\BaseConnection->initialize()
 2 SYSTEMPATH\Database\BaseBuilder.php(1616): CodeIgniter\Database\BaseConnection->query('SELECT *
FROM `ruangan`
ORDER BY `id_ruangan` ASC', [], false)
 3 SYSTEMPATH\Model.php(241): CodeIgniter\Database\BaseBuilder->get()
 4 SYSTEMPATH\BaseModel.php(618): CodeIgniter\Model->doFindAll(0, 0)
 5 APPPATH\Controllers\RuanganController.php(20): CodeIgniter\BaseModel->findAll()
 6 SYSTEMPATH\CodeIgniter.php(932): App\Controllers\RuanganController->index()
 7 SYSTEMPATH\CodeIgniter.php(497): CodeIgniter\CodeIgniter->runController(Object(App\Controllers\RuanganController))
 8 SYSTEMPATH\CodeIgniter.php(366): CodeIgniter\CodeIgniter->handleRequest(null, Object(Config\Cache), false)
 9 FCPATH\index.php(67): CodeIgniter\CodeIgniter->run()
10 SYSTEMPATH\Commands\Server\rewrite.php(47): require_once('C:\\Users\\MUHAMMAD FAISHAL\\Documents\\GitHub\\uas_pbo_kel_3_fakultas\\public\\index.php')
CRITICAL - 2023-07-15 12:42:00 --> Undefined array key "id"
in APPPATH\Views\ruangan_view.php on line 29.
 1 APPPATH\Views\ruangan_view.php(29): CodeIgniter\Debug\Exceptions->errorHandler(2, 'Undefined array key "id"', 'C:\\Users\\MUHAMMAD FAISHAL\\Documents\\GitHub\\uas_pbo_kel_3_fakultas\\app\\Views\\ruangan_view.php', 29)
 2 SYSTEMPATH\View\View.php(224): include('C:\\Users\\MUHAMMAD FAISHAL\\Documents\\GitHub\\uas_pbo_kel_3_fakultas\\app\\Views\\ruangan_view.php')
 3 SYSTEMPATH\View\View.php(227): CodeIgniter\View\View->CodeIgniter\View\{closure}()
 4 SYSTEMPATH\Common.php(1180): CodeIgniter\View\View->render('ruangan_view', [], true)
 5 APPPATH\Controllers\RuanganController.php(21): view('ruangan_view', [...])
 6 SYSTEMPATH\CodeIgniter.php(932): App\Controllers\RuanganController->index()
 7 SYSTEMPATH\CodeIgniter.php(497): CodeIgniter\CodeIgniter->runController(Object(App\Controllers\RuanganController))
 8 SYSTEMPATH\CodeIgniter.php(366): CodeIgniter\CodeIgniter->handleRequest(null, Object(Config\Cache), false)
 9 FCPATH\index.php(67): CodeIgniter\CodeIgniter->run()
10 SYSTEMPATH\Commands\Server\rewrite.php(47): require_once('C:\\Users\\MUHAMMAD FAISHAL\\Documents\\GitHub\\uas_pbo_kel_3_fakultas\\public\\index.php')
CRITICAL - 2023-07-15 12:42:04 --> Undefined array key "id"
in APPPATH\Views\ruangan_view.php on line 29.
 1 APPPATH\Views\ruangan_view.php(29): CodeIgniter\Debug\Exceptions->errorHandler(2, 'Undefined array key "id"', 'C:\\Users\\MUHAMMAD FAISHAL\\Documents\\GitHub\\uas_pbo_kel_3_fakultas\\app\\Views\\ruangan_view.php', 29)
 2 SYSTEMPATH\View\View.php(224): include('C:\\Users\\MUHAMMAD FAISHAL\\Documents\\GitHub\\uas_pbo_kel_3_fakultas\\app\\Views\\ruangan_view.php')
 3 SYSTEMPATH\View\View.php(227): CodeIgniter\View\View->CodeIgniter\View\{closure}()
 4 SYSTEMPATH\Common.php(1180): CodeIgniter\View\View->render('ruangan_view', [], true)
 5 APPPATH\Controllers\RuanganController.php(21): view('ruangan_view', [...])
 6 SYSTEMPATH\CodeIgniter.php(932): App\Controllers\RuanganController->index()
 7 SYSTEMPATH\CodeIgniter.php(497): CodeIgniter\CodeIgniter->runController(Object(App\Controllers\RuanganController))
 8 SYSTEMPATH\CodeIgniter.php(366): CodeIgniter\CodeIgniter->handleRequest(null, Object(Config\Cache), false)
 9 FCPATH\index.php(67): CodeIgniter\CodeIgniter->run()
10 SYSTEMPATH\Commands\Server\rewrite.php(47): require_once('C:\\Users\\MUHAMMAD FAISHAL\\Documents\\GitHub\\uas_pbo_kel_3_fakultas\\public\\index.php')
INFO - 2023-07-15 12:45:04 --> Session: Class initialized using 'CodeIgniter\Session\Handlers\FileHandler' driver.
INFO - 2023-07-15 12:45:07 --> Session: Class initialized using 'CodeIgniter\Session\Handlers\FileHandler' driver.
INFO - 2023-07-15 12:45:10 --> Session: Class initialized using 'CodeIgniter\Session\Handlers\FileHandler' driver.
INFO - 2023-07-15 12:45:17 --> Session: Class initialized using 'CodeIgniter\Session\Handlers\FileHandler' driver.
INFO - 2023-07-15 12:46:05 --> Session: Class initialized using 'CodeIgniter\Session\Handlers\FileHandler' driver.
INFO - 2023-07-15 12:46:10 --> Session: Class initialized using 'CodeIgniter\Session\Handlers\FileHandler' driver.
ERROR - 2023-07-15 15:39:10 --> mysqli_sql_exception: You have an error in your SQL syntax; check the manual that corresponds to your MariaDB server version for the right syntax to use near ':3:
 LIMIT 1' at line 3 in C:\Users\MUHAMMAD FAISHAL\Documents\GitHub\uas_pbo_kel_3_fakultas\system\Database\MySQLi\Connection.php:295
Stack trace:
#0 C:\Users\MUHAMMAD FAISHAL\Documents\GitHub\uas_pbo_kel_3_fakultas\system\Database\MySQLi\Connection.php(295): mysqli->query('SELECT *\nFROM `...', 0)
#1 C:\Users\MUHAMMAD FAISHAL\Documents\GitHub\uas_pbo_kel_3_fakultas\system\Database\BaseConnection.php(692): CodeIgniter\Database\MySQLi\Connection->execute('SELECT *\nFROM `...')
#2 C:\Users\MUHAMMAD FAISHAL\Documents\GitHub\uas_pbo_kel_3_fakultas\system\Database\BaseConnection.php(606): CodeIgniter\Database\BaseConnection->simpleQuery('SELECT *\nFROM `...')
#3 C:\Users\MUHAMMAD FAISHAL\Documents\GitHub\uas_pbo_kel_3_fakultas\system\Database\BaseBuilder.php(1616): CodeIgniter\Database\BaseConnection->query('SELECT *\nFROM `...', Array, false)
#4 C:\Users\MUHAMMAD FAISHAL\Documents\GitHub\uas_pbo_kel_3_fakultas\system\Model.php(268): CodeIgniter\Database\BaseBuilder->get()
#5 C:\Users\MUHAMMAD FAISHAL\Documents\GitHub\uas_pbo_kel_3_fakultas\system\BaseModel.php(656): CodeIgniter\Model->doFirst()
#6 C:\Users\MUHAMMAD FAISHAL\Documents\GitHub\uas_pbo_kel_3_fakultas\app\Controllers\RuanganController.php(43): CodeIgniter\BaseModel->first()
#7 C:\Users\MUHAMMAD FAISHAL\Documents\GitHub\uas_pbo_kel_3_fakultas\system\CodeIgniter.php(932): App\Controllers\RuanganController->editRuangan('3')
#8 C:\Users\MUHAMMAD FAISHAL\Documents\GitHub\uas_pbo_kel_3_fakultas\system\CodeIgniter.php(497): CodeIgniter\CodeIgniter->runController(Object(App\Controllers\RuanganController))
#9 C:\Users\MUHAMMAD FAISHAL\Documents\GitHub\uas_pbo_kel_3_fakultas\system\CodeIgniter.php(366): CodeIgniter\CodeIgniter->handleRequest(NULL, Object(Config\Cache), false)
#10 C:\Users\MUHAMMAD FAISHAL\Documents\GitHub\uas_pbo_kel_3_fakultas\public\index.php(67): CodeIgniter\CodeIgniter->run()
#11 C:\Users\MUHAMMAD FAISHAL\Documents\GitHub\uas_pbo_kel_3_fakultas\system\Commands\Server\rewrite.php(47): require_once('C:\\Users\\MUHAMM...')
#12 {main}
CRITICAL - 2023-07-15 15:39:10 --> You have an error in your SQL syntax; check the manual that corresponds to your MariaDB server version for the right syntax to use near ':3:
 LIMIT 1' at line 3
in SYSTEMPATH\Database\MySQLi\Connection.php on line 295.
 1 SYSTEMPATH\Database\MySQLi\Connection.php(295): mysqli->query('SELECT *
FROM `ruangan`
WHERE 3 = :3:
 LIMIT 1', 0)
 2 SYSTEMPATH\Database\BaseConnection.php(692): CodeIgniter\Database\MySQLi\Connection->execute('SELECT *
FROM `ruangan`
WHERE 3 = :3:
 LIMIT 1')
 3 SYSTEMPATH\Database\BaseConnection.php(606): CodeIgniter\Database\BaseConnection->simpleQuery('SELECT *
FROM `ruangan`
WHERE 3 = :3:
 LIMIT 1')
 4 SYSTEMPATH\Database\BaseBuilder.php(1616): CodeIgniter\Database\BaseConnection->query('SELECT *
FROM `ruangan`
WHERE 3 = :3:
 LIMIT 1', [...], false)
 5 SYSTEMPATH\Model.php(268): CodeIgniter\Database\BaseBuilder->get()
 6 SYSTEMPATH\BaseModel.php(656): CodeIgniter\Model->doFirst()
 7 APPPATH\Controllers\RuanganController.php(43): CodeIgniter\BaseModel->first()
 8 SYSTEMPATH\CodeIgniter.php(932): App\Controllers\RuanganController->editRuangan('3')
 9 SYSTEMPATH\CodeIgniter.php(497): CodeIgniter\CodeIgniter->runController(Object(App\Controllers\RuanganController))
10 SYSTEMPATH\CodeIgniter.php(366): CodeIgniter\CodeIgniter->handleRequest(null, Object(Config\Cache), false)
11 FCPATH\index.php(67): CodeIgniter\CodeIgniter->run()
12 SYSTEMPATH\Commands\Server\rewrite.php(47): require_once('C:\\Users\\MUHAMMAD FAISHAL\\Documents\\GitHub\\uas_pbo_kel_3_fakultas\\public\\index.php')
ERROR - 2023-07-15 15:40:42 --> mysqli_sql_exception: You have an error in your SQL syntax; check the manual that corresponds to your MariaDB server version for the right syntax to use near ':nama_ruangan:
WHERE 3 = :3:
AND `ruangan`.`id_ruangan` IN :ruangan.id_ruangan:' at line 1 in C:\Users\MUHAMMAD FAISHAL\Documents\GitHub\uas_pbo_kel_3_fakultas\system\Database\MySQLi\Connection.php:295
Stack trace:
#0 C:\Users\MUHAMMAD FAISHAL\Documents\GitHub\uas_pbo_kel_3_fakultas\system\Database\MySQLi\Connection.php(295): mysqli->query('UPDATE `ruangan...', 0)
#1 C:\Users\MUHAMMAD FAISHAL\Documents\GitHub\uas_pbo_kel_3_fakultas\system\Database\BaseConnection.php(692): CodeIgniter\Database\MySQLi\Connection->execute('UPDATE `ruangan...')
#2 C:\Users\MUHAMMAD FAISHAL\Documents\GitHub\uas_pbo_kel_3_fakultas\system\Database\BaseConnection.php(606): CodeIgniter\Database\BaseConnection->simpleQuery('UPDATE `ruangan...')
#3 C:\Users\MUHAMMAD FAISHAL\Documents\GitHub\uas_pbo_kel_3_fakultas\system\Database\BaseBuilder.php(2476): CodeIgniter\Database\BaseConnection->query('UPDATE `ruangan...', Array, false)
#4 C:\Users\MUHAMMAD FAISHAL\Documents\GitHub\uas_pbo_kel_3_fakultas\system\Model.php(396): CodeIgniter\Database\BaseBuilder->update()
#5 C:\Users\MUHAMMAD FAISHAL\Documents\GitHub\uas_pbo_kel_3_fakultas\system\BaseModel.php(943): CodeIgniter\Model->doUpdate(Array, Array)
#6 C:\Users\MUHAMMAD FAISHAL\Documents\GitHub\uas_pbo_kel_3_fakultas\system\Model.php(756): CodeIgniter\BaseModel->update(Array, Array)
#7 C:\Users\MUHAMMAD FAISHAL\Documents\GitHub\uas_pbo_kel_3_fakultas\app\Controllers\RuanganController.php(53): CodeIgniter\Model->update('3', Array)
#8 C:\Users\MUHAMMAD FAISHAL\Documents\GitHub\uas_pbo_kel_3_fakultas\system\CodeIgniter.php(932): App\Controllers\RuanganController->editRuangan('3')
#9 C:\Users\MUHAMMAD FAISHAL\Documents\GitHub\uas_pbo_kel_3_fakultas\system\CodeIgniter.php(497): CodeIgniter\CodeIgniter->runController(Object(App\Controllers\RuanganController))
#10 C:\Users\MUHAMMAD FAISHAL\Documents\GitHub\uas_pbo_kel_3_fakultas\system\CodeIgniter.php(366): CodeIgniter\CodeIgniter->handleRequest(NULL, Object(Config\Cache), false)
#11 C:\Users\MUHAMMAD FAISHAL\Documents\GitHub\uas_pbo_kel_3_fakultas\public\index.php(67): CodeIgniter\CodeIgniter->run()
#12 C:\Users\MUHAMMAD FAISHAL\Documents\GitHub\uas_pbo_kel_3_fakultas\system\Commands\Server\rewrite.php(47): require_once('C:\\Users\\MUHAMM...')
#13 {main}
CRITICAL - 2023-07-15 15:40:42 --> You have an error in your SQL syntax; check the manual that corresponds to your MariaDB server version for the right syntax to use near ':nama_ruangan:
WHERE 3 = :3:
AND `ruangan`.`id_ruangan` IN :ruangan.id_ruangan:' at line 1
in SYSTEMPATH\Database\MySQLi\Connection.php on line 295.
 1 SYSTEMPATH\Database\MySQLi\Connection.php(295): mysqli->query('UPDATE `ruangan` SET `nama_ruangan` = :nama_ruangan:
WHERE 3 = :3:
AND `ruangan`.`id_ruangan` IN :ruangan.id_ruangan:', 0)
 2 SYSTEMPATH\Database\BaseConnection.php(692): CodeIgniter\Database\MySQLi\Connection->execute('UPDATE `ruangan` SET `nama_ruangan` = :nama_ruangan:
WHERE 3 = :3:
AND `ruangan`.`id_ruangan` IN :ruangan.id_ruangan:')
 3 SYSTEMPATH\Database\BaseConnection.php(606): CodeIgniter\Database\BaseConnection->simpleQuery('UPDATE `ruangan` SET `nama_ruangan` = :nama_ruangan:
WHERE 3 = :3:
AND `ruangan`.`id_ruangan` IN :ruangan.id_ruangan:')
 4 SYSTEMPATH\Database\BaseBuilder.php(2476): CodeIgniter\Database\BaseConnection->query('UPDATE `ruangan` SET `nama_ruangan` = :nama_ruangan:
WHERE 3 = :3:
AND `ruangan`.`id_ruangan` IN :ruangan.id_ruangan:', [...], false)
 5 SYSTEMPATH\Model.php(396): CodeIgniter\Database\BaseBuilder->update()
 6 SYSTEMPATH\BaseModel.php(943): CodeIgniter\Model->doUpdate([...], [...])
 7 SYSTEMPATH\Model.php(756): CodeIgniter\BaseModel->update([...], [...])
 8 APPPATH\Controllers\RuanganController.php(53): CodeIgniter\Model->update('3', [...])
 9 SYSTEMPATH\CodeIgniter.php(932): App\Controllers\RuanganController->editRuangan('3')
10 SYSTEMPATH\CodeIgniter.php(497): CodeIgniter\CodeIgniter->runController(Object(App\Controllers\RuanganController))
11 SYSTEMPATH\CodeIgniter.php(366): CodeIgniter\CodeIgniter->handleRequest(null, Object(Config\Cache), false)
12 FCPATH\index.php(67): CodeIgniter\CodeIgniter->run()
13 SYSTEMPATH\Commands\Server\rewrite.php(47): require_once('C:\\Users\\MUHAMMAD FAISHAL\\Documents\\GitHub\\uas_pbo_kel_3_fakultas\\public\\index.php')
ERROR - 2023-07-15 15:40:45 --> mysqli_sql_exception: You have an error in your SQL syntax; check the manual that corresponds to your MariaDB server version for the right syntax to use near ':nama_ruangan:
WHERE 3 = :3:
AND `ruangan`.`id_ruangan` IN :ruangan.id_ruangan:' at line 1 in C:\Users\MUHAMMAD FAISHAL\Documents\GitHub\uas_pbo_kel_3_fakultas\system\Database\MySQLi\Connection.php:295
Stack trace:
#0 C:\Users\MUHAMMAD FAISHAL\Documents\GitHub\uas_pbo_kel_3_fakultas\system\Database\MySQLi\Connection.php(295): mysqli->query('UPDATE `ruangan...', 0)
#1 C:\Users\MUHAMMAD FAISHAL\Documents\GitHub\uas_pbo_kel_3_fakultas\system\Database\BaseConnection.php(692): CodeIgniter\Database\MySQLi\Connection->execute('UPDATE `ruangan...')
#2 C:\Users\MUHAMMAD FAISHAL\Documents\GitHub\uas_pbo_kel_3_fakultas\system\Database\BaseConnection.php(606): CodeIgniter\Database\BaseConnection->simpleQuery('UPDATE `ruangan...')
#3 C:\Users\MUHAMMAD FAISHAL\Documents\GitHub\uas_pbo_kel_3_fakultas\system\Database\BaseBuilder.php(2476): CodeIgniter\Database\BaseConnection->query('UPDATE `ruangan...', Array, false)
#4 C:\Users\MUHAMMAD FAISHAL\Documents\GitHub\uas_pbo_kel_3_fakultas\system\Model.php(396): CodeIgniter\Database\BaseBuilder->update()
#5 C:\Users\MUHAMMAD FAISHAL\Documents\GitHub\uas_pbo_kel_3_fakultas\system\BaseModel.php(943): CodeIgniter\Model->doUpdate(Array, Array)
#6 C:\Users\MUHAMMAD FAISHAL\Documents\GitHub\uas_pbo_kel_3_fakultas\system\Model.php(756): CodeIgniter\BaseModel->update(Array, Array)
#7 C:\Users\MUHAMMAD FAISHAL\Documents\GitHub\uas_pbo_kel_3_fakultas\app\Controllers\RuanganController.php(53): CodeIgniter\Model->update('3', Array)
#8 C:\Users\MUHAMMAD FAISHAL\Documents\GitHub\uas_pbo_kel_3_fakultas\system\CodeIgniter.php(932): App\Controllers\RuanganController->editRuangan('3')
#9 C:\Users\MUHAMMAD FAISHAL\Documents\GitHub\uas_pbo_kel_3_fakultas\system\CodeIgniter.php(497): CodeIgniter\CodeIgniter->runController(Object(App\Controllers\RuanganController))
#10 C:\Users\MUHAMMAD FAISHAL\Documents\GitHub\uas_pbo_kel_3_fakultas\system\CodeIgniter.php(366): CodeIgniter\CodeIgniter->handleRequest(NULL, Object(Config\Cache), false)
#11 C:\Users\MUHAMMAD FAISHAL\Documents\GitHub\uas_pbo_kel_3_fakultas\public\index.php(67): CodeIgniter\CodeIgniter->run()
#12 C:\Users\MUHAMMAD FAISHAL\Documents\GitHub\uas_pbo_kel_3_fakultas\system\Commands\Server\rewrite.php(47): require_once('C:\\Users\\MUHAMM...')
#13 {main}
CRITICAL - 2023-07-15 15:40:45 --> You have an error in your SQL syntax; check the manual that corresponds to your MariaDB server version for the right syntax to use near ':nama_ruangan:
WHERE 3 = :3:
AND `ruangan`.`id_ruangan` IN :ruangan.id_ruangan:' at line 1
in SYSTEMPATH\Database\MySQLi\Connection.php on line 295.
 1 SYSTEMPATH\Database\MySQLi\Connection.php(295): mysqli->query('UPDATE `ruangan` SET `nama_ruangan` = :nama_ruangan:
WHERE 3 = :3:
AND `ruangan`.`id_ruangan` IN :ruangan.id_ruangan:', 0)
 2 SYSTEMPATH\Database\BaseConnection.php(692): CodeIgniter\Database\MySQLi\Connection->execute('UPDATE `ruangan` SET `nama_ruangan` = :nama_ruangan:
WHERE 3 = :3:
AND `ruangan`.`id_ruangan` IN :ruangan.id_ruangan:')
 3 SYSTEMPATH\Database\BaseConnection.php(606): CodeIgniter\Database\BaseConnection->simpleQuery('UPDATE `ruangan` SET `nama_ruangan` = :nama_ruangan:
WHERE 3 = :3:
AND `ruangan`.`id_ruangan` IN :ruangan.id_ruangan:')
 4 SYSTEMPATH\Database\BaseBuilder.php(2476): CodeIgniter\Database\BaseConnection->query('UPDATE `ruangan` SET `nama_ruangan` = :nama_ruangan:
WHERE 3 = :3:
AND `ruangan`.`id_ruangan` IN :ruangan.id_ruangan:', [...], false)
 5 SYSTEMPATH\Model.php(396): CodeIgniter\Database\BaseBuilder->update()
 6 SYSTEMPATH\BaseModel.php(943): CodeIgniter\Model->doUpdate([...], [...])
 7 SYSTEMPATH\Model.php(756): CodeIgniter\BaseModel->update([...], [...])
 8 APPPATH\Controllers\RuanganController.php(53): CodeIgniter\Model->update('3', [...])
 9 SYSTEMPATH\CodeIgniter.php(932): App\Controllers\RuanganController->editRuangan('3')
10 SYSTEMPATH\CodeIgniter.php(497): CodeIgniter\CodeIgniter->runController(Object(App\Controllers\RuanganController))
11 SYSTEMPATH\CodeIgniter.php(366): CodeIgniter\CodeIgniter->handleRequest(null, Object(Config\Cache), false)
12 FCPATH\index.php(67): CodeIgniter\CodeIgniter->run()
13 SYSTEMPATH\Commands\Server\rewrite.php(47): require_once('C:\\Users\\MUHAMMAD FAISHAL\\Documents\\GitHub\\uas_pbo_kel_3_fakultas\\public\\index.php')
ERROR - 2023-07-15 15:41:17 --> mysqli_sql_exception: You have an error in your SQL syntax; check the manual that corresponds to your MariaDB server version for the right syntax to use near ':nama_ruangan:
WHERE 3 = :3:
AND `ruangan`.`id_ruangan` IN :ruangan.id_ruangan:' at line 1 in C:\Users\MUHAMMAD FAISHAL\Documents\GitHub\uas_pbo_kel_3_fakultas\system\Database\MySQLi\Connection.php:295
Stack trace:
#0 C:\Users\MUHAMMAD FAISHAL\Documents\GitHub\uas_pbo_kel_3_fakultas\system\Database\MySQLi\Connection.php(295): mysqli->query('UPDATE `ruangan...', 0)
#1 C:\Users\MUHAMMAD FAISHAL\Documents\GitHub\uas_pbo_kel_3_fakultas\system\Database\BaseConnection.php(692): CodeIgniter\Database\MySQLi\Connection->execute('UPDATE `ruangan...')
#2 C:\Users\MUHAMMAD FAISHAL\Documents\GitHub\uas_pbo_kel_3_fakultas\system\Database\BaseConnection.php(606): CodeIgniter\Database\BaseConnection->simpleQuery('UPDATE `ruangan...')
#3 C:\Users\MUHAMMAD FAISHAL\Documents\GitHub\uas_pbo_kel_3_fakultas\system\Database\BaseBuilder.php(2476): CodeIgniter\Database\BaseConnection->query('UPDATE `ruangan...', Array, false)
#4 C:\Users\MUHAMMAD FAISHAL\Documents\GitHub\uas_pbo_kel_3_fakultas\system\Model.php(396): CodeIgniter\Database\BaseBuilder->update()
#5 C:\Users\MUHAMMAD FAISHAL\Documents\GitHub\uas_pbo_kel_3_fakultas\system\BaseModel.php(943): CodeIgniter\Model->doUpdate(Array, Array)
#6 C:\Users\MUHAMMAD FAISHAL\Documents\GitHub\uas_pbo_kel_3_fakultas\system\Model.php(756): CodeIgniter\BaseModel->update(Array, Array)
#7 C:\Users\MUHAMMAD FAISHAL\Documents\GitHub\uas_pbo_kel_3_fakultas\app\Controllers\RuanganController.php(53): CodeIgniter\Model->update('3', Array)
#8 C:\Users\MUHAMMAD FAISHAL\Documents\GitHub\uas_pbo_kel_3_fakultas\system\CodeIgniter.php(932): App\Controllers\RuanganController->editRuangan('3')
#9 C:\Users\MUHAMMAD FAISHAL\Documents\GitHub\uas_pbo_kel_3_fakultas\system\CodeIgniter.php(497): CodeIgniter\CodeIgniter->runController(Object(App\Controllers\RuanganController))
#10 C:\Users\MUHAMMAD FAISHAL\Documents\GitHub\uas_pbo_kel_3_fakultas\system\CodeIgniter.php(366): CodeIgniter\CodeIgniter->handleRequest(NULL, Object(Config\Cache), false)
#11 C:\Users\MUHAMMAD FAISHAL\Documents\GitHub\uas_pbo_kel_3_fakultas\public\index.php(67): CodeIgniter\CodeIgniter->run()
#12 C:\Users\MUHAMMAD FAISHAL\Documents\GitHub\uas_pbo_kel_3_fakultas\system\Commands\Server\rewrite.php(47): require_once('C:\\Users\\MUHAMM...')
#13 {main}
CRITICAL - 2023-07-15 15:41:17 --> You have an error in your SQL syntax; check the manual that corresponds to your MariaDB server version for the right syntax to use near ':nama_ruangan:
WHERE 3 = :3:
AND `ruangan`.`id_ruangan` IN :ruangan.id_ruangan:' at line 1
in SYSTEMPATH\Database\MySQLi\Connection.php on line 295.
 1 SYSTEMPATH\Database\MySQLi\Connection.php(295): mysqli->query('UPDATE `ruangan` SET `nama_ruangan` = :nama_ruangan:
WHERE 3 = :3:
AND `ruangan`.`id_ruangan` IN :ruangan.id_ruangan:', 0)
 2 SYSTEMPATH\Database\BaseConnection.php(692): CodeIgniter\Database\MySQLi\Connection->execute('UPDATE `ruangan` SET `nama_ruangan` = :nama_ruangan:
WHERE 3 = :3:
AND `ruangan`.`id_ruangan` IN :ruangan.id_ruangan:')
 3 SYSTEMPATH\Database\BaseConnection.php(606): CodeIgniter\Database\BaseConnection->simpleQuery('UPDATE `ruangan` SET `nama_ruangan` = :nama_ruangan:
WHERE 3 = :3:
AND `ruangan`.`id_ruangan` IN :ruangan.id_ruangan:')
 4 SYSTEMPATH\Database\BaseBuilder.php(2476): CodeIgniter\Database\BaseConnection->query('UPDATE `ruangan` SET `nama_ruangan` = :nama_ruangan:
WHERE 3 = :3:
AND `ruangan`.`id_ruangan` IN :ruangan.id_ruangan:', [...], false)
 5 SYSTEMPATH\Model.php(396): CodeIgniter\Database\BaseBuilder->update()
 6 SYSTEMPATH\BaseModel.php(943): CodeIgniter\Model->doUpdate([...], [...])
 7 SYSTEMPATH\Model.php(756): CodeIgniter\BaseModel->update([...], [...])
 8 APPPATH\Controllers\RuanganController.php(53): CodeIgniter\Model->update('3', [...])
 9 SYSTEMPATH\CodeIgniter.php(932): App\Controllers\RuanganController->editRuangan('3')
10 SYSTEMPATH\CodeIgniter.php(497): CodeIgniter\CodeIgniter->runController(Object(App\Controllers\RuanganController))
11 SYSTEMPATH\CodeIgniter.php(366): CodeIgniter\CodeIgniter->handleRequest(null, Object(Config\Cache), false)
12 FCPATH\index.php(67): CodeIgniter\CodeIgniter->run()
13 SYSTEMPATH\Commands\Server\rewrite.php(47): require_once('C:\\Users\\MUHAMMAD FAISHAL\\Documents\\GitHub\\uas_pbo_kel_3_fakultas\\public\\index.php')
ERROR - 2023-07-15 15:41:20 --> mysqli_sql_exception: You have an error in your SQL syntax; check the manual that corresponds to your MariaDB server version for the right syntax to use near ':nama_ruangan:
WHERE 3 = :3:
AND `ruangan`.`id_ruangan` IN :ruangan.id_ruangan:' at line 1 in C:\Users\MUHAMMAD FAISHAL\Documents\GitHub\uas_pbo_kel_3_fakultas\system\Database\MySQLi\Connection.php:295
Stack trace:
#0 C:\Users\MUHAMMAD FAISHAL\Documents\GitHub\uas_pbo_kel_3_fakultas\system\Database\MySQLi\Connection.php(295): mysqli->query('UPDATE `ruangan...', 0)
#1 C:\Users\MUHAMMAD FAISHAL\Documents\GitHub\uas_pbo_kel_3_fakultas\system\Database\BaseConnection.php(692): CodeIgniter\Database\MySQLi\Connection->execute('UPDATE `ruangan...')
#2 C:\Users\MUHAMMAD FAISHAL\Documents\GitHub\uas_pbo_kel_3_fakultas\system\Database\BaseConnection.php(606): CodeIgniter\Database\BaseConnection->simpleQuery('UPDATE `ruangan...')
#3 C:\Users\MUHAMMAD FAISHAL\Documents\GitHub\uas_pbo_kel_3_fakultas\system\Database\BaseBuilder.php(2476): CodeIgniter\Database\BaseConnection->query('UPDATE `ruangan...', Array, false)
#4 C:\Users\MUHAMMAD FAISHAL\Documents\GitHub\uas_pbo_kel_3_fakultas\system\Model.php(396): CodeIgniter\Database\BaseBuilder->update()
#5 C:\Users\MUHAMMAD FAISHAL\Documents\GitHub\uas_pbo_kel_3_fakultas\system\BaseModel.php(943): CodeIgniter\Model->doUpdate(Array, Array)
#6 C:\Users\MUHAMMAD FAISHAL\Documents\GitHub\uas_pbo_kel_3_fakultas\system\Model.php(756): CodeIgniter\BaseModel->update(Array, Array)
#7 C:\Users\MUHAMMAD FAISHAL\Documents\GitHub\uas_pbo_kel_3_fakultas\app\Controllers\RuanganController.php(53): CodeIgniter\Model->update('3', Array)
#8 C:\Users\MUHAMMAD FAISHAL\Documents\GitHub\uas_pbo_kel_3_fakultas\system\CodeIgniter.php(932): App\Controllers\RuanganController->editRuangan('3')
#9 C:\Users\MUHAMMAD FAISHAL\Documents\GitHub\uas_pbo_kel_3_fakultas\system\CodeIgniter.php(497): CodeIgniter\CodeIgniter->runController(Object(App\Controllers\RuanganController))
#10 C:\Users\MUHAMMAD FAISHAL\Documents\GitHub\uas_pbo_kel_3_fakultas\system\CodeIgniter.php(366): CodeIgniter\CodeIgniter->handleRequest(NULL, Object(Config\Cache), false)
#11 C:\Users\MUHAMMAD FAISHAL\Documents\GitHub\uas_pbo_kel_3_fakultas\public\index.php(67): CodeIgniter\CodeIgniter->run()
#12 C:\Users\MUHAMMAD FAISHAL\Documents\GitHub\uas_pbo_kel_3_fakultas\system\Commands\Server\rewrite.php(47): require_once('C:\\Users\\MUHAMM...')
#13 {main}
CRITICAL - 2023-07-15 15:41:20 --> You have an error in your SQL syntax; check the manual that corresponds to your MariaDB server version for the right syntax to use near ':nama_ruangan:
WHERE 3 = :3:
AND `ruangan`.`id_ruangan` IN :ruangan.id_ruangan:' at line 1
in SYSTEMPATH\Database\MySQLi\Connection.php on line 295.
 1 SYSTEMPATH\Database\MySQLi\Connection.php(295): mysqli->query('UPDATE `ruangan` SET `nama_ruangan` = :nama_ruangan:
WHERE 3 = :3:
AND `ruangan`.`id_ruangan` IN :ruangan.id_ruangan:', 0)
 2 SYSTEMPATH\Database\BaseConnection.php(692): CodeIgniter\Database\MySQLi\Connection->execute('UPDATE `ruangan` SET `nama_ruangan` = :nama_ruangan:
WHERE 3 = :3:
AND `ruangan`.`id_ruangan` IN :ruangan.id_ruangan:')
 3 SYSTEMPATH\Database\BaseConnection.php(606): CodeIgniter\Database\BaseConnection->simpleQuery('UPDATE `ruangan` SET `nama_ruangan` = :nama_ruangan:
WHERE 3 = :3:
AND `ruangan`.`id_ruangan` IN :ruangan.id_ruangan:')
 4 SYSTEMPATH\Database\BaseBuilder.php(2476): CodeIgniter\Database\BaseConnection->query('UPDATE `ruangan` SET `nama_ruangan` = :nama_ruangan:
WHERE 3 = :3:
AND `ruangan`.`id_ruangan` IN :ruangan.id_ruangan:', [...], false)
 5 SYSTEMPATH\Model.php(396): CodeIgniter\Database\BaseBuilder->update()
 6 SYSTEMPATH\BaseModel.php(943): CodeIgniter\Model->doUpdate([...], [...])
 7 SYSTEMPATH\Model.php(756): CodeIgniter\BaseModel->update([...], [...])
 8 APPPATH\Controllers\RuanganController.php(53): CodeIgniter\Model->update('3', [...])
 9 SYSTEMPATH\CodeIgniter.php(932): App\Controllers\RuanganController->editRuangan('3')
10 SYSTEMPATH\CodeIgniter.php(497): CodeIgniter\CodeIgniter->runController(Object(App\Controllers\RuanganController))
11 SYSTEMPATH\CodeIgniter.php(366): CodeIgniter\CodeIgniter->handleRequest(null, Object(Config\Cache), false)
12 FCPATH\index.php(67): CodeIgniter\CodeIgniter->run()
13 SYSTEMPATH\Commands\Server\rewrite.php(47): require_once('C:\\Users\\MUHAMMAD FAISHAL\\Documents\\GitHub\\uas_pbo_kel_3_fakultas\\public\\index.php')
ERROR - 2023-07-15 15:42:05 --> mysqli_sql_exception: You have an error in your SQL syntax; check the manual that corresponds to your MariaDB server version for the right syntax to use near ':3:
 LIMIT 1' at line 3 in C:\Users\MUHAMMAD FAISHAL\Documents\GitHub\uas_pbo_kel_3_fakultas\system\Database\MySQLi\Connection.php:295
Stack trace:
#0 C:\Users\MUHAMMAD FAISHAL\Documents\GitHub\uas_pbo_kel_3_fakultas\system\Database\MySQLi\Connection.php(295): mysqli->query('SELECT *\nFROM `...', 0)
#1 C:\Users\MUHAMMAD FAISHAL\Documents\GitHub\uas_pbo_kel_3_fakultas\system\Database\BaseConnection.php(692): CodeIgniter\Database\MySQLi\Connection->execute('SELECT *\nFROM `...')
#2 C:\Users\MUHAMMAD FAISHAL\Documents\GitHub\uas_pbo_kel_3_fakultas\system\Database\BaseConnection.php(606): CodeIgniter\Database\BaseConnection->simpleQuery('SELECT *\nFROM `...')
#3 C:\Users\MUHAMMAD FAISHAL\Documents\GitHub\uas_pbo_kel_3_fakultas\system\Database\BaseBuilder.php(1616): CodeIgniter\Database\BaseConnection->query('SELECT *\nFROM `...', Array, false)
#4 C:\Users\MUHAMMAD FAISHAL\Documents\GitHub\uas_pbo_kel_3_fakultas\system\Model.php(268): CodeIgniter\Database\BaseBuilder->get()
#5 C:\Users\MUHAMMAD FAISHAL\Documents\GitHub\uas_pbo_kel_3_fakultas\system\BaseModel.php(656): CodeIgniter\Model->doFirst()
#6 C:\Users\MUHAMMAD FAISHAL\Documents\GitHub\uas_pbo_kel_3_fakultas\app\Controllers\RuanganController.php(43): CodeIgniter\BaseModel->first()
#7 C:\Users\MUHAMMAD FAISHAL\Documents\GitHub\uas_pbo_kel_3_fakultas\system\CodeIgniter.php(932): App\Controllers\RuanganController->editRuangan('3')
#8 C:\Users\MUHAMMAD FAISHAL\Documents\GitHub\uas_pbo_kel_3_fakultas\system\CodeIgniter.php(497): CodeIgniter\CodeIgniter->runController(Object(App\Controllers\RuanganController))
#9 C:\Users\MUHAMMAD FAISHAL\Documents\GitHub\uas_pbo_kel_3_fakultas\system\CodeIgniter.php(366): CodeIgniter\CodeIgniter->handleRequest(NULL, Object(Config\Cache), false)
#10 C:\Users\MUHAMMAD FAISHAL\Documents\GitHub\uas_pbo_kel_3_fakultas\public\index.php(67): CodeIgniter\CodeIgniter->run()
#11 C:\Users\MUHAMMAD FAISHAL\Documents\GitHub\uas_pbo_kel_3_fakultas\system\Commands\Server\rewrite.php(47): require_once('C:\\Users\\MUHAMM...')
#12 {main}
CRITICAL - 2023-07-15 15:42:05 --> You have an error in your SQL syntax; check the manual that corresponds to your MariaDB server version for the right syntax to use near ':3:
 LIMIT 1' at line 3
in SYSTEMPATH\Database\MySQLi\Connection.php on line 295.
 1 SYSTEMPATH\Database\MySQLi\Connection.php(295): mysqli->query('SELECT *
FROM `ruangan`
WHERE 3 = :3:
 LIMIT 1', 0)
 2 SYSTEMPATH\Database\BaseConnection.php(692): CodeIgniter\Database\MySQLi\Connection->execute('SELECT *
FROM `ruangan`
WHERE 3 = :3:
 LIMIT 1')
 3 SYSTEMPATH\Database\BaseConnection.php(606): CodeIgniter\Database\BaseConnection->simpleQuery('SELECT *
FROM `ruangan`
WHERE 3 = :3:
 LIMIT 1')
 4 SYSTEMPATH\Database\BaseBuilder.php(1616): CodeIgniter\Database\BaseConnection->query('SELECT *
FROM `ruangan`
WHERE 3 = :3:
 LIMIT 1', [...], false)
 5 SYSTEMPATH\Model.php(268): CodeIgniter\Database\BaseBuilder->get()
 6 SYSTEMPATH\BaseModel.php(656): CodeIgniter\Model->doFirst()
 7 APPPATH\Controllers\RuanganController.php(43): CodeIgniter\BaseModel->first()
 8 SYSTEMPATH\CodeIgniter.php(932): App\Controllers\RuanganController->editRuangan('3')
 9 SYSTEMPATH\CodeIgniter.php(497): CodeIgniter\CodeIgniter->runController(Object(App\Controllers\RuanganController))
10 SYSTEMPATH\CodeIgniter.php(366): CodeIgniter\CodeIgniter->handleRequest(null, Object(Config\Cache), false)
11 FCPATH\index.php(67): CodeIgniter\CodeIgniter->run()
12 SYSTEMPATH\Commands\Server\rewrite.php(47): require_once('C:\\Users\\MUHAMMAD FAISHAL\\Documents\\GitHub\\uas_pbo_kel_3_fakultas\\public\\index.php')
ERROR - 2023-07-15 15:42:45 --> mysqli_sql_exception: You have an error in your SQL syntax; check the manual that corresponds to your MariaDB server version for the right syntax to use near ':3:
 LIMIT 1' at line 3 in C:\Users\MUHAMMAD FAISHAL\Documents\GitHub\uas_pbo_kel_3_fakultas\system\Database\MySQLi\Connection.php:295
Stack trace:
#0 C:\Users\MUHAMMAD FAISHAL\Documents\GitHub\uas_pbo_kel_3_fakultas\system\Database\MySQLi\Connection.php(295): mysqli->query('SELECT *\nFROM `...', 0)
#1 C:\Users\MUHAMMAD FAISHAL\Documents\GitHub\uas_pbo_kel_3_fakultas\system\Database\BaseConnection.php(692): CodeIgniter\Database\MySQLi\Connection->execute('SELECT *\nFROM `...')
#2 C:\Users\MUHAMMAD FAISHAL\Documents\GitHub\uas_pbo_kel_3_fakultas\system\Database\BaseConnection.php(606): CodeIgniter\Database\BaseConnection->simpleQuery('SELECT *\nFROM `...')
#3 C:\Users\MUHAMMAD FAISHAL\Documents\GitHub\uas_pbo_kel_3_fakultas\system\Database\BaseBuilder.php(1616): CodeIgniter\Database\BaseConnection->query('SELECT *\nFROM `...', Array, false)
#4 C:\Users\MUHAMMAD FAISHAL\Documents\GitHub\uas_pbo_kel_3_fakultas\system\Model.php(268): CodeIgniter\Database\BaseBuilder->get()
#5 C:\Users\MUHAMMAD FAISHAL\Documents\GitHub\uas_pbo_kel_3_fakultas\system\BaseModel.php(656): CodeIgniter\Model->doFirst()
#6 C:\Users\MUHAMMAD FAISHAL\Documents\GitHub\uas_pbo_kel_3_fakultas\app\Controllers\RuanganController.php(43): CodeIgniter\BaseModel->first()
#7 C:\Users\MUHAMMAD FAISHAL\Documents\GitHub\uas_pbo_kel_3_fakultas\system\CodeIgniter.php(932): App\Controllers\RuanganController->editRuangan('3')
#8 C:\Users\MUHAMMAD FAISHAL\Documents\GitHub\uas_pbo_kel_3_fakultas\system\CodeIgniter.php(497): CodeIgniter\CodeIgniter->runController(Object(App\Controllers\RuanganController))
#9 C:\Users\MUHAMMAD FAISHAL\Documents\GitHub\uas_pbo_kel_3_fakultas\system\CodeIgniter.php(366): CodeIgniter\CodeIgniter->handleRequest(NULL, Object(Config\Cache), false)
#10 C:\Users\MUHAMMAD FAISHAL\Documents\GitHub\uas_pbo_kel_3_fakultas\public\index.php(67): CodeIgniter\CodeIgniter->run()
#11 C:\Users\MUHAMMAD FAISHAL\Documents\GitHub\uas_pbo_kel_3_fakultas\system\Commands\Server\rewrite.php(47): require_once('C:\\Users\\MUHAMM...')
#12 {main}
CRITICAL - 2023-07-15 15:42:45 --> You have an error in your SQL syntax; check the manual that corresponds to your MariaDB server version for the right syntax to use near ':3:
 LIMIT 1' at line 3
in SYSTEMPATH\Database\MySQLi\Connection.php on line 295.
 1 SYSTEMPATH\Database\MySQLi\Connection.php(295): mysqli->query('SELECT *
FROM `ruangan`
WHERE 3 = :3:
 LIMIT 1', 0)
 2 SYSTEMPATH\Database\BaseConnection.php(692): CodeIgniter\Database\MySQLi\Connection->execute('SELECT *
FROM `ruangan`
WHERE 3 = :3:
 LIMIT 1')
 3 SYSTEMPATH\Database\BaseConnection.php(606): CodeIgniter\Database\BaseConnection->simpleQuery('SELECT *
FROM `ruangan`
WHERE 3 = :3:
 LIMIT 1')
 4 SYSTEMPATH\Database\BaseBuilder.php(1616): CodeIgniter\Database\BaseConnection->query('SELECT *
FROM `ruangan`
WHERE 3 = :3:
 LIMIT 1', [...], false)
 5 SYSTEMPATH\Model.php(268): CodeIgniter\Database\BaseBuilder->get()
 6 SYSTEMPATH\BaseModel.php(656): CodeIgniter\Model->doFirst()
 7 APPPATH\Controllers\RuanganController.php(43): CodeIgniter\BaseModel->first()
 8 SYSTEMPATH\CodeIgniter.php(932): App\Controllers\RuanganController->editRuangan('3')
 9 SYSTEMPATH\CodeIgniter.php(497): CodeIgniter\CodeIgniter->runController(Object(App\Controllers\RuanganController))
10 SYSTEMPATH\CodeIgniter.php(366): CodeIgniter\CodeIgniter->handleRequest(null, Object(Config\Cache), false)
11 FCPATH\index.php(67): CodeIgniter\CodeIgniter->run()
12 SYSTEMPATH\Commands\Server\rewrite.php(47): require_once('C:\\Users\\MUHAMMAD FAISHAL\\Documents\\GitHub\\uas_pbo_kel_3_fakultas\\public\\index.php')
ERROR - 2023-07-15 15:43:21 --> mysqli_sql_exception: You have an error in your SQL syntax; check the manual that corresponds to your MariaDB server version for the right syntax to use near ':3:
 LIMIT 1' at line 3 in C:\Users\MUHAMMAD FAISHAL\Documents\GitHub\uas_pbo_kel_3_fakultas\system\Database\MySQLi\Connection.php:295
Stack trace:
#0 C:\Users\MUHAMMAD FAISHAL\Documents\GitHub\uas_pbo_kel_3_fakultas\system\Database\MySQLi\Connection.php(295): mysqli->query('SELECT *\nFROM `...', 0)
#1 C:\Users\MUHAMMAD FAISHAL\Documents\GitHub\uas_pbo_kel_3_fakultas\system\Database\BaseConnection.php(692): CodeIgniter\Database\MySQLi\Connection->execute('SELECT *\nFROM `...')
#2 C:\Users\MUHAMMAD FAISHAL\Documents\GitHub\uas_pbo_kel_3_fakultas\system\Database\BaseConnection.php(606): CodeIgniter\Database\BaseConnection->simpleQuery('SELECT *\nFROM `...')
#3 C:\Users\MUHAMMAD FAISHAL\Documents\GitHub\uas_pbo_kel_3_fakultas\system\Database\BaseBuilder.php(1616): CodeIgniter\Database\BaseConnection->query('SELECT *\nFROM `...', Array, false)
#4 C:\Users\MUHAMMAD FAISHAL\Documents\GitHub\uas_pbo_kel_3_fakultas\system\Model.php(268): CodeIgniter\Database\BaseBuilder->get()
#5 C:\Users\MUHAMMAD FAISHAL\Documents\GitHub\uas_pbo_kel_3_fakultas\system\BaseModel.php(656): CodeIgniter\Model->doFirst()
#6 C:\Users\MUHAMMAD FAISHAL\Documents\GitHub\uas_pbo_kel_3_fakultas\app\Controllers\RuanganController.php(43): CodeIgniter\BaseModel->first()
#7 C:\Users\MUHAMMAD FAISHAL\Documents\GitHub\uas_pbo_kel_3_fakultas\system\CodeIgniter.php(932): App\Controllers\RuanganController->editRuangan('3')
#8 C:\Users\MUHAMMAD FAISHAL\Documents\GitHub\uas_pbo_kel_3_fakultas\system\CodeIgniter.php(497): CodeIgniter\CodeIgniter->runController(Object(App\Controllers\RuanganController))
#9 C:\Users\MUHAMMAD FAISHAL\Documents\GitHub\uas_pbo_kel_3_fakultas\system\CodeIgniter.php(366): CodeIgniter\CodeIgniter->handleRequest(NULL, Object(Config\Cache), false)
#10 C:\Users\MUHAMMAD FAISHAL\Documents\GitHub\uas_pbo_kel_3_fakultas\public\index.php(67): CodeIgniter\CodeIgniter->run()
#11 C:\Users\MUHAMMAD FAISHAL\Documents\GitHub\uas_pbo_kel_3_fakultas\system\Commands\Server\rewrite.php(47): require_once('C:\\Users\\MUHAMM...')
#12 {main}
CRITICAL - 2023-07-15 15:43:21 --> You have an error in your SQL syntax; check the manual that corresponds to your MariaDB server version for the right syntax to use near ':3:
 LIMIT 1' at line 3
in SYSTEMPATH\Database\MySQLi\Connection.php on line 295.
 1 SYSTEMPATH\Database\MySQLi\Connection.php(295): mysqli->query('SELECT *
FROM `ruangan`
WHERE 3 = :3:
 LIMIT 1', 0)
 2 SYSTEMPATH\Database\BaseConnection.php(692): CodeIgniter\Database\MySQLi\Connection->execute('SELECT *
FROM `ruangan`
WHERE 3 = :3:
 LIMIT 1')
 3 SYSTEMPATH\Database\BaseConnection.php(606): CodeIgniter\Database\BaseConnection->simpleQuery('SELECT *
FROM `ruangan`
WHERE 3 = :3:
 LIMIT 1')
 4 SYSTEMPATH\Database\BaseBuilder.php(1616): CodeIgniter\Database\BaseConnection->query('SELECT *
FROM `ruangan`
WHERE 3 = :3:
 LIMIT 1', [...], false)
 5 SYSTEMPATH\Model.php(268): CodeIgniter\Database\BaseBuilder->get()
 6 SYSTEMPATH\BaseModel.php(656): CodeIgniter\Model->doFirst()
 7 APPPATH\Controllers\RuanganController.php(43): CodeIgniter\BaseModel->first()
 8 SYSTEMPATH\CodeIgniter.php(932): App\Controllers\RuanganController->editRuangan('3')
 9 SYSTEMPATH\CodeIgniter.php(497): CodeIgniter\CodeIgniter->runController(Object(App\Controllers\RuanganController))
10 SYSTEMPATH\CodeIgniter.php(366): CodeIgniter\CodeIgniter->handleRequest(null, Object(Config\Cache), false)
11 FCPATH\index.php(67): CodeIgniter\CodeIgniter->run()
12 SYSTEMPATH\Commands\Server\rewrite.php(47): require_once('C:\\Users\\MUHAMMAD FAISHAL\\Documents\\GitHub\\uas_pbo_kel_3_fakultas\\public\\index.php')
ERROR - 2023-07-15 15:46:59 --> mysqli_sql_exception: You have an error in your SQL syntax; check the manual that corresponds to your MariaDB server version for the right syntax to use near ':3:
 LIMIT 1' at line 3 in C:\Users\MUHAMMAD FAISHAL\Documents\GitHub\uas_pbo_kel_3_fakultas\system\Database\MySQLi\Connection.php:295
Stack trace:
#0 C:\Users\MUHAMMAD FAISHAL\Documents\GitHub\uas_pbo_kel_3_fakultas\system\Database\MySQLi\Connection.php(295): mysqli->query('SELECT *\nFROM `...', 0)
#1 C:\Users\MUHAMMAD FAISHAL\Documents\GitHub\uas_pbo_kel_3_fakultas\system\Database\BaseConnection.php(692): CodeIgniter\Database\MySQLi\Connection->execute('SELECT *\nFROM `...')
#2 C:\Users\MUHAMMAD FAISHAL\Documents\GitHub\uas_pbo_kel_3_fakultas\system\Database\BaseConnection.php(606): CodeIgniter\Database\BaseConnection->simpleQuery('SELECT *\nFROM `...')
#3 C:\Users\MUHAMMAD FAISHAL\Documents\GitHub\uas_pbo_kel_3_fakultas\system\Database\BaseBuilder.php(1616): CodeIgniter\Database\BaseConnection->query('SELECT *\nFROM `...', Array, false)
#4 C:\Users\MUHAMMAD FAISHAL\Documents\GitHub\uas_pbo_kel_3_fakultas\system\Model.php(268): CodeIgniter\Database\BaseBuilder->get()
#5 C:\Users\MUHAMMAD FAISHAL\Documents\GitHub\uas_pbo_kel_3_fakultas\system\BaseModel.php(656): CodeIgniter\Model->doFirst()
#6 C:\Users\MUHAMMAD FAISHAL\Documents\GitHub\uas_pbo_kel_3_fakultas\app\Controllers\RuanganController.php(43): CodeIgniter\BaseModel->first()
#7 C:\Users\MUHAMMAD FAISHAL\Documents\GitHub\uas_pbo_kel_3_fakultas\system\CodeIgniter.php(932): App\Controllers\RuanganController->editRuangan('3')
#8 C:\Users\MUHAMMAD FAISHAL\Documents\GitHub\uas_pbo_kel_3_fakultas\system\CodeIgniter.php(497): CodeIgniter\CodeIgniter->runController(Object(App\Controllers\RuanganController))
#9 C:\Users\MUHAMMAD FAISHAL\Documents\GitHub\uas_pbo_kel_3_fakultas\system\CodeIgniter.php(366): CodeIgniter\CodeIgniter->handleRequest(NULL, Object(Config\Cache), false)
#10 C:\Users\MUHAMMAD FAISHAL\Documents\GitHub\uas_pbo_kel_3_fakultas\public\index.php(67): CodeIgniter\CodeIgniter->run()
#11 C:\Users\MUHAMMAD FAISHAL\Documents\GitHub\uas_pbo_kel_3_fakultas\system\Commands\Server\rewrite.php(47): require_once('C:\\Users\\MUHAMM...')
#12 {main}
CRITICAL - 2023-07-15 15:46:59 --> You have an error in your SQL syntax; check the manual that corresponds to your MariaDB server version for the right syntax to use near ':3:
 LIMIT 1' at line 3
in SYSTEMPATH\Database\MySQLi\Connection.php on line 295.
 1 SYSTEMPATH\Database\MySQLi\Connection.php(295): mysqli->query('SELECT *
FROM `ruangan`
WHERE 3 = :3:
 LIMIT 1', 0)
 2 SYSTEMPATH\Database\BaseConnection.php(692): CodeIgniter\Database\MySQLi\Connection->execute('SELECT *
FROM `ruangan`
WHERE 3 = :3:
 LIMIT 1')
 3 SYSTEMPATH\Database\BaseConnection.php(606): CodeIgniter\Database\BaseConnection->simpleQuery('SELECT *
FROM `ruangan`
WHERE 3 = :3:
 LIMIT 1')
 4 SYSTEMPATH\Database\BaseBuilder.php(1616): CodeIgniter\Database\BaseConnection->query('SELECT *
FROM `ruangan`
WHERE 3 = :3:
 LIMIT 1', [...], false)
 5 SYSTEMPATH\Model.php(268): CodeIgniter\Database\BaseBuilder->get()
 6 SYSTEMPATH\BaseModel.php(656): CodeIgniter\Model->doFirst()
 7 APPPATH\Controllers\RuanganController.php(43): CodeIgniter\BaseModel->first()
 8 SYSTEMPATH\CodeIgniter.php(932): App\Controllers\RuanganController->editRuangan('3')
 9 SYSTEMPATH\CodeIgniter.php(497): CodeIgniter\CodeIgniter->runController(Object(App\Controllers\RuanganController))
10 SYSTEMPATH\CodeIgniter.php(366): CodeIgniter\CodeIgniter->handleRequest(null, Object(Config\Cache), false)
11 FCPATH\index.php(67): CodeIgniter\CodeIgniter->run()
12 SYSTEMPATH\Commands\Server\rewrite.php(47): require_once('C:\\Users\\MUHAMMAD FAISHAL\\Documents\\GitHub\\uas_pbo_kel_3_fakultas\\public\\index.php')
ERROR - 2023-07-15 15:47:01 --> mysqli_sql_exception: You have an error in your SQL syntax; check the manual that corresponds to your MariaDB server version for the right syntax to use near ':3:
 LIMIT 1' at line 3 in C:\Users\MUHAMMAD FAISHAL\Documents\GitHub\uas_pbo_kel_3_fakultas\system\Database\MySQLi\Connection.php:295
Stack trace:
#0 C:\Users\MUHAMMAD FAISHAL\Documents\GitHub\uas_pbo_kel_3_fakultas\system\Database\MySQLi\Connection.php(295): mysqli->query('SELECT *\nFROM `...', 0)
#1 C:\Users\MUHAMMAD FAISHAL\Documents\GitHub\uas_pbo_kel_3_fakultas\system\Database\BaseConnection.php(692): CodeIgniter\Database\MySQLi\Connection->execute('SELECT *\nFROM `...')
#2 C:\Users\MUHAMMAD FAISHAL\Documents\GitHub\uas_pbo_kel_3_fakultas\system\Database\BaseConnection.php(606): CodeIgniter\Database\BaseConnection->simpleQuery('SELECT *\nFROM `...')
#3 C:\Users\MUHAMMAD FAISHAL\Documents\GitHub\uas_pbo_kel_3_fakultas\system\Database\BaseBuilder.php(1616): CodeIgniter\Database\BaseConnection->query('SELECT *\nFROM `...', Array, false)
#4 C:\Users\MUHAMMAD FAISHAL\Documents\GitHub\uas_pbo_kel_3_fakultas\system\Model.php(268): CodeIgniter\Database\BaseBuilder->get()
#5 C:\Users\MUHAMMAD FAISHAL\Documents\GitHub\uas_pbo_kel_3_fakultas\system\BaseModel.php(656): CodeIgniter\Model->doFirst()
#6 C:\Users\MUHAMMAD FAISHAL\Documents\GitHub\uas_pbo_kel_3_fakultas\app\Controllers\RuanganController.php(43): CodeIgniter\BaseModel->first()
#7 C:\Users\MUHAMMAD FAISHAL\Documents\GitHub\uas_pbo_kel_3_fakultas\system\CodeIgniter.php(932): App\Controllers\RuanganController->editRuangan('3')
#8 C:\Users\MUHAMMAD FAISHAL\Documents\GitHub\uas_pbo_kel_3_fakultas\system\CodeIgniter.php(497): CodeIgniter\CodeIgniter->runController(Object(App\Controllers\RuanganController))
#9 C:\Users\MUHAMMAD FAISHAL\Documents\GitHub\uas_pbo_kel_3_fakultas\system\CodeIgniter.php(366): CodeIgniter\CodeIgniter->handleRequest(NULL, Object(Config\Cache), false)
#10 C:\Users\MUHAMMAD FAISHAL\Documents\GitHub\uas_pbo_kel_3_fakultas\public\index.php(67): CodeIgniter\CodeIgniter->run()
#11 C:\Users\MUHAMMAD FAISHAL\Documents\GitHub\uas_pbo_kel_3_fakultas\system\Commands\Server\rewrite.php(47): require_once('C:\\Users\\MUHAMM...')
#12 {main}
CRITICAL - 2023-07-15 15:47:01 --> You have an error in your SQL syntax; check the manual that corresponds to your MariaDB server version for the right syntax to use near ':3:
 LIMIT 1' at line 3
in SYSTEMPATH\Database\MySQLi\Connection.php on line 295.
 1 SYSTEMPATH\Database\MySQLi\Connection.php(295): mysqli->query('SELECT *
FROM `ruangan`
WHERE 3 = :3:
 LIMIT 1', 0)
 2 SYSTEMPATH\Database\BaseConnection.php(692): CodeIgniter\Database\MySQLi\Connection->execute('SELECT *
FROM `ruangan`
WHERE 3 = :3:
 LIMIT 1')
 3 SYSTEMPATH\Database\BaseConnection.php(606): CodeIgniter\Database\BaseConnection->simpleQuery('SELECT *
FROM `ruangan`
WHERE 3 = :3:
 LIMIT 1')
 4 SYSTEMPATH\Database\BaseBuilder.php(1616): CodeIgniter\Database\BaseConnection->query('SELECT *
FROM `ruangan`
WHERE 3 = :3:
 LIMIT 1', [...], false)
 5 SYSTEMPATH\Model.php(268): CodeIgniter\Database\BaseBuilder->get()
 6 SYSTEMPATH\BaseModel.php(656): CodeIgniter\Model->doFirst()
 7 APPPATH\Controllers\RuanganController.php(43): CodeIgniter\BaseModel->first()
 8 SYSTEMPATH\CodeIgniter.php(932): App\Controllers\RuanganController->editRuangan('3')
 9 SYSTEMPATH\CodeIgniter.php(497): CodeIgniter\CodeIgniter->runController(Object(App\Controllers\RuanganController))
10 SYSTEMPATH\CodeIgniter.php(366): CodeIgniter\CodeIgniter->handleRequest(null, Object(Config\Cache), false)
11 FCPATH\index.php(67): CodeIgniter\CodeIgniter->run()
12 SYSTEMPATH\Commands\Server\rewrite.php(47): require_once('C:\\Users\\MUHAMMAD FAISHAL\\Documents\\GitHub\\uas_pbo_kel_3_fakultas\\public\\index.php')
ERROR - 2023-07-15 15:51:29 --> mysqli_sql_exception: You have an error in your SQL syntax; check the manual that corresponds to your MariaDB server version for the right syntax to use near ':3:
 LIMIT 1' at line 3 in C:\Users\MUHAMMAD FAISHAL\Documents\GitHub\uas_pbo_kel_3_fakultas\system\Database\MySQLi\Connection.php:295
Stack trace:
#0 C:\Users\MUHAMMAD FAISHAL\Documents\GitHub\uas_pbo_kel_3_fakultas\system\Database\MySQLi\Connection.php(295): mysqli->query('SELECT *\nFROM `...', 0)
#1 C:\Users\MUHAMMAD FAISHAL\Documents\GitHub\uas_pbo_kel_3_fakultas\system\Database\BaseConnection.php(692): CodeIgniter\Database\MySQLi\Connection->execute('SELECT *\nFROM `...')
#2 C:\Users\MUHAMMAD FAISHAL\Documents\GitHub\uas_pbo_kel_3_fakultas\system\Database\BaseConnection.php(606): CodeIgniter\Database\BaseConnection->simpleQuery('SELECT *\nFROM `...')
#3 C:\Users\MUHAMMAD FAISHAL\Documents\GitHub\uas_pbo_kel_3_fakultas\system\Database\BaseBuilder.php(1616): CodeIgniter\Database\BaseConnection->query('SELECT *\nFROM `...', Array, false)
#4 C:\Users\MUHAMMAD FAISHAL\Documents\GitHub\uas_pbo_kel_3_fakultas\system\Model.php(268): CodeIgniter\Database\BaseBuilder->get()
#5 C:\Users\MUHAMMAD FAISHAL\Documents\GitHub\uas_pbo_kel_3_fakultas\system\BaseModel.php(656): CodeIgniter\Model->doFirst()
#6 C:\Users\MUHAMMAD FAISHAL\Documents\GitHub\uas_pbo_kel_3_fakultas\app\Controllers\RuanganController.php(43): CodeIgniter\BaseModel->first()
#7 C:\Users\MUHAMMAD FAISHAL\Documents\GitHub\uas_pbo_kel_3_fakultas\system\CodeIgniter.php(932): App\Controllers\RuanganController->editRuangan('3')
#8 C:\Users\MUHAMMAD FAISHAL\Documents\GitHub\uas_pbo_kel_3_fakultas\system\CodeIgniter.php(497): CodeIgniter\CodeIgniter->runController(Object(App\Controllers\RuanganController))
#9 C:\Users\MUHAMMAD FAISHAL\Documents\GitHub\uas_pbo_kel_3_fakultas\system\CodeIgniter.php(366): CodeIgniter\CodeIgniter->handleRequest(NULL, Object(Config\Cache), false)
#10 C:\Users\MUHAMMAD FAISHAL\Documents\GitHub\uas_pbo_kel_3_fakultas\public\index.php(67): CodeIgniter\CodeIgniter->run()
#11 C:\Users\MUHAMMAD FAISHAL\Documents\GitHub\uas_pbo_kel_3_fakultas\system\Commands\Server\rewrite.php(47): require_once('C:\\Users\\MUHAMM...')
#12 {main}
CRITICAL - 2023-07-15 15:51:29 --> You have an error in your SQL syntax; check the manual that corresponds to your MariaDB server version for the right syntax to use near ':3:
 LIMIT 1' at line 3
in SYSTEMPATH\Database\MySQLi\Connection.php on line 295.
 1 SYSTEMPATH\Database\MySQLi\Connection.php(295): mysqli->query('SELECT *
FROM `ruangan`
WHERE 3 = :3:
 LIMIT 1', 0)
 2 SYSTEMPATH\Database\BaseConnection.php(692): CodeIgniter\Database\MySQLi\Connection->execute('SELECT *
FROM `ruangan`
WHERE 3 = :3:
 LIMIT 1')
 3 SYSTEMPATH\Database\BaseConnection.php(606): CodeIgniter\Database\BaseConnection->simpleQuery('SELECT *
FROM `ruangan`
WHERE 3 = :3:
 LIMIT 1')
 4 SYSTEMPATH\Database\BaseBuilder.php(1616): CodeIgniter\Database\BaseConnection->query('SELECT *
FROM `ruangan`
WHERE 3 = :3:
 LIMIT 1', [...], false)
 5 SYSTEMPATH\Model.php(268): CodeIgniter\Database\BaseBuilder->get()
 6 SYSTEMPATH\BaseModel.php(656): CodeIgniter\Model->doFirst()
 7 APPPATH\Controllers\RuanganController.php(43): CodeIgniter\BaseModel->first()
 8 SYSTEMPATH\CodeIgniter.php(932): App\Controllers\RuanganController->editRuangan('3')
 9 SYSTEMPATH\CodeIgniter.php(497): CodeIgniter\CodeIgniter->runController(Object(App\Controllers\RuanganController))
10 SYSTEMPATH\CodeIgniter.php(366): CodeIgniter\CodeIgniter->handleRequest(null, Object(Config\Cache), false)
11 FCPATH\index.php(67): CodeIgniter\CodeIgniter->run()
12 SYSTEMPATH\Commands\Server\rewrite.php(47): require_once('C:\\Users\\MUHAMMAD FAISHAL\\Documents\\GitHub\\uas_pbo_kel_3_fakultas\\public\\index.php')
ERROR - 2023-07-15 15:54:40 --> mysqli_sql_exception: You have an error in your SQL syntax; check the manual that corresponds to your MariaDB server version for the right syntax to use near ':3:
 LIMIT 1' at line 3 in C:\Users\MUHAMMAD FAISHAL\Documents\GitHub\uas_pbo_kel_3_fakultas\system\Database\MySQLi\Connection.php:295
Stack trace:
#0 C:\Users\MUHAMMAD FAISHAL\Documents\GitHub\uas_pbo_kel_3_fakultas\system\Database\MySQLi\Connection.php(295): mysqli->query('SELECT *\nFROM `...', 0)
#1 C:\Users\MUHAMMAD FAISHAL\Documents\GitHub\uas_pbo_kel_3_fakultas\system\Database\BaseConnection.php(692): CodeIgniter\Database\MySQLi\Connection->execute('SELECT *\nFROM `...')
#2 C:\Users\MUHAMMAD FAISHAL\Documents\GitHub\uas_pbo_kel_3_fakultas\system\Database\BaseConnection.php(606): CodeIgniter\Database\BaseConnection->simpleQuery('SELECT *\nFROM `...')
#3 C:\Users\MUHAMMAD FAISHAL\Documents\GitHub\uas_pbo_kel_3_fakultas\system\Database\BaseBuilder.php(1616): CodeIgniter\Database\BaseConnection->query('SELECT *\nFROM `...', Array, false)
#4 C:\Users\MUHAMMAD FAISHAL\Documents\GitHub\uas_pbo_kel_3_fakultas\system\Model.php(268): CodeIgniter\Database\BaseBuilder->get()
#5 C:\Users\MUHAMMAD FAISHAL\Documents\GitHub\uas_pbo_kel_3_fakultas\system\BaseModel.php(656): CodeIgniter\Model->doFirst()
#6 C:\Users\MUHAMMAD FAISHAL\Documents\GitHub\uas_pbo_kel_3_fakultas\app\Controllers\RuanganController.php(43): CodeIgniter\BaseModel->first()
#7 C:\Users\MUHAMMAD FAISHAL\Documents\GitHub\uas_pbo_kel_3_fakultas\system\CodeIgniter.php(932): App\Controllers\RuanganController->editRuangan('3')
#8 C:\Users\MUHAMMAD FAISHAL\Documents\GitHub\uas_pbo_kel_3_fakultas\system\CodeIgniter.php(497): CodeIgniter\CodeIgniter->runController(Object(App\Controllers\RuanganController))
#9 C:\Users\MUHAMMAD FAISHAL\Documents\GitHub\uas_pbo_kel_3_fakultas\system\CodeIgniter.php(366): CodeIgniter\CodeIgniter->handleRequest(NULL, Object(Config\Cache), false)
#10 C:\Users\MUHAMMAD FAISHAL\Documents\GitHub\uas_pbo_kel_3_fakultas\public\index.php(67): CodeIgniter\CodeIgniter->run()
#11 C:\Users\MUHAMMAD FAISHAL\Documents\GitHub\uas_pbo_kel_3_fakultas\system\Commands\Server\rewrite.php(47): require_once('C:\\Users\\MUHAMM...')
#12 {main}
CRITICAL - 2023-07-15 15:54:40 --> You have an error in your SQL syntax; check the manual that corresponds to your MariaDB server version for the right syntax to use near ':3:
 LIMIT 1' at line 3
in SYSTEMPATH\Database\MySQLi\Connection.php on line 295.
 1 SYSTEMPATH\Database\MySQLi\Connection.php(295): mysqli->query('SELECT *
FROM `ruangan`
WHERE 3 = :3:
 LIMIT 1', 0)
 2 SYSTEMPATH\Database\BaseConnection.php(692): CodeIgniter\Database\MySQLi\Connection->execute('SELECT *
FROM `ruangan`
WHERE 3 = :3:
 LIMIT 1')
 3 SYSTEMPATH\Database\BaseConnection.php(606): CodeIgniter\Database\BaseConnection->simpleQuery('SELECT *
FROM `ruangan`
WHERE 3 = :3:
 LIMIT 1')
 4 SYSTEMPATH\Database\BaseBuilder.php(1616): CodeIgniter\Database\BaseConnection->query('SELECT *
FROM `ruangan`
WHERE 3 = :3:
 LIMIT 1', [...], false)
 5 SYSTEMPATH\Model.php(268): CodeIgniter\Database\BaseBuilder->get()
 6 SYSTEMPATH\BaseModel.php(656): CodeIgniter\Model->doFirst()
 7 APPPATH\Controllers\RuanganController.php(43): CodeIgniter\BaseModel->first()
 8 SYSTEMPATH\CodeIgniter.php(932): App\Controllers\RuanganController->editRuangan('3')
 9 SYSTEMPATH\CodeIgniter.php(497): CodeIgniter\CodeIgniter->runController(Object(App\Controllers\RuanganController))
10 SYSTEMPATH\CodeIgniter.php(366): CodeIgniter\CodeIgniter->handleRequest(null, Object(Config\Cache), false)
11 FCPATH\index.php(67): CodeIgniter\CodeIgniter->run()
12 SYSTEMPATH\Commands\Server\rewrite.php(47): require_once('C:\\Users\\MUHAMMAD FAISHAL\\Documents\\GitHub\\uas_pbo_kel_3_fakultas\\public\\index.php')
ERROR - 2023-07-15 17:10:35 --> mysqli_sql_exception: You have an error in your SQL syntax; check the manual that corresponds to your MariaDB server version for the right syntax to use near ':3:
 LIMIT 1' at line 3 in C:\Users\MUHAMMAD FAISHAL\Documents\GitHub\uas_pbo_kel_3_fakultas\system\Database\MySQLi\Connection.php:295
Stack trace:
#0 C:\Users\MUHAMMAD FAISHAL\Documents\GitHub\uas_pbo_kel_3_fakultas\system\Database\MySQLi\Connection.php(295): mysqli->query('SELECT *\nFROM `...', 0)
#1 C:\Users\MUHAMMAD FAISHAL\Documents\GitHub\uas_pbo_kel_3_fakultas\system\Database\BaseConnection.php(692): CodeIgniter\Database\MySQLi\Connection->execute('SELECT *\nFROM `...')
#2 C:\Users\MUHAMMAD FAISHAL\Documents\GitHub\uas_pbo_kel_3_fakultas\system\Database\BaseConnection.php(606): CodeIgniter\Database\BaseConnection->simpleQuery('SELECT *\nFROM `...')
#3 C:\Users\MUHAMMAD FAISHAL\Documents\GitHub\uas_pbo_kel_3_fakultas\system\Database\BaseBuilder.php(1616): CodeIgniter\Database\BaseConnection->query('SELECT *\nFROM `...', Array, false)
#4 C:\Users\MUHAMMAD FAISHAL\Documents\GitHub\uas_pbo_kel_3_fakultas\system\Model.php(268): CodeIgniter\Database\BaseBuilder->get()
#5 C:\Users\MUHAMMAD FAISHAL\Documents\GitHub\uas_pbo_kel_3_fakultas\system\BaseModel.php(656): CodeIgniter\Model->doFirst()
#6 C:\Users\MUHAMMAD FAISHAL\Documents\GitHub\uas_pbo_kel_3_fakultas\app\Controllers\RuanganController.php(43): CodeIgniter\BaseModel->first()
#7 C:\Users\MUHAMMAD FAISHAL\Documents\GitHub\uas_pbo_kel_3_fakultas\system\CodeIgniter.php(932): App\Controllers\RuanganController->editRuangan('3')
#8 C:\Users\MUHAMMAD FAISHAL\Documents\GitHub\uas_pbo_kel_3_fakultas\system\CodeIgniter.php(497): CodeIgniter\CodeIgniter->runController(Object(App\Controllers\RuanganController))
#9 C:\Users\MUHAMMAD FAISHAL\Documents\GitHub\uas_pbo_kel_3_fakultas\system\CodeIgniter.php(366): CodeIgniter\CodeIgniter->handleRequest(NULL, Object(Config\Cache), false)
#10 C:\Users\MUHAMMAD FAISHAL\Documents\GitHub\uas_pbo_kel_3_fakultas\public\index.php(67): CodeIgniter\CodeIgniter->run()
#11 C:\Users\MUHAMMAD FAISHAL\Documents\GitHub\uas_pbo_kel_3_fakultas\system\Commands\Server\rewrite.php(47): require_once('C:\\Users\\MUHAMM...')
#12 {main}
CRITICAL - 2023-07-15 17:10:35 --> You have an error in your SQL syntax; check the manual that corresponds to your MariaDB server version for the right syntax to use near ':3:
 LIMIT 1' at line 3
in SYSTEMPATH\Database\MySQLi\Connection.php on line 295.
 1 SYSTEMPATH\Database\MySQLi\Connection.php(295): mysqli->query('SELECT *
FROM `ruangan`
WHERE 3 = :3:
 LIMIT 1', 0)
 2 SYSTEMPATH\Database\BaseConnection.php(692): CodeIgniter\Database\MySQLi\Connection->execute('SELECT *
FROM `ruangan`
WHERE 3 = :3:
 LIMIT 1')
 3 SYSTEMPATH\Database\BaseConnection.php(606): CodeIgniter\Database\BaseConnection->simpleQuery('SELECT *
FROM `ruangan`
WHERE 3 = :3:
 LIMIT 1')
 4 SYSTEMPATH\Database\BaseBuilder.php(1616): CodeIgniter\Database\BaseConnection->query('SELECT *
FROM `ruangan`
WHERE 3 = :3:
 LIMIT 1', [...], false)
 5 SYSTEMPATH\Model.php(268): CodeIgniter\Database\BaseBuilder->get()
 6 SYSTEMPATH\BaseModel.php(656): CodeIgniter\Model->doFirst()
 7 APPPATH\Controllers\RuanganController.php(43): CodeIgniter\BaseModel->first()
 8 SYSTEMPATH\CodeIgniter.php(932): App\Controllers\RuanganController->editRuangan('3')
 9 SYSTEMPATH\CodeIgniter.php(497): CodeIgniter\CodeIgniter->runController(Object(App\Controllers\RuanganController))
10 SYSTEMPATH\CodeIgniter.php(366): CodeIgniter\CodeIgniter->handleRequest(null, Object(Config\Cache), false)
11 FCPATH\index.php(67): CodeIgniter\CodeIgniter->run()
12 SYSTEMPATH\Commands\Server\rewrite.php(47): require_once('C:\\Users\\MUHAMMAD FAISHAL\\Documents\\GitHub\\uas_pbo_kel_3_fakultas\\public\\index.php')
CRITICAL - 2023-07-15 17:17:55 --> Undefined variable $ruangan
in APPPATH\Views\ruangan_view.php on line 33.
 1 APPPATH\Views\ruangan_view.php(33): CodeIgniter\Debug\Exceptions->errorHandler(2, 'Undefined variable $ruangan', 'C:\\Users\\MUHAMMAD FAISHAL\\Documents\\GitHub\\uas_pbo_kel_3_fakultas\\app\\Views\\ruangan_view.php', 33)
 2 SYSTEMPATH\View\View.php(224): include('C:\\Users\\MUHAMMAD FAISHAL\\Documents\\GitHub\\uas_pbo_kel_3_fakultas\\app\\Views\\ruangan_view.php')
 3 SYSTEMPATH\View\View.php(227): CodeIgniter\View\View->CodeIgniter\View\{closure}()
 4 SYSTEMPATH\Common.php(1180): CodeIgniter\View\View->render('ruangan_view', [], true)
 5 APPPATH\Controllers\RuanganController.php(23): view('ruangan_view', [...])
 6 SYSTEMPATH\CodeIgniter.php(932): App\Controllers\RuanganController->index()
 7 SYSTEMPATH\CodeIgniter.php(497): CodeIgniter\CodeIgniter->runController(Object(App\Controllers\RuanganController))
 8 SYSTEMPATH\CodeIgniter.php(366): CodeIgniter\CodeIgniter->handleRequest(null, Object(Config\Cache), false)
 9 FCPATH\index.php(67): CodeIgniter\CodeIgniter->run()
10 SYSTEMPATH\Commands\Server\rewrite.php(47): require_once('C:\\Users\\MUHAMMAD FAISHAL\\Documents\\GitHub\\uas_pbo_kel_3_fakultas\\public\\index.php')
CRITICAL - 2023-07-15 17:18:00 --> Undefined variable $ruangan
in APPPATH\Views\ruangan_view.php on line 33.
 1 APPPATH\Views\ruangan_view.php(33): CodeIgniter\Debug\Exceptions->errorHandler(2, 'Undefined variable $ruangan', 'C:\\Users\\MUHAMMAD FAISHAL\\Documents\\GitHub\\uas_pbo_kel_3_fakultas\\app\\Views\\ruangan_view.php', 33)
 2 SYSTEMPATH\View\View.php(224): include('C:\\Users\\MUHAMMAD FAISHAL\\Documents\\GitHub\\uas_pbo_kel_3_fakultas\\app\\Views\\ruangan_view.php')
 3 SYSTEMPATH\View\View.php(227): CodeIgniter\View\View->CodeIgniter\View\{closure}()
 4 SYSTEMPATH\Common.php(1180): CodeIgniter\View\View->render('ruangan_view', [], true)
 5 APPPATH\Controllers\RuanganController.php(23): view('ruangan_view', [...])
 6 SYSTEMPATH\CodeIgniter.php(932): App\Controllers\RuanganController->index()
 7 SYSTEMPATH\CodeIgniter.php(497): CodeIgniter\CodeIgniter->runController(Object(App\Controllers\RuanganController))
 8 SYSTEMPATH\CodeIgniter.php(366): CodeIgniter\CodeIgniter->handleRequest(null, Object(Config\Cache), false)
 9 FCPATH\index.php(67): CodeIgniter\CodeIgniter->run()
10 SYSTEMPATH\Commands\Server\rewrite.php(47): require_once('C:\\Users\\MUHAMMAD FAISHAL\\Documents\\GitHub\\uas_pbo_kel_3_fakultas\\public\\index.php')
INFO - 2023-07-15 17:20:07 --> Session: Class initialized using 'CodeIgniter\Session\Handlers\FileHandler' driver.
INFO - 2023-07-15 17:20:09 --> Session: Class initialized using 'CodeIgniter\Session\Handlers\FileHandler' driver.
