ERROR - 2023-07-16 13:44:28 --> mysqli_sql_exception: You have an error in your SQL syntax; check the manual that corresponds to your MariaDB server version for the right syntax to use near '1 PRIMARY KEY(`id`)
) DEFAULT CHARACTER SET = utf8 COLLATE = utf8_general_ci' at line 5 in E:\UNU\Pelajaran\Semester 4\PBO\uas_pbo_kel_3_fakultas\system\Database\MySQLi\Connection.php:295
Stack trace:
#0 E:\UNU\Pelajaran\Semester 4\PBO\uas_pbo_kel_3_fakultas\system\Database\MySQLi\Connection.php(295): mysqli->query('CREATE TABLE `f...', 0)
#1 E:\UNU\Pelajaran\Semester 4\PBO\uas_pbo_kel_3_fakultas\system\Database\BaseConnection.php(692): CodeIgniter\Database\MySQLi\Connection->execute('CREATE TABLE `f...')
#2 E:\UNU\Pelajaran\Semester 4\PBO\uas_pbo_kel_3_fakultas\system\Database\BaseConnection.php(606): CodeIgniter\Database\BaseConnection->simpleQuery('CREATE TABLE `f...')
#3 E:\UNU\Pelajaran\Semester 4\PBO\uas_pbo_kel_3_fakultas\system\Database\Forge.php(546): CodeIgniter\Database\BaseConnection->query('CREATE TABLE `f...')
#4 E:\UNU\Pelajaran\Semester 4\PBO\uas_pbo_kel_3_fakultas\app\Database\Migrations\2023-07-13-130724_CreateFakultasTable.php(28): CodeIgniter\Database\Forge->createTable('fakultas', true)
#5 E:\UNU\Pelajaran\Semester 4\PBO\uas_pbo_kel_3_fakultas\system\Database\MigrationRunner.php(877): App\Database\Migrations\CreateFakultasTable->up()
#6 E:\UNU\Pelajaran\Semester 4\PBO\uas_pbo_kel_3_fakultas\system\Database\MigrationRunner.php(188): CodeIgniter\Database\MigrationRunner->migrate('up', Object(stdClass))
#7 E:\UNU\Pelajaran\Semester 4\PBO\uas_pbo_kel_3_fakultas\system\Commands\Database\Migrate.php(84): CodeIgniter\Database\MigrationRunner->latest(NULL)
#8 E:\UNU\Pelajaran\Semester 4\PBO\uas_pbo_kel_3_fakultas\system\CLI\Commands.php(65): CodeIgniter\Commands\Database\Migrate->run(Array)
#9 E:\UNU\Pelajaran\Semester 4\PBO\uas_pbo_kel_3_fakultas\system\CLI\BaseCommand.php(114): CodeIgniter\CLI\Commands->run('migrate', Array)
#10 E:\UNU\Pelajaran\Semester 4\PBO\uas_pbo_kel_3_fakultas\system\Commands\Database\MigrateRefresh.php(85): CodeIgniter\CLI\BaseCommand->call('migrate', Array)
#11 E:\UNU\Pelajaran\Semester 4\PBO\uas_pbo_kel_3_fakultas\system\CLI\Commands.php(65): CodeIgniter\Commands\Database\MigrateRefresh->run(Array)
#12 E:\UNU\Pelajaran\Semester 4\PBO\uas_pbo_kel_3_fakultas\system\CLI\Console.php(37): CodeIgniter\CLI\Commands->run('migrate:refresh', Array)
#13 E:\UNU\Pelajaran\Semester 4\PBO\uas_pbo_kel_3_fakultas\spark(97): CodeIgniter\CLI\Console->run()
#14 {main}
ERROR - 2023-07-16 13:46:26 --> mysqli_sql_exception: You have an error in your SQL syntax; check the manual that corresponds to your MariaDB server version for the right syntax to use near '1 PRIMARY KEY(`id`)
) DEFAULT CHARACTER SET = utf8 COLLATE = utf8_general_ci' at line 4 in E:\UNU\Pelajaran\Semester 4\PBO\uas_pbo_kel_3_fakultas\system\Database\MySQLi\Connection.php:295
Stack trace:
#0 E:\UNU\Pelajaran\Semester 4\PBO\uas_pbo_kel_3_fakultas\system\Database\MySQLi\Connection.php(295): mysqli->query('CREATE TABLE `f...', 0)
#1 E:\UNU\Pelajaran\Semester 4\PBO\uas_pbo_kel_3_fakultas\system\Database\BaseConnection.php(692): CodeIgniter\Database\MySQLi\Connection->execute('CREATE TABLE `f...')
#2 E:\UNU\Pelajaran\Semester 4\PBO\uas_pbo_kel_3_fakultas\system\Database\BaseConnection.php(606): CodeIgniter\Database\BaseConnection->simpleQuery('CREATE TABLE `f...')
#3 E:\UNU\Pelajaran\Semester 4\PBO\uas_pbo_kel_3_fakultas\system\Database\Forge.php(546): CodeIgniter\Database\BaseConnection->query('CREATE TABLE `f...')
#4 E:\UNU\Pelajaran\Semester 4\PBO\uas_pbo_kel_3_fakultas\app\Database\Migrations\2023-07-13-130724_CreateFakultasTable.php(24): CodeIgniter\Database\Forge->createTable('fakultas', true)
#5 E:\UNU\Pelajaran\Semester 4\PBO\uas_pbo_kel_3_fakultas\system\Database\MigrationRunner.php(877): App\Database\Migrations\CreateFakultasTable->up()
#6 E:\UNU\Pelajaran\Semester 4\PBO\uas_pbo_kel_3_fakultas\system\Database\MigrationRunner.php(188): CodeIgniter\Database\MigrationRunner->migrate('up', Object(stdClass))
#7 E:\UNU\Pelajaran\Semester 4\PBO\uas_pbo_kel_3_fakultas\system\Commands\Database\Migrate.php(84): CodeIgniter\Database\MigrationRunner->latest(NULL)
#8 E:\UNU\Pelajaran\Semester 4\PBO\uas_pbo_kel_3_fakultas\system\CLI\Commands.php(65): CodeIgniter\Commands\Database\Migrate->run(Array)
#9 E:\UNU\Pelajaran\Semester 4\PBO\uas_pbo_kel_3_fakultas\system\CLI\BaseCommand.php(114): CodeIgniter\CLI\Commands->run('migrate', Array)
#10 E:\UNU\Pelajaran\Semester 4\PBO\uas_pbo_kel_3_fakultas\system\Commands\Database\MigrateRefresh.php(85): CodeIgniter\CLI\BaseCommand->call('migrate', Array)
#11 E:\UNU\Pelajaran\Semester 4\PBO\uas_pbo_kel_3_fakultas\system\CLI\Commands.php(65): CodeIgniter\Commands\Database\MigrateRefresh->run(Array)
#12 E:\UNU\Pelajaran\Semester 4\PBO\uas_pbo_kel_3_fakultas\system\CLI\Console.php(37): CodeIgniter\CLI\Commands->run('migrate:refresh', Array)
#13 E:\UNU\Pelajaran\Semester 4\PBO\uas_pbo_kel_3_fakultas\spark(97): CodeIgniter\CLI\Console->run()
#14 {main}
ERROR - 2023-07-16 13:46:45 --> mysqli_sql_exception: You have an error in your SQL syntax; check the manual that corresponds to your MariaDB server version for the right syntax to use near '1 PRIMARY KEY(`id`)
) DEFAULT CHARACTER SET = utf8 COLLATE = utf8_general_ci' at line 4 in E:\UNU\Pelajaran\Semester 4\PBO\uas_pbo_kel_3_fakultas\system\Database\MySQLi\Connection.php:295
Stack trace:
#0 E:\UNU\Pelajaran\Semester 4\PBO\uas_pbo_kel_3_fakultas\system\Database\MySQLi\Connection.php(295): mysqli->query('CREATE TABLE `f...', 0)
#1 E:\UNU\Pelajaran\Semester 4\PBO\uas_pbo_kel_3_fakultas\system\Database\BaseConnection.php(692): CodeIgniter\Database\MySQLi\Connection->execute('CREATE TABLE `f...')
#2 E:\UNU\Pelajaran\Semester 4\PBO\uas_pbo_kel_3_fakultas\system\Database\BaseConnection.php(606): CodeIgniter\Database\BaseConnection->simpleQuery('CREATE TABLE `f...')
#3 E:\UNU\Pelajaran\Semester 4\PBO\uas_pbo_kel_3_fakultas\system\Database\Forge.php(546): CodeIgniter\Database\BaseConnection->query('CREATE TABLE `f...')
#4 E:\UNU\Pelajaran\Semester 4\PBO\uas_pbo_kel_3_fakultas\app\Database\Migrations\2023-07-13-130724_CreateFakultasTable.php(24): CodeIgniter\Database\Forge->createTable('fakultas', true)
#5 E:\UNU\Pelajaran\Semester 4\PBO\uas_pbo_kel_3_fakultas\system\Database\MigrationRunner.php(877): App\Database\Migrations\CreateFakultasTable->up()
#6 E:\UNU\Pelajaran\Semester 4\PBO\uas_pbo_kel_3_fakultas\system\Database\MigrationRunner.php(188): CodeIgniter\Database\MigrationRunner->migrate('up', Object(stdClass))
#7 E:\UNU\Pelajaran\Semester 4\PBO\uas_pbo_kel_3_fakultas\system\Commands\Database\Migrate.php(84): CodeIgniter\Database\MigrationRunner->latest(NULL)
#8 E:\UNU\Pelajaran\Semester 4\PBO\uas_pbo_kel_3_fakultas\system\CLI\Commands.php(65): CodeIgniter\Commands\Database\Migrate->run(Array)
#9 E:\UNU\Pelajaran\Semester 4\PBO\uas_pbo_kel_3_fakultas\system\CLI\Console.php(37): CodeIgniter\CLI\Commands->run('migrate', Array)
#10 E:\UNU\Pelajaran\Semester 4\PBO\uas_pbo_kel_3_fakultas\spark(97): CodeIgniter\CLI\Console->run()
#11 {main}
ERROR - 2023-07-16 13:52:02 --> mysqli_sql_exception: You have an error in your SQL syntax; check the manual that corresponds to your MariaDB server version for the right syntax to use near '1 PRIMARY KEY(`id`)
) DEFAULT CHARACTER SET = utf8 COLLATE = utf8_general_ci' at line 5 in E:\UNU\Pelajaran\Semester 4\PBO\uas_pbo_kel_3_fakultas\system\Database\MySQLi\Connection.php:295
Stack trace:
#0 E:\UNU\Pelajaran\Semester 4\PBO\uas_pbo_kel_3_fakultas\system\Database\MySQLi\Connection.php(295): mysqli->query('CREATE TABLE `f...', 0)
#1 E:\UNU\Pelajaran\Semester 4\PBO\uas_pbo_kel_3_fakultas\system\Database\BaseConnection.php(692): CodeIgniter\Database\MySQLi\Connection->execute('CREATE TABLE `f...')
#2 E:\UNU\Pelajaran\Semester 4\PBO\uas_pbo_kel_3_fakultas\system\Database\BaseConnection.php(606): CodeIgniter\Database\BaseConnection->simpleQuery('CREATE TABLE `f...')
#3 E:\UNU\Pelajaran\Semester 4\PBO\uas_pbo_kel_3_fakultas\system\Database\Forge.php(546): CodeIgniter\Database\BaseConnection->query('CREATE TABLE `f...')
#4 E:\UNU\Pelajaran\Semester 4\PBO\uas_pbo_kel_3_fakultas\app\Database\Migrations\2023-07-13-130724_CreateFakultasTable.php(28): CodeIgniter\Database\Forge->createTable('fakultas', true)
#5 E:\UNU\Pelajaran\Semester 4\PBO\uas_pbo_kel_3_fakultas\system\Database\MigrationRunner.php(877): App\Database\Migrations\CreateFakultasTable->up()
#6 E:\UNU\Pelajaran\Semester 4\PBO\uas_pbo_kel_3_fakultas\system\Database\MigrationRunner.php(188): CodeIgniter\Database\MigrationRunner->migrate('up', Object(stdClass))
#7 E:\UNU\Pelajaran\Semester 4\PBO\uas_pbo_kel_3_fakultas\system\Commands\Database\Migrate.php(84): CodeIgniter\Database\MigrationRunner->latest(NULL)
#8 E:\UNU\Pelajaran\Semester 4\PBO\uas_pbo_kel_3_fakultas\system\CLI\Commands.php(65): CodeIgniter\Commands\Database\Migrate->run(Array)
#9 E:\UNU\Pelajaran\Semester 4\PBO\uas_pbo_kel_3_fakultas\system\CLI\BaseCommand.php(114): CodeIgniter\CLI\Commands->run('migrate', Array)
#10 E:\UNU\Pelajaran\Semester 4\PBO\uas_pbo_kel_3_fakultas\system\Commands\Database\MigrateRefresh.php(85): CodeIgniter\CLI\BaseCommand->call('migrate', Array)
#11 E:\UNU\Pelajaran\Semester 4\PBO\uas_pbo_kel_3_fakultas\system\CLI\Commands.php(65): CodeIgniter\Commands\Database\MigrateRefresh->run(Array)
#12 E:\UNU\Pelajaran\Semester 4\PBO\uas_pbo_kel_3_fakultas\system\CLI\Console.php(37): CodeIgniter\CLI\Commands->run('migrate:refresh', Array)
#13 E:\UNU\Pelajaran\Semester 4\PBO\uas_pbo_kel_3_fakultas\spark(97): CodeIgniter\CLI\Console->run()
#14 {main}
ERROR - 2023-07-16 13:52:47 --> mysqli_sql_exception: You have an error in your SQL syntax; check the manual that corresponds to your MariaDB server version for the right syntax to use near '1 PRIMARY KEY(`id`)
) DEFAULT CHARACTER SET = utf8 COLLATE = utf8_general_ci' at line 5 in E:\UNU\Pelajaran\Semester 4\PBO\uas_pbo_kel_3_fakultas\system\Database\MySQLi\Connection.php:295
Stack trace:
#0 E:\UNU\Pelajaran\Semester 4\PBO\uas_pbo_kel_3_fakultas\system\Database\MySQLi\Connection.php(295): mysqli->query('CREATE TABLE `f...', 0)
#1 E:\UNU\Pelajaran\Semester 4\PBO\uas_pbo_kel_3_fakultas\system\Database\BaseConnection.php(692): CodeIgniter\Database\MySQLi\Connection->execute('CREATE TABLE `f...')
#2 E:\UNU\Pelajaran\Semester 4\PBO\uas_pbo_kel_3_fakultas\system\Database\BaseConnection.php(606): CodeIgniter\Database\BaseConnection->simpleQuery('CREATE TABLE `f...')
#3 E:\UNU\Pelajaran\Semester 4\PBO\uas_pbo_kel_3_fakultas\system\Database\Forge.php(546): CodeIgniter\Database\BaseConnection->query('CREATE TABLE `f...')
#4 E:\UNU\Pelajaran\Semester 4\PBO\uas_pbo_kel_3_fakultas\app\Database\Migrations\2023-07-13-130724_CreateFakultasTable.php(28): CodeIgniter\Database\Forge->createTable('fakultas', true)
#5 E:\UNU\Pelajaran\Semester 4\PBO\uas_pbo_kel_3_fakultas\system\Database\MigrationRunner.php(877): App\Database\Migrations\CreateFakultasTable->up()
#6 E:\UNU\Pelajaran\Semester 4\PBO\uas_pbo_kel_3_fakultas\system\Database\MigrationRunner.php(188): CodeIgniter\Database\MigrationRunner->migrate('up', Object(stdClass))
#7 E:\UNU\Pelajaran\Semester 4\PBO\uas_pbo_kel_3_fakultas\system\Commands\Database\Migrate.php(84): CodeIgniter\Database\MigrationRunner->latest(NULL)
#8 E:\UNU\Pelajaran\Semester 4\PBO\uas_pbo_kel_3_fakultas\system\CLI\Commands.php(65): CodeIgniter\Commands\Database\Migrate->run(Array)
#9 E:\UNU\Pelajaran\Semester 4\PBO\uas_pbo_kel_3_fakultas\system\CLI\BaseCommand.php(114): CodeIgniter\CLI\Commands->run('migrate', Array)
#10 E:\UNU\Pelajaran\Semester 4\PBO\uas_pbo_kel_3_fakultas\system\Commands\Database\MigrateRefresh.php(85): CodeIgniter\CLI\BaseCommand->call('migrate', Array)
#11 E:\UNU\Pelajaran\Semester 4\PBO\uas_pbo_kel_3_fakultas\system\CLI\Commands.php(65): CodeIgniter\Commands\Database\MigrateRefresh->run(Array)
#12 E:\UNU\Pelajaran\Semester 4\PBO\uas_pbo_kel_3_fakultas\system\CLI\Console.php(37): CodeIgniter\CLI\Commands->run('migrate:refresh', Array)
#13 E:\UNU\Pelajaran\Semester 4\PBO\uas_pbo_kel_3_fakultas\spark(97): CodeIgniter\CLI\Console->run()
#14 {main}
ERROR - 2023-07-16 13:54:58 --> mysqli_sql_exception: Column count doesn't match value count at row 1 in E:\UNU\Pelajaran\Semester 4\PBO\uas_pbo_kel_3_fakultas\system\Database\MySQLi\Connection.php:295
Stack trace:
#0 E:\UNU\Pelajaran\Semester 4\PBO\uas_pbo_kel_3_fakultas\system\Database\MySQLi\Connection.php(295): mysqli->query('INSERT INTO `fa...', 0)
#1 E:\UNU\Pelajaran\Semester 4\PBO\uas_pbo_kel_3_fakultas\system\Database\BaseConnection.php(692): CodeIgniter\Database\MySQLi\Connection->execute('INSERT INTO `fa...')
#2 E:\UNU\Pelajaran\Semester 4\PBO\uas_pbo_kel_3_fakultas\system\Database\BaseConnection.php(606): CodeIgniter\Database\BaseConnection->simpleQuery('INSERT INTO `fa...')
#3 E:\UNU\Pelajaran\Semester 4\PBO\uas_pbo_kel_3_fakultas\system\Database\BaseBuilder.php(1801): CodeIgniter\Database\BaseConnection->query('INSERT INTO `fa...', NULL, false)
#4 E:\UNU\Pelajaran\Semester 4\PBO\uas_pbo_kel_3_fakultas\system\Database\BaseBuilder.php(2192): CodeIgniter\Database\BaseBuilder->batchExecute('_insertBatch', 100)
#5 E:\UNU\Pelajaran\Semester 4\PBO\uas_pbo_kel_3_fakultas\app\Database\Seeds\FakultasSeeder.php(24): CodeIgniter\Database\BaseBuilder->insertBatch(Array)
#6 E:\UNU\Pelajaran\Semester 4\PBO\uas_pbo_kel_3_fakultas\system\Database\Seeder.php(146): App\Database\Seeds\FakultasSeeder->run()
#7 E:\UNU\Pelajaran\Semester 4\PBO\uas_pbo_kel_3_fakultas\system\Commands\Database\Seed.php(77): CodeIgniter\Database\Seeder->call('App\\Database\\Se...')
#8 E:\UNU\Pelajaran\Semester 4\PBO\uas_pbo_kel_3_fakultas\system\CLI\Commands.php(65): CodeIgniter\Commands\Database\Seed->run(Array)
#9 E:\UNU\Pelajaran\Semester 4\PBO\uas_pbo_kel_3_fakultas\system\CLI\Console.php(37): CodeIgniter\CLI\Commands->run('db:seed', Array)
#10 E:\UNU\Pelajaran\Semester 4\PBO\uas_pbo_kel_3_fakultas\spark(97): CodeIgniter\CLI\Console->run()
#11 {main}
ERROR - 2023-07-16 13:55:21 --> mysqli_sql_exception: Column count doesn't match value count at row 1 in E:\UNU\Pelajaran\Semester 4\PBO\uas_pbo_kel_3_fakultas\system\Database\MySQLi\Connection.php:295
Stack trace:
#0 E:\UNU\Pelajaran\Semester 4\PBO\uas_pbo_kel_3_fakultas\system\Database\MySQLi\Connection.php(295): mysqli->query('INSERT INTO `fa...', 0)
#1 E:\UNU\Pelajaran\Semester 4\PBO\uas_pbo_kel_3_fakultas\system\Database\BaseConnection.php(692): CodeIgniter\Database\MySQLi\Connection->execute('INSERT INTO `fa...')
#2 E:\UNU\Pelajaran\Semester 4\PBO\uas_pbo_kel_3_fakultas\system\Database\BaseConnection.php(606): CodeIgniter\Database\BaseConnection->simpleQuery('INSERT INTO `fa...')
#3 E:\UNU\Pelajaran\Semester 4\PBO\uas_pbo_kel_3_fakultas\system\Database\BaseBuilder.php(1801): CodeIgniter\Database\BaseConnection->query('INSERT INTO `fa...', NULL, false)
#4 E:\UNU\Pelajaran\Semester 4\PBO\uas_pbo_kel_3_fakultas\system\Database\BaseBuilder.php(2192): CodeIgniter\Database\BaseBuilder->batchExecute('_insertBatch', 100)
#5 E:\UNU\Pelajaran\Semester 4\PBO\uas_pbo_kel_3_fakultas\app\Database\Seeds\FakultasSeeder.php(24): CodeIgniter\Database\BaseBuilder->insertBatch(Array)
#6 E:\UNU\Pelajaran\Semester 4\PBO\uas_pbo_kel_3_fakultas\system\Database\Seeder.php(146): App\Database\Seeds\FakultasSeeder->run()
#7 E:\UNU\Pelajaran\Semester 4\PBO\uas_pbo_kel_3_fakultas\system\Commands\Database\Seed.php(77): CodeIgniter\Database\Seeder->call('App\\Database\\Se...')
#8 E:\UNU\Pelajaran\Semester 4\PBO\uas_pbo_kel_3_fakultas\system\CLI\Commands.php(65): CodeIgniter\Commands\Database\Seed->run(Array)
#9 E:\UNU\Pelajaran\Semester 4\PBO\uas_pbo_kel_3_fakultas\system\CLI\Console.php(37): CodeIgniter\CLI\Commands->run('db:seed', Array)
#10 E:\UNU\Pelajaran\Semester 4\PBO\uas_pbo_kel_3_fakultas\spark(97): CodeIgniter\CLI\Console->run()
#11 {main}
