ERROR - 2023-07-26 06:36:01 --> mysqli_sql_exception: Unknown column 'id' in 'order clause' in C:\Users\MUHAMMAD FAISHAL\Documents\GitHub\uas_pbo_kel_3_fakultas\system\Database\MySQLi\Connection.php:295
Stack trace:
#0 C:\Users\MUHAMMAD FAISHAL\Documents\GitHub\uas_pbo_kel_3_fakultas\system\Database\MySQLi\Connection.php(295): mysqli->query('SELECT *\nFROM `...', 0)
#1 C:\Users\MUHAMMAD FAISHAL\Documents\GitHub\uas_pbo_kel_3_fakultas\system\Database\BaseConnection.php(692): CodeIgniter\Database\MySQLi\Connection->execute('SELECT *\nFROM `...')
#2 C:\Users\MUHAMMAD FAISHAL\Documents\GitHub\uas_pbo_kel_3_fakultas\system\Database\BaseConnection.php(606): CodeIgniter\Database\BaseConnection->simpleQuery('SELECT *\nFROM `...')
#3 C:\Users\MUHAMMAD FAISHAL\Documents\GitHub\uas_pbo_kel_3_fakultas\system\Database\BaseBuilder.php(1616): CodeIgniter\Database\BaseConnection->query('SELECT *\nFROM `...', Array, false)
#4 C:\Users\MUHAMMAD FAISHAL\Documents\GitHub\uas_pbo_kel_3_fakultas\system\Model.php(268): CodeIgniter\Database\BaseBuilder->get()
#5 C:\Users\MUHAMMAD FAISHAL\Documents\GitHub\uas_pbo_kel_3_fakultas\system\BaseModel.php(656): CodeIgniter\Model->doFirst()
#6 C:\Users\MUHAMMAD FAISHAL\Documents\GitHub\uas_pbo_kel_3_fakultas\app\Models\FakultasModel.php(23): CodeIgniter\BaseModel->first()
#7 C:\Users\MUHAMMAD FAISHAL\Documents\GitHub\uas_pbo_kel_3_fakultas\app\Controllers\Fakultas.php(34): App\Models\FakultasModel->generateKodeFakultas()
#8 C:\Users\MUHAMMAD FAISHAL\Documents\GitHub\uas_pbo_kel_3_fakultas\system\CodeIgniter.php(932): App\Controllers\Fakultas->createNewFakultas()
#9 C:\Users\MUHAMMAD FAISHAL\Documents\GitHub\uas_pbo_kel_3_fakultas\system\CodeIgniter.php(497): CodeIgniter\CodeIgniter->runController(Object(App\Controllers\Fakultas))
#10 C:\Users\MUHAMMAD FAISHAL\Documents\GitHub\uas_pbo_kel_3_fakultas\system\CodeIgniter.php(366): CodeIgniter\CodeIgniter->handleRequest(NULL, Object(Config\Cache), false)
#11 C:\Users\MUHAMMAD FAISHAL\Documents\GitHub\uas_pbo_kel_3_fakultas\public\index.php(67): CodeIgniter\CodeIgniter->run()
#12 C:\Users\MUHAMMAD FAISHAL\Documents\GitHub\uas_pbo_kel_3_fakultas\system\Commands\Server\rewrite.php(47): require_once('C:\\Users\\MUHAMM...')
#13 {main}
CRITICAL - 2023-07-26 06:36:01 --> Unknown column 'id' in 'order clause'
in SYSTEMPATH\Database\MySQLi\Connection.php on line 295.
 1 SYSTEMPATH\Database\MySQLi\Connection.php(295): mysqli->query('SELECT *
FROM `fakultas`
ORDER BY `id` DESC
 LIMIT 1', 0)
 2 SYSTEMPATH\Database\BaseConnection.php(692): CodeIgniter\Database\MySQLi\Connection->execute('SELECT *
FROM `fakultas`
ORDER BY `id` DESC
 LIMIT 1')
 3 SYSTEMPATH\Database\BaseConnection.php(606): CodeIgniter\Database\BaseConnection->simpleQuery('SELECT *
FROM `fakultas`
ORDER BY `id` DESC
 LIMIT 1')
 4 SYSTEMPATH\Database\BaseBuilder.php(1616): CodeIgniter\Database\BaseConnection->query('SELECT *
FROM `fakultas`
ORDER BY `id` DESC
 LIMIT 1', [], false)
 5 SYSTEMPATH\Model.php(268): CodeIgniter\Database\BaseBuilder->get()
 6 SYSTEMPATH\BaseModel.php(656): CodeIgniter\Model->doFirst()
 7 APPPATH\Models\FakultasModel.php(23): CodeIgniter\BaseModel->first()
 8 APPPATH\Controllers\Fakultas.php(34): App\Models\FakultasModel->generateKodeFakultas()
 9 SYSTEMPATH\CodeIgniter.php(932): App\Controllers\Fakultas->createNewFakultas()
10 SYSTEMPATH\CodeIgniter.php(497): CodeIgniter\CodeIgniter->runController(Object(App\Controllers\Fakultas))
11 SYSTEMPATH\CodeIgniter.php(366): CodeIgniter\CodeIgniter->handleRequest(null, Object(Config\Cache), false)
12 FCPATH\index.php(67): CodeIgniter\CodeIgniter->run()
13 SYSTEMPATH\Commands\Server\rewrite.php(47): require_once('C:\\Users\\MUHAMMAD FAISHAL\\Documents\\GitHub\\uas_pbo_kel_3_fakultas\\public\\index.php')
ERROR - 2023-07-26 06:36:27 --> mysqli_sql_exception: Unknown column 'id' in 'order clause' in C:\Users\MUHAMMAD FAISHAL\Documents\GitHub\uas_pbo_kel_3_fakultas\system\Database\MySQLi\Connection.php:295
Stack trace:
#0 C:\Users\MUHAMMAD FAISHAL\Documents\GitHub\uas_pbo_kel_3_fakultas\system\Database\MySQLi\Connection.php(295): mysqli->query('SELECT *\nFROM `...', 0)
#1 C:\Users\MUHAMMAD FAISHAL\Documents\GitHub\uas_pbo_kel_3_fakultas\system\Database\BaseConnection.php(692): CodeIgniter\Database\MySQLi\Connection->execute('SELECT *\nFROM `...')
#2 C:\Users\MUHAMMAD FAISHAL\Documents\GitHub\uas_pbo_kel_3_fakultas\system\Database\BaseConnection.php(606): CodeIgniter\Database\BaseConnection->simpleQuery('SELECT *\nFROM `...')
#3 C:\Users\MUHAMMAD FAISHAL\Documents\GitHub\uas_pbo_kel_3_fakultas\system\Database\BaseBuilder.php(1616): CodeIgniter\Database\BaseConnection->query('SELECT *\nFROM `...', Array, false)
#4 C:\Users\MUHAMMAD FAISHAL\Documents\GitHub\uas_pbo_kel_3_fakultas\system\Model.php(268): CodeIgniter\Database\BaseBuilder->get()
#5 C:\Users\MUHAMMAD FAISHAL\Documents\GitHub\uas_pbo_kel_3_fakultas\system\BaseModel.php(656): CodeIgniter\Model->doFirst()
#6 C:\Users\MUHAMMAD FAISHAL\Documents\GitHub\uas_pbo_kel_3_fakultas\app\Models\FakultasModel.php(23): CodeIgniter\BaseModel->first()
#7 C:\Users\MUHAMMAD FAISHAL\Documents\GitHub\uas_pbo_kel_3_fakultas\app\Controllers\Fakultas.php(34): App\Models\FakultasModel->generateKodeFakultas()
#8 C:\Users\MUHAMMAD FAISHAL\Documents\GitHub\uas_pbo_kel_3_fakultas\system\CodeIgniter.php(932): App\Controllers\Fakultas->createNewFakultas()
#9 C:\Users\MUHAMMAD FAISHAL\Documents\GitHub\uas_pbo_kel_3_fakultas\system\CodeIgniter.php(497): CodeIgniter\CodeIgniter->runController(Object(App\Controllers\Fakultas))
#10 C:\Users\MUHAMMAD FAISHAL\Documents\GitHub\uas_pbo_kel_3_fakultas\system\CodeIgniter.php(366): CodeIgniter\CodeIgniter->handleRequest(NULL, Object(Config\Cache), false)
#11 C:\Users\MUHAMMAD FAISHAL\Documents\GitHub\uas_pbo_kel_3_fakultas\public\index.php(67): CodeIgniter\CodeIgniter->run()
#12 C:\Users\MUHAMMAD FAISHAL\Documents\GitHub\uas_pbo_kel_3_fakultas\system\Commands\Server\rewrite.php(47): require_once('C:\\Users\\MUHAMM...')
#13 {main}
CRITICAL - 2023-07-26 06:36:27 --> Unknown column 'id' in 'order clause'
in SYSTEMPATH\Database\MySQLi\Connection.php on line 295.
 1 SYSTEMPATH\Database\MySQLi\Connection.php(295): mysqli->query('SELECT *
FROM `fakultas`
ORDER BY `id` DESC
 LIMIT 1', 0)
 2 SYSTEMPATH\Database\BaseConnection.php(692): CodeIgniter\Database\MySQLi\Connection->execute('SELECT *
FROM `fakultas`
ORDER BY `id` DESC
 LIMIT 1')
 3 SYSTEMPATH\Database\BaseConnection.php(606): CodeIgniter\Database\BaseConnection->simpleQuery('SELECT *
FROM `fakultas`
ORDER BY `id` DESC
 LIMIT 1')
 4 SYSTEMPATH\Database\BaseBuilder.php(1616): CodeIgniter\Database\BaseConnection->query('SELECT *
FROM `fakultas`
ORDER BY `id` DESC
 LIMIT 1', [], false)
 5 SYSTEMPATH\Model.php(268): CodeIgniter\Database\BaseBuilder->get()
 6 SYSTEMPATH\BaseModel.php(656): CodeIgniter\Model->doFirst()
 7 APPPATH\Models\FakultasModel.php(23): CodeIgniter\BaseModel->first()
 8 APPPATH\Controllers\Fakultas.php(34): App\Models\FakultasModel->generateKodeFakultas()
 9 SYSTEMPATH\CodeIgniter.php(932): App\Controllers\Fakultas->createNewFakultas()
10 SYSTEMPATH\CodeIgniter.php(497): CodeIgniter\CodeIgniter->runController(Object(App\Controllers\Fakultas))
11 SYSTEMPATH\CodeIgniter.php(366): CodeIgniter\CodeIgniter->handleRequest(null, Object(Config\Cache), false)
12 FCPATH\index.php(67): CodeIgniter\CodeIgniter->run()
13 SYSTEMPATH\Commands\Server\rewrite.php(47): require_once('C:\\Users\\MUHAMMAD FAISHAL\\Documents\\GitHub\\uas_pbo_kel_3_fakultas\\public\\index.php')
ERROR - 2023-07-26 06:36:31 --> mysqli_sql_exception: Unknown column 'id' in 'order clause' in C:\Users\MUHAMMAD FAISHAL\Documents\GitHub\uas_pbo_kel_3_fakultas\system\Database\MySQLi\Connection.php:295
Stack trace:
#0 C:\Users\MUHAMMAD FAISHAL\Documents\GitHub\uas_pbo_kel_3_fakultas\system\Database\MySQLi\Connection.php(295): mysqli->query('SELECT *\nFROM `...', 0)
#1 C:\Users\MUHAMMAD FAISHAL\Documents\GitHub\uas_pbo_kel_3_fakultas\system\Database\BaseConnection.php(692): CodeIgniter\Database\MySQLi\Connection->execute('SELECT *\nFROM `...')
#2 C:\Users\MUHAMMAD FAISHAL\Documents\GitHub\uas_pbo_kel_3_fakultas\system\Database\BaseConnection.php(606): CodeIgniter\Database\BaseConnection->simpleQuery('SELECT *\nFROM `...')
#3 C:\Users\MUHAMMAD FAISHAL\Documents\GitHub\uas_pbo_kel_3_fakultas\system\Database\BaseBuilder.php(1616): CodeIgniter\Database\BaseConnection->query('SELECT *\nFROM `...', Array, false)
#4 C:\Users\MUHAMMAD FAISHAL\Documents\GitHub\uas_pbo_kel_3_fakultas\system\Model.php(268): CodeIgniter\Database\BaseBuilder->get()
#5 C:\Users\MUHAMMAD FAISHAL\Documents\GitHub\uas_pbo_kel_3_fakultas\system\BaseModel.php(656): CodeIgniter\Model->doFirst()
#6 C:\Users\MUHAMMAD FAISHAL\Documents\GitHub\uas_pbo_kel_3_fakultas\app\Models\FakultasModel.php(23): CodeIgniter\BaseModel->first()
#7 C:\Users\MUHAMMAD FAISHAL\Documents\GitHub\uas_pbo_kel_3_fakultas\app\Controllers\Fakultas.php(34): App\Models\FakultasModel->generateKodeFakultas()
#8 C:\Users\MUHAMMAD FAISHAL\Documents\GitHub\uas_pbo_kel_3_fakultas\system\CodeIgniter.php(932): App\Controllers\Fakultas->createNewFakultas()
#9 C:\Users\MUHAMMAD FAISHAL\Documents\GitHub\uas_pbo_kel_3_fakultas\system\CodeIgniter.php(497): CodeIgniter\CodeIgniter->runController(Object(App\Controllers\Fakultas))
#10 C:\Users\MUHAMMAD FAISHAL\Documents\GitHub\uas_pbo_kel_3_fakultas\system\CodeIgniter.php(366): CodeIgniter\CodeIgniter->handleRequest(NULL, Object(Config\Cache), false)
#11 C:\Users\MUHAMMAD FAISHAL\Documents\GitHub\uas_pbo_kel_3_fakultas\public\index.php(67): CodeIgniter\CodeIgniter->run()
#12 C:\Users\MUHAMMAD FAISHAL\Documents\GitHub\uas_pbo_kel_3_fakultas\system\Commands\Server\rewrite.php(47): require_once('C:\\Users\\MUHAMM...')
#13 {main}
CRITICAL - 2023-07-26 06:36:31 --> Unknown column 'id' in 'order clause'
in SYSTEMPATH\Database\MySQLi\Connection.php on line 295.
 1 SYSTEMPATH\Database\MySQLi\Connection.php(295): mysqli->query('SELECT *
FROM `fakultas`
ORDER BY `id` DESC
 LIMIT 1', 0)
 2 SYSTEMPATH\Database\BaseConnection.php(692): CodeIgniter\Database\MySQLi\Connection->execute('SELECT *
FROM `fakultas`
ORDER BY `id` DESC
 LIMIT 1')
 3 SYSTEMPATH\Database\BaseConnection.php(606): CodeIgniter\Database\BaseConnection->simpleQuery('SELECT *
FROM `fakultas`
ORDER BY `id` DESC
 LIMIT 1')
 4 SYSTEMPATH\Database\BaseBuilder.php(1616): CodeIgniter\Database\BaseConnection->query('SELECT *
FROM `fakultas`
ORDER BY `id` DESC
 LIMIT 1', [], false)
 5 SYSTEMPATH\Model.php(268): CodeIgniter\Database\BaseBuilder->get()
 6 SYSTEMPATH\BaseModel.php(656): CodeIgniter\Model->doFirst()
 7 APPPATH\Models\FakultasModel.php(23): CodeIgniter\BaseModel->first()
 8 APPPATH\Controllers\Fakultas.php(34): App\Models\FakultasModel->generateKodeFakultas()
 9 SYSTEMPATH\CodeIgniter.php(932): App\Controllers\Fakultas->createNewFakultas()
10 SYSTEMPATH\CodeIgniter.php(497): CodeIgniter\CodeIgniter->runController(Object(App\Controllers\Fakultas))
11 SYSTEMPATH\CodeIgniter.php(366): CodeIgniter\CodeIgniter->handleRequest(null, Object(Config\Cache), false)
12 FCPATH\index.php(67): CodeIgniter\CodeIgniter->run()
13 SYSTEMPATH\Commands\Server\rewrite.php(47): require_once('C:\\Users\\MUHAMMAD FAISHAL\\Documents\\GitHub\\uas_pbo_kel_3_fakultas\\public\\index.php')
ERROR - 2023-07-26 06:36:37 --> mysqli_sql_exception: Unknown column 'id' in 'order clause' in C:\Users\MUHAMMAD FAISHAL\Documents\GitHub\uas_pbo_kel_3_fakultas\system\Database\MySQLi\Connection.php:295
Stack trace:
#0 C:\Users\MUHAMMAD FAISHAL\Documents\GitHub\uas_pbo_kel_3_fakultas\system\Database\MySQLi\Connection.php(295): mysqli->query('SELECT *\nFROM `...', 0)
#1 C:\Users\MUHAMMAD FAISHAL\Documents\GitHub\uas_pbo_kel_3_fakultas\system\Database\BaseConnection.php(692): CodeIgniter\Database\MySQLi\Connection->execute('SELECT *\nFROM `...')
#2 C:\Users\MUHAMMAD FAISHAL\Documents\GitHub\uas_pbo_kel_3_fakultas\system\Database\BaseConnection.php(606): CodeIgniter\Database\BaseConnection->simpleQuery('SELECT *\nFROM `...')
#3 C:\Users\MUHAMMAD FAISHAL\Documents\GitHub\uas_pbo_kel_3_fakultas\system\Database\BaseBuilder.php(1616): CodeIgniter\Database\BaseConnection->query('SELECT *\nFROM `...', Array, false)
#4 C:\Users\MUHAMMAD FAISHAL\Documents\GitHub\uas_pbo_kel_3_fakultas\system\Model.php(268): CodeIgniter\Database\BaseBuilder->get()
#5 C:\Users\MUHAMMAD FAISHAL\Documents\GitHub\uas_pbo_kel_3_fakultas\system\BaseModel.php(656): CodeIgniter\Model->doFirst()
#6 C:\Users\MUHAMMAD FAISHAL\Documents\GitHub\uas_pbo_kel_3_fakultas\app\Models\FakultasModel.php(23): CodeIgniter\BaseModel->first()
#7 C:\Users\MUHAMMAD FAISHAL\Documents\GitHub\uas_pbo_kel_3_fakultas\app\Controllers\Fakultas.php(34): App\Models\FakultasModel->generateKodeFakultas()
#8 C:\Users\MUHAMMAD FAISHAL\Documents\GitHub\uas_pbo_kel_3_fakultas\system\CodeIgniter.php(932): App\Controllers\Fakultas->createNewFakultas()
#9 C:\Users\MUHAMMAD FAISHAL\Documents\GitHub\uas_pbo_kel_3_fakultas\system\CodeIgniter.php(497): CodeIgniter\CodeIgniter->runController(Object(App\Controllers\Fakultas))
#10 C:\Users\MUHAMMAD FAISHAL\Documents\GitHub\uas_pbo_kel_3_fakultas\system\CodeIgniter.php(366): CodeIgniter\CodeIgniter->handleRequest(NULL, Object(Config\Cache), false)
#11 C:\Users\MUHAMMAD FAISHAL\Documents\GitHub\uas_pbo_kel_3_fakultas\public\index.php(67): CodeIgniter\CodeIgniter->run()
#12 C:\Users\MUHAMMAD FAISHAL\Documents\GitHub\uas_pbo_kel_3_fakultas\system\Commands\Server\rewrite.php(47): require_once('C:\\Users\\MUHAMM...')
#13 {main}
CRITICAL - 2023-07-26 06:36:37 --> Unknown column 'id' in 'order clause'
in SYSTEMPATH\Database\MySQLi\Connection.php on line 295.
 1 SYSTEMPATH\Database\MySQLi\Connection.php(295): mysqli->query('SELECT *
FROM `fakultas`
ORDER BY `id` DESC
 LIMIT 1', 0)
 2 SYSTEMPATH\Database\BaseConnection.php(692): CodeIgniter\Database\MySQLi\Connection->execute('SELECT *
FROM `fakultas`
ORDER BY `id` DESC
 LIMIT 1')
 3 SYSTEMPATH\Database\BaseConnection.php(606): CodeIgniter\Database\BaseConnection->simpleQuery('SELECT *
FROM `fakultas`
ORDER BY `id` DESC
 LIMIT 1')
 4 SYSTEMPATH\Database\BaseBuilder.php(1616): CodeIgniter\Database\BaseConnection->query('SELECT *
FROM `fakultas`
ORDER BY `id` DESC
 LIMIT 1', [], false)
 5 SYSTEMPATH\Model.php(268): CodeIgniter\Database\BaseBuilder->get()
 6 SYSTEMPATH\BaseModel.php(656): CodeIgniter\Model->doFirst()
 7 APPPATH\Models\FakultasModel.php(23): CodeIgniter\BaseModel->first()
 8 APPPATH\Controllers\Fakultas.php(34): App\Models\FakultasModel->generateKodeFakultas()
 9 SYSTEMPATH\CodeIgniter.php(932): App\Controllers\Fakultas->createNewFakultas()
10 SYSTEMPATH\CodeIgniter.php(497): CodeIgniter\CodeIgniter->runController(Object(App\Controllers\Fakultas))
11 SYSTEMPATH\CodeIgniter.php(366): CodeIgniter\CodeIgniter->handleRequest(null, Object(Config\Cache), false)
12 FCPATH\index.php(67): CodeIgniter\CodeIgniter->run()
13 SYSTEMPATH\Commands\Server\rewrite.php(47): require_once('C:\\Users\\MUHAMMAD FAISHAL\\Documents\\GitHub\\uas_pbo_kel_3_fakultas\\public\\index.php')
ERROR - 2023-07-26 06:38:08 --> mysqli_sql_exception: You have an error in your SQL syntax; check the manual that corresponds to your MariaDB server version for the right syntax to use near '))' at line 1 in C:\Users\MUHAMMAD FAISHAL\Documents\GitHub\uas_pbo_kel_3_fakultas\system\Database\MySQLi\Connection.php:295
Stack trace:
#0 C:\Users\MUHAMMAD FAISHAL\Documents\GitHub\uas_pbo_kel_3_fakultas\system\Database\MySQLi\Connection.php(295): mysqli->query('INSERT INTO `fa...', 0)
#1 C:\Users\MUHAMMAD FAISHAL\Documents\GitHub\uas_pbo_kel_3_fakultas\system\Database\BaseConnection.php(692): CodeIgniter\Database\MySQLi\Connection->execute('INSERT INTO `fa...')
#2 C:\Users\MUHAMMAD FAISHAL\Documents\GitHub\uas_pbo_kel_3_fakultas\system\Database\BaseConnection.php(606): CodeIgniter\Database\BaseConnection->simpleQuery('INSERT INTO `fa...')
#3 C:\Users\MUHAMMAD FAISHAL\Documents\GitHub\uas_pbo_kel_3_fakultas\system\Database\BaseBuilder.php(2309): CodeIgniter\Database\BaseConnection->query('INSERT INTO `fa...', Array, false)
#4 C:\Users\MUHAMMAD FAISHAL\Documents\GitHub\uas_pbo_kel_3_fakultas\system\Model.php(330): CodeIgniter\Database\BaseBuilder->insert()
#5 C:\Users\MUHAMMAD FAISHAL\Documents\GitHub\uas_pbo_kel_3_fakultas\system\BaseModel.php(782): CodeIgniter\Model->doInsert(Array)
#6 C:\Users\MUHAMMAD FAISHAL\Documents\GitHub\uas_pbo_kel_3_fakultas\system\Model.php(730): CodeIgniter\BaseModel->insert(Array, true)
#7 C:\Users\MUHAMMAD FAISHAL\Documents\GitHub\uas_pbo_kel_3_fakultas\app\Controllers\Fakultas.php(39): CodeIgniter\Model->insert(Array)
#8 C:\Users\MUHAMMAD FAISHAL\Documents\GitHub\uas_pbo_kel_3_fakultas\system\CodeIgniter.php(932): App\Controllers\Fakultas->createNewFakultas()
#9 C:\Users\MUHAMMAD FAISHAL\Documents\GitHub\uas_pbo_kel_3_fakultas\system\CodeIgniter.php(497): CodeIgniter\CodeIgniter->runController(Object(App\Controllers\Fakultas))
#10 C:\Users\MUHAMMAD FAISHAL\Documents\GitHub\uas_pbo_kel_3_fakultas\system\CodeIgniter.php(366): CodeIgniter\CodeIgniter->handleRequest(NULL, Object(Config\Cache), false)
#11 C:\Users\MUHAMMAD FAISHAL\Documents\GitHub\uas_pbo_kel_3_fakultas\public\index.php(67): CodeIgniter\CodeIgniter->run()
#12 C:\Users\MUHAMMAD FAISHAL\Documents\GitHub\uas_pbo_kel_3_fakultas\system\Commands\Server\rewrite.php(47): require_once('C:\\Users\\MUHAMM...')
#13 {main}
CRITICAL - 2023-07-26 06:38:08 --> You have an error in your SQL syntax; check the manual that corresponds to your MariaDB server version for the right syntax to use near '))' at line 1
in SYSTEMPATH\Database\MySQLi\Connection.php on line 295.
 1 SYSTEMPATH\Database\MySQLi\Connection.php(295): mysqli->query('INSERT INTO `fakultas` (`nama_fakultas`, `kd_fakultas`, `id_ruangan`) VALUES (NULL, \'F017001\', ())', 0)
 2 SYSTEMPATH\Database\BaseConnection.php(692): CodeIgniter\Database\MySQLi\Connection->execute('INSERT INTO `fakultas` (`nama_fakultas`, `kd_fakultas`, `id_ruangan`) VALUES (NULL, \'F017001\', ())')
 3 SYSTEMPATH\Database\BaseConnection.php(606): CodeIgniter\Database\BaseConnection->simpleQuery('INSERT INTO `fakultas` (`nama_fakultas`, `kd_fakultas`, `id_ruangan`) VALUES (NULL, \'F017001\', ())')
 4 SYSTEMPATH\Database\BaseBuilder.php(2309): CodeIgniter\Database\BaseConnection->query('INSERT INTO `fakultas` (`nama_fakultas`, `kd_fakultas`, `id_ruangan`) VALUES (:nama_fakultas:, :kd_fakultas:, :id_ruangan:)', [...], false)
 5 SYSTEMPATH\Model.php(330): CodeIgniter\Database\BaseBuilder->insert()
 6 SYSTEMPATH\BaseModel.php(782): CodeIgniter\Model->doInsert([...])
 7 SYSTEMPATH\Model.php(730): CodeIgniter\BaseModel->insert([...], true)
 8 APPPATH\Controllers\Fakultas.php(39): CodeIgniter\Model->insert([...])
 9 SYSTEMPATH\CodeIgniter.php(932): App\Controllers\Fakultas->createNewFakultas()
10 SYSTEMPATH\CodeIgniter.php(497): CodeIgniter\CodeIgniter->runController(Object(App\Controllers\Fakultas))
11 SYSTEMPATH\CodeIgniter.php(366): CodeIgniter\CodeIgniter->handleRequest(null, Object(Config\Cache), false)
12 FCPATH\index.php(67): CodeIgniter\CodeIgniter->run()
13 SYSTEMPATH\Commands\Server\rewrite.php(47): require_once('C:\\Users\\MUHAMMAD FAISHAL\\Documents\\GitHub\\uas_pbo_kel_3_fakultas\\public\\index.php')
CRITICAL - 2023-07-26 06:50:37 --> Undefined variable $ruangan
in APPPATH\Views\fakultas\index.php on line 36.
 1 APPPATH\Views\fakultas\index.php(36): CodeIgniter\Debug\Exceptions->errorHandler(2, 'Undefined variable $ruangan', 'C:\\Users\\MUHAMMAD FAISHAL\\Documents\\GitHub\\uas_pbo_kel_3_fakultas\\app\\Views\\fakultas\\index.php', 36)
 2 SYSTEMPATH\View\View.php(224): include('C:\\Users\\MUHAMMAD FAISHAL\\Documents\\GitHub\\uas_pbo_kel_3_fakultas\\app\\Views\\fakultas\\index.php')
 3 SYSTEMPATH\View\View.php(227): CodeIgniter\View\View->CodeIgniter\View\{closure}()
 4 SYSTEMPATH\Common.php(1180): CodeIgniter\View\View->render('fakultas/index', [], true)
 5 APPPATH\Controllers\Fakultas.php(29): view('fakultas/index', [...])
 6 SYSTEMPATH\CodeIgniter.php(932): App\Controllers\Fakultas->index()
 7 SYSTEMPATH\CodeIgniter.php(497): CodeIgniter\CodeIgniter->runController(Object(App\Controllers\Fakultas))
 8 SYSTEMPATH\CodeIgniter.php(366): CodeIgniter\CodeIgniter->handleRequest(null, Object(Config\Cache), false)
 9 FCPATH\index.php(67): CodeIgniter\CodeIgniter->run()
10 SYSTEMPATH\Commands\Server\rewrite.php(47): require_once('C:\\Users\\MUHAMMAD FAISHAL\\Documents\\GitHub\\uas_pbo_kel_3_fakultas\\public\\index.php')
CRITICAL - 2023-07-26 06:50:54 --> There is no data to insert.
in SYSTEMPATH\BaseModel.php on line 762.
 1 SYSTEMPATH\BaseModel.php(762): CodeIgniter\Database\Exceptions\DataException::forEmptyDataset('insert')
 2 SYSTEMPATH\Model.php(730): CodeIgniter\BaseModel->insert([], true)
 3 APPPATH\Controllers\Fakultas.php(41): CodeIgniter\Model->insert([...])
 4 SYSTEMPATH\CodeIgniter.php(932): App\Controllers\Fakultas->createNewFakultas()
 5 SYSTEMPATH\CodeIgniter.php(497): CodeIgniter\CodeIgniter->runController(Object(App\Controllers\Fakultas))
 6 SYSTEMPATH\CodeIgniter.php(366): CodeIgniter\CodeIgniter->handleRequest(null, Object(Config\Cache), false)
 7 FCPATH\index.php(67): CodeIgniter\CodeIgniter->run()
 8 SYSTEMPATH\Commands\Server\rewrite.php(47): require_once('C:\\Users\\MUHAMMAD FAISHAL\\Documents\\GitHub\\uas_pbo_kel_3_fakultas\\public\\index.php')
CRITICAL - 2023-07-26 07:01:29 --> Undefined variable $ruangan
in APPPATH\Views\fakultas\index.php on line 36.
 1 APPPATH\Views\fakultas\index.php(36): CodeIgniter\Debug\Exceptions->errorHandler(2, 'Undefined variable $ruangan', 'C:\\Users\\MUHAMMAD FAISHAL\\Documents\\GitHub\\uas_pbo_kel_3_fakultas\\app\\Views\\fakultas\\index.php', 36)
 2 SYSTEMPATH\View\View.php(224): include('C:\\Users\\MUHAMMAD FAISHAL\\Documents\\GitHub\\uas_pbo_kel_3_fakultas\\app\\Views\\fakultas\\index.php')
 3 SYSTEMPATH\View\View.php(227): CodeIgniter\View\View->CodeIgniter\View\{closure}()
 4 SYSTEMPATH\Common.php(1180): CodeIgniter\View\View->render('fakultas/index', [], true)
 5 APPPATH\Controllers\Fakultas.php(30): view('fakultas/index', [...])
 6 SYSTEMPATH\CodeIgniter.php(932): App\Controllers\Fakultas->index()
 7 SYSTEMPATH\CodeIgniter.php(497): CodeIgniter\CodeIgniter->runController(Object(App\Controllers\Fakultas))
 8 SYSTEMPATH\CodeIgniter.php(366): CodeIgniter\CodeIgniter->handleRequest(null, Object(Config\Cache), false)
 9 FCPATH\index.php(67): CodeIgniter\CodeIgniter->run()
10 SYSTEMPATH\Commands\Server\rewrite.php(47): require_once('C:\\Users\\MUHAMMAD FAISHAL\\Documents\\GitHub\\uas_pbo_kel_3_fakultas\\public\\index.php')
CRITICAL - 2023-07-26 07:02:00 --> Trying to access array offset on value of type int
in APPPATH\Views\fakultas\index.php on line 34.
 1 APPPATH\Views\fakultas\index.php(34): CodeIgniter\Debug\Exceptions->errorHandler(2, 'Trying to access array offset on value of type int', 'C:\\Users\\MUHAMMAD FAISHAL\\Documents\\GitHub\\uas_pbo_kel_3_fakultas\\app\\Views\\fakultas\\index.php', 34)
 2 SYSTEMPATH\View\View.php(224): include('C:\\Users\\MUHAMMAD FAISHAL\\Documents\\GitHub\\uas_pbo_kel_3_fakultas\\app\\Views\\fakultas\\index.php')
 3 SYSTEMPATH\View\View.php(227): CodeIgniter\View\View->CodeIgniter\View\{closure}()
 4 SYSTEMPATH\Common.php(1180): CodeIgniter\View\View->render('fakultas/index', [], true)
 5 APPPATH\Controllers\Fakultas.php(31): view('fakultas/index', [...])
 6 SYSTEMPATH\CodeIgniter.php(932): App\Controllers\Fakultas->index()
 7 SYSTEMPATH\CodeIgniter.php(497): CodeIgniter\CodeIgniter->runController(Object(App\Controllers\Fakultas))
 8 SYSTEMPATH\CodeIgniter.php(366): CodeIgniter\CodeIgniter->handleRequest(null, Object(Config\Cache), false)
 9 FCPATH\index.php(67): CodeIgniter\CodeIgniter->run()
10 SYSTEMPATH\Commands\Server\rewrite.php(47): require_once('C:\\Users\\MUHAMMAD FAISHAL\\Documents\\GitHub\\uas_pbo_kel_3_fakultas\\public\\index.php')
CRITICAL - 2023-07-26 07:04:41 --> There is no data to insert.
in SYSTEMPATH\BaseModel.php on line 762.
 1 SYSTEMPATH\BaseModel.php(762): CodeIgniter\Database\Exceptions\DataException::forEmptyDataset('insert')
 2 SYSTEMPATH\Model.php(730): CodeIgniter\BaseModel->insert([], true)
 3 APPPATH\Controllers\Fakultas.php(42): CodeIgniter\Model->insert([...])
 4 SYSTEMPATH\CodeIgniter.php(932): App\Controllers\Fakultas->createNewFakultas()
 5 SYSTEMPATH\CodeIgniter.php(497): CodeIgniter\CodeIgniter->runController(Object(App\Controllers\Fakultas))
 6 SYSTEMPATH\CodeIgniter.php(366): CodeIgniter\CodeIgniter->handleRequest(null, Object(Config\Cache), false)
 7 FCPATH\index.php(67): CodeIgniter\CodeIgniter->run()
 8 SYSTEMPATH\Commands\Server\rewrite.php(47): require_once('C:\\Users\\MUHAMMAD FAISHAL\\Documents\\GitHub\\uas_pbo_kel_3_fakultas\\public\\index.php')
CRITICAL - 2023-07-26 07:14:36 --> There is no data to insert.
in SYSTEMPATH\BaseModel.php on line 762.
 1 SYSTEMPATH\BaseModel.php(762): CodeIgniter\Database\Exceptions\DataException::forEmptyDataset('insert')
 2 SYSTEMPATH\Model.php(730): CodeIgniter\BaseModel->insert([], true)
 3 APPPATH\Controllers\Fakultas.php(42): CodeIgniter\Model->insert([...])
 4 SYSTEMPATH\CodeIgniter.php(932): App\Controllers\Fakultas->createNewFakultas()
 5 SYSTEMPATH\CodeIgniter.php(497): CodeIgniter\CodeIgniter->runController(Object(App\Controllers\Fakultas))
 6 SYSTEMPATH\CodeIgniter.php(366): CodeIgniter\CodeIgniter->handleRequest(null, Object(Config\Cache), false)
 7 FCPATH\index.php(67): CodeIgniter\CodeIgniter->run()
 8 SYSTEMPATH\Commands\Server\rewrite.php(47): require_once('C:\\Users\\MUHAMMAD FAISHAL\\Documents\\GitHub\\uas_pbo_kel_3_fakultas\\public\\index.php')
CRITICAL - 2023-07-26 07:15:38 --> There is no data to insert.
in SYSTEMPATH\BaseModel.php on line 762.
 1 SYSTEMPATH\BaseModel.php(762): CodeIgniter\Database\Exceptions\DataException::forEmptyDataset('insert')
 2 SYSTEMPATH\Model.php(730): CodeIgniter\BaseModel->insert([], true)
 3 APPPATH\Controllers\Fakultas.php(42): CodeIgniter\Model->insert([...])
 4 SYSTEMPATH\CodeIgniter.php(932): App\Controllers\Fakultas->createNewFakultas()
 5 SYSTEMPATH\CodeIgniter.php(497): CodeIgniter\CodeIgniter->runController(Object(App\Controllers\Fakultas))
 6 SYSTEMPATH\CodeIgniter.php(366): CodeIgniter\CodeIgniter->handleRequest(null, Object(Config\Cache), false)
 7 FCPATH\index.php(67): CodeIgniter\CodeIgniter->run()
 8 SYSTEMPATH\Commands\Server\rewrite.php(47): require_once('C:\\Users\\MUHAMMAD FAISHAL\\Documents\\GitHub\\uas_pbo_kel_3_fakultas\\public\\index.php')
CRITICAL - 2023-07-26 07:15:45 --> There is no data to insert.
in SYSTEMPATH\BaseModel.php on line 762.
 1 SYSTEMPATH\BaseModel.php(762): CodeIgniter\Database\Exceptions\DataException::forEmptyDataset('insert')
 2 SYSTEMPATH\Model.php(730): CodeIgniter\BaseModel->insert([], true)
 3 APPPATH\Controllers\Fakultas.php(42): CodeIgniter\Model->insert([...])
 4 SYSTEMPATH\CodeIgniter.php(932): App\Controllers\Fakultas->createNewFakultas()
 5 SYSTEMPATH\CodeIgniter.php(497): CodeIgniter\CodeIgniter->runController(Object(App\Controllers\Fakultas))
 6 SYSTEMPATH\CodeIgniter.php(366): CodeIgniter\CodeIgniter->handleRequest(null, Object(Config\Cache), false)
 7 FCPATH\index.php(67): CodeIgniter\CodeIgniter->run()
 8 SYSTEMPATH\Commands\Server\rewrite.php(47): require_once('C:\\Users\\MUHAMMAD FAISHAL\\Documents\\GitHub\\uas_pbo_kel_3_fakultas\\public\\index.php')
ERROR - 2023-07-26 07:24:20 --> mysqli_sql_exception: Column 'nama_fakultas' cannot be null in C:\Users\MUHAMMAD FAISHAL\Documents\GitHub\uas_pbo_kel_3_fakultas\system\Database\MySQLi\Connection.php:295
Stack trace:
#0 C:\Users\MUHAMMAD FAISHAL\Documents\GitHub\uas_pbo_kel_3_fakultas\system\Database\MySQLi\Connection.php(295): mysqli->query('INSERT INTO `fa...', 0)
#1 C:\Users\MUHAMMAD FAISHAL\Documents\GitHub\uas_pbo_kel_3_fakultas\system\Database\BaseConnection.php(692): CodeIgniter\Database\MySQLi\Connection->execute('INSERT INTO `fa...')
#2 C:\Users\MUHAMMAD FAISHAL\Documents\GitHub\uas_pbo_kel_3_fakultas\system\Database\BaseConnection.php(606): CodeIgniter\Database\BaseConnection->simpleQuery('INSERT INTO `fa...')
#3 C:\Users\MUHAMMAD FAISHAL\Documents\GitHub\uas_pbo_kel_3_fakultas\system\Database\BaseBuilder.php(2309): CodeIgniter\Database\BaseConnection->query('INSERT INTO `fa...', Array, false)
#4 C:\Users\MUHAMMAD FAISHAL\Documents\GitHub\uas_pbo_kel_3_fakultas\system\Model.php(330): CodeIgniter\Database\BaseBuilder->insert()
#5 C:\Users\MUHAMMAD FAISHAL\Documents\GitHub\uas_pbo_kel_3_fakultas\system\BaseModel.php(782): CodeIgniter\Model->doInsert(Array)
#6 C:\Users\MUHAMMAD FAISHAL\Documents\GitHub\uas_pbo_kel_3_fakultas\system\Model.php(730): CodeIgniter\BaseModel->insert(Array, true)
#7 C:\Users\MUHAMMAD FAISHAL\Documents\GitHub\uas_pbo_kel_3_fakultas\app\Controllers\Fakultas.php(44): CodeIgniter\Model->insert(Array)
#8 C:\Users\MUHAMMAD FAISHAL\Documents\GitHub\uas_pbo_kel_3_fakultas\system\CodeIgniter.php(932): App\Controllers\Fakultas->createNewFakultas()
#9 C:\Users\MUHAMMAD FAISHAL\Documents\GitHub\uas_pbo_kel_3_fakultas\system\CodeIgniter.php(497): CodeIgniter\CodeIgniter->runController(Object(App\Controllers\Fakultas))
#10 C:\Users\MUHAMMAD FAISHAL\Documents\GitHub\uas_pbo_kel_3_fakultas\system\CodeIgniter.php(366): CodeIgniter\CodeIgniter->handleRequest(NULL, Object(Config\Cache), false)
#11 C:\Users\MUHAMMAD FAISHAL\Documents\GitHub\uas_pbo_kel_3_fakultas\public\index.php(67): CodeIgniter\CodeIgniter->run()
#12 C:\Users\MUHAMMAD FAISHAL\Documents\GitHub\uas_pbo_kel_3_fakultas\system\Commands\Server\rewrite.php(47): require_once('C:\\Users\\MUHAMM...')
#13 {main}
CRITICAL - 2023-07-26 07:24:20 --> Column 'nama_fakultas' cannot be null
in SYSTEMPATH\Database\MySQLi\Connection.php on line 295.
 1 SYSTEMPATH\Database\MySQLi\Connection.php(295): mysqli->query('INSERT INTO `fakultas` (`nama_fakultas`, `kd_fakultas`, `id_ruangan`) VALUES (NULL, \'F017001\', \'1\')', 0)
 2 SYSTEMPATH\Database\BaseConnection.php(692): CodeIgniter\Database\MySQLi\Connection->execute('INSERT INTO `fakultas` (`nama_fakultas`, `kd_fakultas`, `id_ruangan`) VALUES (NULL, \'F017001\', \'1\')')
 3 SYSTEMPATH\Database\BaseConnection.php(606): CodeIgniter\Database\BaseConnection->simpleQuery('INSERT INTO `fakultas` (`nama_fakultas`, `kd_fakultas`, `id_ruangan`) VALUES (NULL, \'F017001\', \'1\')')
 4 SYSTEMPATH\Database\BaseBuilder.php(2309): CodeIgniter\Database\BaseConnection->query('INSERT INTO `fakultas` (`nama_fakultas`, `kd_fakultas`, `id_ruangan`) VALUES (:nama_fakultas:, :kd_fakultas:, :id_ruangan:)', [...], false)
 5 SYSTEMPATH\Model.php(330): CodeIgniter\Database\BaseBuilder->insert()
 6 SYSTEMPATH\BaseModel.php(782): CodeIgniter\Model->doInsert([...])
 7 SYSTEMPATH\Model.php(730): CodeIgniter\BaseModel->insert([...], true)
 8 APPPATH\Controllers\Fakultas.php(44): CodeIgniter\Model->insert([...])
 9 SYSTEMPATH\CodeIgniter.php(932): App\Controllers\Fakultas->createNewFakultas()
10 SYSTEMPATH\CodeIgniter.php(497): CodeIgniter\CodeIgniter->runController(Object(App\Controllers\Fakultas))
11 SYSTEMPATH\CodeIgniter.php(366): CodeIgniter\CodeIgniter->handleRequest(null, Object(Config\Cache), false)
12 FCPATH\index.php(67): CodeIgniter\CodeIgniter->run()
13 SYSTEMPATH\Commands\Server\rewrite.php(47): require_once('C:\\Users\\MUHAMMAD FAISHAL\\Documents\\GitHub\\uas_pbo_kel_3_fakultas\\public\\index.php')
CRITICAL - 2023-07-26 07:25:59 --> Undefined array key "nama_ruangan"
in APPPATH\Views\fakultas\index.php on line 86.
 1 APPPATH\Views\fakultas\index.php(86): CodeIgniter\Debug\Exceptions->errorHandler(2, 'Undefined array key "nama_ruangan"', 'C:\\Users\\MUHAMMAD FAISHAL\\Documents\\GitHub\\uas_pbo_kel_3_fakultas\\app\\Views\\fakultas\\index.php', 86)
 2 SYSTEMPATH\View\View.php(224): include('C:\\Users\\MUHAMMAD FAISHAL\\Documents\\GitHub\\uas_pbo_kel_3_fakultas\\app\\Views\\fakultas\\index.php')
 3 SYSTEMPATH\View\View.php(227): CodeIgniter\View\View->CodeIgniter\View\{closure}()
 4 SYSTEMPATH\Common.php(1180): CodeIgniter\View\View->render('fakultas/index', [], true)
 5 APPPATH\Controllers\Fakultas.php(29): view('fakultas/index', [...])
 6 SYSTEMPATH\CodeIgniter.php(932): App\Controllers\Fakultas->index()
 7 SYSTEMPATH\CodeIgniter.php(497): CodeIgniter\CodeIgniter->runController(Object(App\Controllers\Fakultas))
 8 SYSTEMPATH\CodeIgniter.php(366): CodeIgniter\CodeIgniter->handleRequest(null, Object(Config\Cache), false)
 9 FCPATH\index.php(67): CodeIgniter\CodeIgniter->run()
10 SYSTEMPATH\Commands\Server\rewrite.php(47): require_once('C:\\Users\\MUHAMMAD FAISHAL\\Documents\\GitHub\\uas_pbo_kel_3_fakultas\\public\\index.php')
CRITICAL - 2023-07-26 07:26:07 --> Undefined array key "nama_ruangan"
in APPPATH\Views\fakultas\index.php on line 86.
 1 APPPATH\Views\fakultas\index.php(86): CodeIgniter\Debug\Exceptions->errorHandler(2, 'Undefined array key "nama_ruangan"', 'C:\\Users\\MUHAMMAD FAISHAL\\Documents\\GitHub\\uas_pbo_kel_3_fakultas\\app\\Views\\fakultas\\index.php', 86)
 2 SYSTEMPATH\View\View.php(224): include('C:\\Users\\MUHAMMAD FAISHAL\\Documents\\GitHub\\uas_pbo_kel_3_fakultas\\app\\Views\\fakultas\\index.php')
 3 SYSTEMPATH\View\View.php(227): CodeIgniter\View\View->CodeIgniter\View\{closure}()
 4 SYSTEMPATH\Common.php(1180): CodeIgniter\View\View->render('fakultas/index', [], true)
 5 APPPATH\Controllers\Fakultas.php(29): view('fakultas/index', [...])
 6 SYSTEMPATH\CodeIgniter.php(932): App\Controllers\Fakultas->index()
 7 SYSTEMPATH\CodeIgniter.php(497): CodeIgniter\CodeIgniter->runController(Object(App\Controllers\Fakultas))
 8 SYSTEMPATH\CodeIgniter.php(366): CodeIgniter\CodeIgniter->handleRequest(null, Object(Config\Cache), false)
 9 FCPATH\index.php(67): CodeIgniter\CodeIgniter->run()
10 SYSTEMPATH\Commands\Server\rewrite.php(47): require_once('C:\\Users\\MUHAMMAD FAISHAL\\Documents\\GitHub\\uas_pbo_kel_3_fakultas\\public\\index.php')
CRITICAL - 2023-07-26 07:26:41 --> Trying to access array offset on value of type int
in APPPATH\Views\fakultas\index.php on line 84.
 1 APPPATH\Views\fakultas\index.php(84): CodeIgniter\Debug\Exceptions->errorHandler(2, 'Trying to access array offset on value of type int', 'C:\\Users\\MUHAMMAD FAISHAL\\Documents\\GitHub\\uas_pbo_kel_3_fakultas\\app\\Views\\fakultas\\index.php', 84)
 2 SYSTEMPATH\View\View.php(224): include('C:\\Users\\MUHAMMAD FAISHAL\\Documents\\GitHub\\uas_pbo_kel_3_fakultas\\app\\Views\\fakultas\\index.php')
 3 SYSTEMPATH\View\View.php(227): CodeIgniter\View\View->CodeIgniter\View\{closure}()
 4 SYSTEMPATH\Common.php(1180): CodeIgniter\View\View->render('fakultas/index', [], true)
 5 APPPATH\Controllers\Fakultas.php(29): view('fakultas/index', [...])
 6 SYSTEMPATH\CodeIgniter.php(932): App\Controllers\Fakultas->index()
 7 SYSTEMPATH\CodeIgniter.php(497): CodeIgniter\CodeIgniter->runController(Object(App\Controllers\Fakultas))
 8 SYSTEMPATH\CodeIgniter.php(366): CodeIgniter\CodeIgniter->handleRequest(null, Object(Config\Cache), false)
 9 FCPATH\index.php(67): CodeIgniter\CodeIgniter->run()
10 SYSTEMPATH\Commands\Server\rewrite.php(47): require_once('C:\\Users\\MUHAMMAD FAISHAL\\Documents\\GitHub\\uas_pbo_kel_3_fakultas\\public\\index.php')
CRITICAL - 2023-07-26 07:26:57 --> Trying to access array offset on value of type int
in APPPATH\Views\fakultas\index.php on line 84.
 1 APPPATH\Views\fakultas\index.php(84): CodeIgniter\Debug\Exceptions->errorHandler(2, 'Trying to access array offset on value of type int', 'C:\\Users\\MUHAMMAD FAISHAL\\Documents\\GitHub\\uas_pbo_kel_3_fakultas\\app\\Views\\fakultas\\index.php', 84)
 2 SYSTEMPATH\View\View.php(224): include('C:\\Users\\MUHAMMAD FAISHAL\\Documents\\GitHub\\uas_pbo_kel_3_fakultas\\app\\Views\\fakultas\\index.php')
 3 SYSTEMPATH\View\View.php(227): CodeIgniter\View\View->CodeIgniter\View\{closure}()
 4 SYSTEMPATH\Common.php(1180): CodeIgniter\View\View->render('fakultas/index', [], true)
 5 APPPATH\Controllers\Fakultas.php(29): view('fakultas/index', [...])
 6 SYSTEMPATH\CodeIgniter.php(932): App\Controllers\Fakultas->index()
 7 SYSTEMPATH\CodeIgniter.php(497): CodeIgniter\CodeIgniter->runController(Object(App\Controllers\Fakultas))
 8 SYSTEMPATH\CodeIgniter.php(366): CodeIgniter\CodeIgniter->handleRequest(null, Object(Config\Cache), false)
 9 FCPATH\index.php(67): CodeIgniter\CodeIgniter->run()
10 SYSTEMPATH\Commands\Server\rewrite.php(47): require_once('C:\\Users\\MUHAMMAD FAISHAL\\Documents\\GitHub\\uas_pbo_kel_3_fakultas\\public\\index.php')
CRITICAL - 2023-07-26 07:26:58 --> Undefined array key "nama"
in APPPATH\Views\content.php on line 88.
 1 APPPATH\Views\content.php(88): CodeIgniter\Debug\Exceptions->errorHandler(2, 'Undefined array key "nama"', 'C:\\Users\\MUHAMMAD FAISHAL\\Documents\\GitHub\\uas_pbo_kel_3_fakultas\\app\\Views\\content.php', 88)
 2 SYSTEMPATH\View\View.php(224): include('C:\\Users\\MUHAMMAD FAISHAL\\Documents\\GitHub\\uas_pbo_kel_3_fakultas\\app\\Views\\content.php')
 3 SYSTEMPATH\View\View.php(227): CodeIgniter\View\View->CodeIgniter\View\{closure}()
 4 SYSTEMPATH\Common.php(1180): CodeIgniter\View\View->render('content', [], true)
 5 APPPATH\Controllers\Home.php(32): view('content', [...])
 6 SYSTEMPATH\CodeIgniter.php(932): App\Controllers\Home->index()
 7 SYSTEMPATH\CodeIgniter.php(497): CodeIgniter\CodeIgniter->runController(Object(App\Controllers\Home))
 8 SYSTEMPATH\CodeIgniter.php(366): CodeIgniter\CodeIgniter->handleRequest(null, Object(Config\Cache), false)
 9 FCPATH\index.php(67): CodeIgniter\CodeIgniter->run()
10 SYSTEMPATH\Commands\Server\rewrite.php(47): require_once('C:\\Users\\MUHAMMAD FAISHAL\\Documents\\GitHub\\uas_pbo_kel_3_fakultas\\public\\index.php')
CRITICAL - 2023-07-26 07:27:14 --> Undefined array key "nama"
in APPPATH\Views\content.php on line 88.
 1 APPPATH\Views\content.php(88): CodeIgniter\Debug\Exceptions->errorHandler(2, 'Undefined array key "nama"', 'C:\\Users\\MUHAMMAD FAISHAL\\Documents\\GitHub\\uas_pbo_kel_3_fakultas\\app\\Views\\content.php', 88)
 2 SYSTEMPATH\View\View.php(224): include('C:\\Users\\MUHAMMAD FAISHAL\\Documents\\GitHub\\uas_pbo_kel_3_fakultas\\app\\Views\\content.php')
 3 SYSTEMPATH\View\View.php(227): CodeIgniter\View\View->CodeIgniter\View\{closure}()
 4 SYSTEMPATH\Common.php(1180): CodeIgniter\View\View->render('content', [], true)
 5 APPPATH\Controllers\Home.php(32): view('content', [...])
 6 SYSTEMPATH\CodeIgniter.php(932): App\Controllers\Home->index()
 7 SYSTEMPATH\CodeIgniter.php(497): CodeIgniter\CodeIgniter->runController(Object(App\Controllers\Home))
 8 SYSTEMPATH\CodeIgniter.php(366): CodeIgniter\CodeIgniter->handleRequest(null, Object(Config\Cache), false)
 9 FCPATH\index.php(67): CodeIgniter\CodeIgniter->run()
10 SYSTEMPATH\Commands\Server\rewrite.php(47): require_once('C:\\Users\\MUHAMMAD FAISHAL\\Documents\\GitHub\\uas_pbo_kel_3_fakultas\\public\\index.php')
CRITICAL - 2023-07-26 07:27:16 --> Undefined array key "nama"
in APPPATH\Views\content.php on line 88.
 1 APPPATH\Views\content.php(88): CodeIgniter\Debug\Exceptions->errorHandler(2, 'Undefined array key "nama"', 'C:\\Users\\MUHAMMAD FAISHAL\\Documents\\GitHub\\uas_pbo_kel_3_fakultas\\app\\Views\\content.php', 88)
 2 SYSTEMPATH\View\View.php(224): include('C:\\Users\\MUHAMMAD FAISHAL\\Documents\\GitHub\\uas_pbo_kel_3_fakultas\\app\\Views\\content.php')
 3 SYSTEMPATH\View\View.php(227): CodeIgniter\View\View->CodeIgniter\View\{closure}()
 4 SYSTEMPATH\Common.php(1180): CodeIgniter\View\View->render('content', [], true)
 5 APPPATH\Controllers\Home.php(32): view('content', [...])
 6 SYSTEMPATH\CodeIgniter.php(932): App\Controllers\Home->index()
 7 SYSTEMPATH\CodeIgniter.php(497): CodeIgniter\CodeIgniter->runController(Object(App\Controllers\Home))
 8 SYSTEMPATH\CodeIgniter.php(366): CodeIgniter\CodeIgniter->handleRequest(null, Object(Config\Cache), false)
 9 FCPATH\index.php(67): CodeIgniter\CodeIgniter->run()
10 SYSTEMPATH\Commands\Server\rewrite.php(47): require_once('C:\\Users\\MUHAMMAD FAISHAL\\Documents\\GitHub\\uas_pbo_kel_3_fakultas\\public\\index.php')
CRITICAL - 2023-07-26 07:27:19 --> Undefined array key "nama"
in APPPATH\Views\content.php on line 88.
 1 APPPATH\Views\content.php(88): CodeIgniter\Debug\Exceptions->errorHandler(2, 'Undefined array key "nama"', 'C:\\Users\\MUHAMMAD FAISHAL\\Documents\\GitHub\\uas_pbo_kel_3_fakultas\\app\\Views\\content.php', 88)
 2 SYSTEMPATH\View\View.php(224): include('C:\\Users\\MUHAMMAD FAISHAL\\Documents\\GitHub\\uas_pbo_kel_3_fakultas\\app\\Views\\content.php')
 3 SYSTEMPATH\View\View.php(227): CodeIgniter\View\View->CodeIgniter\View\{closure}()
 4 SYSTEMPATH\Common.php(1180): CodeIgniter\View\View->render('content', [], true)
 5 APPPATH\Controllers\Home.php(32): view('content', [...])
 6 SYSTEMPATH\CodeIgniter.php(932): App\Controllers\Home->index()
 7 SYSTEMPATH\CodeIgniter.php(497): CodeIgniter\CodeIgniter->runController(Object(App\Controllers\Home))
 8 SYSTEMPATH\CodeIgniter.php(366): CodeIgniter\CodeIgniter->handleRequest(null, Object(Config\Cache), false)
 9 FCPATH\index.php(67): CodeIgniter\CodeIgniter->run()
10 SYSTEMPATH\Commands\Server\rewrite.php(47): require_once('C:\\Users\\MUHAMMAD FAISHAL\\Documents\\GitHub\\uas_pbo_kel_3_fakultas\\public\\index.php')
CRITICAL - 2023-07-26 07:27:35 --> Undefined array key "nama"
in APPPATH\Views\content.php on line 88.
 1 APPPATH\Views\content.php(88): CodeIgniter\Debug\Exceptions->errorHandler(2, 'Undefined array key "nama"', 'C:\\Users\\MUHAMMAD FAISHAL\\Documents\\GitHub\\uas_pbo_kel_3_fakultas\\app\\Views\\content.php', 88)
 2 SYSTEMPATH\View\View.php(224): include('C:\\Users\\MUHAMMAD FAISHAL\\Documents\\GitHub\\uas_pbo_kel_3_fakultas\\app\\Views\\content.php')
 3 SYSTEMPATH\View\View.php(227): CodeIgniter\View\View->CodeIgniter\View\{closure}()
 4 SYSTEMPATH\Common.php(1180): CodeIgniter\View\View->render('content', [], true)
 5 APPPATH\Controllers\Home.php(32): view('content', [...])
 6 SYSTEMPATH\CodeIgniter.php(932): App\Controllers\Home->index()
 7 SYSTEMPATH\CodeIgniter.php(497): CodeIgniter\CodeIgniter->runController(Object(App\Controllers\Home))
 8 SYSTEMPATH\CodeIgniter.php(366): CodeIgniter\CodeIgniter->handleRequest(null, Object(Config\Cache), false)
 9 FCPATH\index.php(67): CodeIgniter\CodeIgniter->run()
10 SYSTEMPATH\Commands\Server\rewrite.php(47): require_once('C:\\Users\\MUHAMMAD FAISHAL\\Documents\\GitHub\\uas_pbo_kel_3_fakultas\\public\\index.php')
CRITICAL - 2023-07-26 07:28:04 --> Undefined array key "nama"
in APPPATH\Views\content.php on line 88.
 1 APPPATH\Views\content.php(88): CodeIgniter\Debug\Exceptions->errorHandler(2, 'Undefined array key "nama"', 'C:\\Users\\MUHAMMAD FAISHAL\\Documents\\GitHub\\uas_pbo_kel_3_fakultas\\app\\Views\\content.php', 88)
 2 SYSTEMPATH\View\View.php(224): include('C:\\Users\\MUHAMMAD FAISHAL\\Documents\\GitHub\\uas_pbo_kel_3_fakultas\\app\\Views\\content.php')
 3 SYSTEMPATH\View\View.php(227): CodeIgniter\View\View->CodeIgniter\View\{closure}()
 4 SYSTEMPATH\Common.php(1180): CodeIgniter\View\View->render('content', [], true)
 5 APPPATH\Controllers\Home.php(32): view('content', [...])
 6 SYSTEMPATH\CodeIgniter.php(932): App\Controllers\Home->index()
 7 SYSTEMPATH\CodeIgniter.php(497): CodeIgniter\CodeIgniter->runController(Object(App\Controllers\Home))
 8 SYSTEMPATH\CodeIgniter.php(366): CodeIgniter\CodeIgniter->handleRequest(null, Object(Config\Cache), false)
 9 FCPATH\index.php(67): CodeIgniter\CodeIgniter->run()
10 SYSTEMPATH\Commands\Server\rewrite.php(47): require_once('C:\\Users\\MUHAMMAD FAISHAL\\Documents\\GitHub\\uas_pbo_kel_3_fakultas\\public\\index.php')
CRITICAL - 2023-07-26 07:28:05 --> Undefined array key "nama"
in APPPATH\Views\content.php on line 88.
 1 APPPATH\Views\content.php(88): CodeIgniter\Debug\Exceptions->errorHandler(2, 'Undefined array key "nama"', 'C:\\Users\\MUHAMMAD FAISHAL\\Documents\\GitHub\\uas_pbo_kel_3_fakultas\\app\\Views\\content.php', 88)
 2 SYSTEMPATH\View\View.php(224): include('C:\\Users\\MUHAMMAD FAISHAL\\Documents\\GitHub\\uas_pbo_kel_3_fakultas\\app\\Views\\content.php')
 3 SYSTEMPATH\View\View.php(227): CodeIgniter\View\View->CodeIgniter\View\{closure}()
 4 SYSTEMPATH\Common.php(1180): CodeIgniter\View\View->render('content', [], true)
 5 APPPATH\Controllers\Home.php(32): view('content', [...])
 6 SYSTEMPATH\CodeIgniter.php(932): App\Controllers\Home->index()
 7 SYSTEMPATH\CodeIgniter.php(497): CodeIgniter\CodeIgniter->runController(Object(App\Controllers\Home))
 8 SYSTEMPATH\CodeIgniter.php(366): CodeIgniter\CodeIgniter->handleRequest(null, Object(Config\Cache), false)
 9 FCPATH\index.php(67): CodeIgniter\CodeIgniter->run()
10 SYSTEMPATH\Commands\Server\rewrite.php(47): require_once('C:\\Users\\MUHAMMAD FAISHAL\\Documents\\GitHub\\uas_pbo_kel_3_fakultas\\public\\index.php')
CRITICAL - 2023-07-26 07:28:45 --> Undefined array key "nama"
in APPPATH\Views\content.php on line 88.
 1 APPPATH\Views\content.php(88): CodeIgniter\Debug\Exceptions->errorHandler(2, 'Undefined array key "nama"', 'C:\\Users\\MUHAMMAD FAISHAL\\Documents\\GitHub\\uas_pbo_kel_3_fakultas\\app\\Views\\content.php', 88)
 2 SYSTEMPATH\View\View.php(224): include('C:\\Users\\MUHAMMAD FAISHAL\\Documents\\GitHub\\uas_pbo_kel_3_fakultas\\app\\Views\\content.php')
 3 SYSTEMPATH\View\View.php(227): CodeIgniter\View\View->CodeIgniter\View\{closure}()
 4 SYSTEMPATH\Common.php(1180): CodeIgniter\View\View->render('content', [], true)
 5 APPPATH\Controllers\Home.php(32): view('content', [...])
 6 SYSTEMPATH\CodeIgniter.php(932): App\Controllers\Home->index()
 7 SYSTEMPATH\CodeIgniter.php(497): CodeIgniter\CodeIgniter->runController(Object(App\Controllers\Home))
 8 SYSTEMPATH\CodeIgniter.php(366): CodeIgniter\CodeIgniter->handleRequest(null, Object(Config\Cache), false)
 9 FCPATH\index.php(67): CodeIgniter\CodeIgniter->run()
10 SYSTEMPATH\Commands\Server\rewrite.php(47): require_once('C:\\Users\\MUHAMMAD FAISHAL\\Documents\\GitHub\\uas_pbo_kel_3_fakultas\\public\\index.php')
CRITICAL - 2023-07-26 07:28:52 --> Undefined array key "nama"
in APPPATH\Views\content.php on line 88.
 1 APPPATH\Views\content.php(88): CodeIgniter\Debug\Exceptions->errorHandler(2, 'Undefined array key "nama"', 'C:\\Users\\MUHAMMAD FAISHAL\\Documents\\GitHub\\uas_pbo_kel_3_fakultas\\app\\Views\\content.php', 88)
 2 SYSTEMPATH\View\View.php(224): include('C:\\Users\\MUHAMMAD FAISHAL\\Documents\\GitHub\\uas_pbo_kel_3_fakultas\\app\\Views\\content.php')
 3 SYSTEMPATH\View\View.php(227): CodeIgniter\View\View->CodeIgniter\View\{closure}()
 4 SYSTEMPATH\Common.php(1180): CodeIgniter\View\View->render('content', [], true)
 5 APPPATH\Controllers\Home.php(32): view('content', [...])
 6 SYSTEMPATH\CodeIgniter.php(932): App\Controllers\Home->index()
 7 SYSTEMPATH\CodeIgniter.php(497): CodeIgniter\CodeIgniter->runController(Object(App\Controllers\Home))
 8 SYSTEMPATH\CodeIgniter.php(366): CodeIgniter\CodeIgniter->handleRequest(null, Object(Config\Cache), false)
 9 FCPATH\index.php(67): CodeIgniter\CodeIgniter->run()
10 SYSTEMPATH\Commands\Server\rewrite.php(47): require_once('C:\\Users\\MUHAMMAD FAISHAL\\Documents\\GitHub\\uas_pbo_kel_3_fakultas\\public\\index.php')
CRITICAL - 2023-07-26 07:34:27 --> Undefined array key "nama"
in APPPATH\Views\content.php on line 88.
 1 APPPATH\Views\content.php(88): CodeIgniter\Debug\Exceptions->errorHandler(2, 'Undefined array key "nama"', 'C:\\Users\\MUHAMMAD FAISHAL\\Documents\\GitHub\\uas_pbo_kel_3_fakultas\\app\\Views\\content.php', 88)
 2 SYSTEMPATH\View\View.php(224): include('C:\\Users\\MUHAMMAD FAISHAL\\Documents\\GitHub\\uas_pbo_kel_3_fakultas\\app\\Views\\content.php')
 3 SYSTEMPATH\View\View.php(227): CodeIgniter\View\View->CodeIgniter\View\{closure}()
 4 SYSTEMPATH\Common.php(1180): CodeIgniter\View\View->render('content', [], true)
 5 APPPATH\Controllers\Home.php(32): view('content', [...])
 6 SYSTEMPATH\CodeIgniter.php(932): App\Controllers\Home->index()
 7 SYSTEMPATH\CodeIgniter.php(497): CodeIgniter\CodeIgniter->runController(Object(App\Controllers\Home))
 8 SYSTEMPATH\CodeIgniter.php(366): CodeIgniter\CodeIgniter->handleRequest(null, Object(Config\Cache), false)
 9 FCPATH\index.php(67): CodeIgniter\CodeIgniter->run()
10 SYSTEMPATH\Commands\Server\rewrite.php(47): require_once('C:\\Users\\MUHAMMAD FAISHAL\\Documents\\GitHub\\uas_pbo_kel_3_fakultas\\public\\index.php')
CRITICAL - 2023-07-26 07:40:57 --> Object of class stdClass could not be converted to string
in SYSTEMPATH\Database\Query.php on line 329.
 1 SYSTEMPATH\Database\Query.php(329): implode(',', [...])
 2 SYSTEMPATH\Database\Query.php(310): CodeIgniter\Database\Query->matchNamedBinds('INSERT INTO `fakultas` (`nama_fakultas`, `kd_fakultas`, `id_ruangan`) VALUES (:nama_fakultas:, :kd_fakultas:, :id_ruangan:)', [...])
 3 SYSTEMPATH\Database\Query.php(159): CodeIgniter\Database\Query->compileBinds()
 4 SYSTEMPATH\Database\BaseConnection.php(606): CodeIgniter\Database\Query->getQuery()
 5 SYSTEMPATH\Database\BaseBuilder.php(2309): CodeIgniter\Database\BaseConnection->query('INSERT INTO `fakultas` (`nama_fakultas`, `kd_fakultas`, `id_ruangan`) VALUES (:nama_fakultas:, :kd_fakultas:, :id_ruangan:)', [...], false)
 6 SYSTEMPATH\Model.php(330): CodeIgniter\Database\BaseBuilder->insert()
 7 SYSTEMPATH\BaseModel.php(782): CodeIgniter\Model->doInsert([...])
 8 SYSTEMPATH\Model.php(730): CodeIgniter\BaseModel->insert([...], true)
 9 APPPATH\Controllers\Fakultas.php(44): CodeIgniter\Model->insert([...])
10 SYSTEMPATH\CodeIgniter.php(932): App\Controllers\Fakultas->createNewFakultas()
11 SYSTEMPATH\CodeIgniter.php(497): CodeIgniter\CodeIgniter->runController(Object(App\Controllers\Fakultas))
12 SYSTEMPATH\CodeIgniter.php(366): CodeIgniter\CodeIgniter->handleRequest(null, Object(Config\Cache), false)
13 FCPATH\index.php(67): CodeIgniter\CodeIgniter->run()
14 SYSTEMPATH\Commands\Server\rewrite.php(47): require_once('C:\\Users\\MUHAMMAD FAISHAL\\Documents\\GitHub\\uas_pbo_kel_3_fakultas\\public\\index.php')
CRITICAL - 2023-07-26 07:57:32 --> Object of class stdClass could not be converted to string
in SYSTEMPATH\Database\Query.php on line 329.
 1 SYSTEMPATH\Database\Query.php(329): implode(',', [...])
 2 SYSTEMPATH\Database\Query.php(310): CodeIgniter\Database\Query->matchNamedBinds('INSERT INTO `fakultas` (`nama_fakultas`, `kd_fakultas`, `id_ruangan`) VALUES (:nama_fakultas:, :kd_fakultas:, :id_ruangan:)', [...])
 3 SYSTEMPATH\Database\Query.php(159): CodeIgniter\Database\Query->compileBinds()
 4 SYSTEMPATH\Database\BaseConnection.php(606): CodeIgniter\Database\Query->getQuery()
 5 SYSTEMPATH\Database\BaseBuilder.php(2309): CodeIgniter\Database\BaseConnection->query('INSERT INTO `fakultas` (`nama_fakultas`, `kd_fakultas`, `id_ruangan`) VALUES (:nama_fakultas:, :kd_fakultas:, :id_ruangan:)', [...], false)
 6 SYSTEMPATH\Model.php(330): CodeIgniter\Database\BaseBuilder->insert()
 7 SYSTEMPATH\BaseModel.php(782): CodeIgniter\Model->doInsert([...])
 8 SYSTEMPATH\Model.php(730): CodeIgniter\BaseModel->insert([...], true)
 9 APPPATH\Controllers\Fakultas.php(44): CodeIgniter\Model->insert([...])
10 SYSTEMPATH\CodeIgniter.php(932): App\Controllers\Fakultas->createNewFakultas()
11 SYSTEMPATH\CodeIgniter.php(497): CodeIgniter\CodeIgniter->runController(Object(App\Controllers\Fakultas))
12 SYSTEMPATH\CodeIgniter.php(366): CodeIgniter\CodeIgniter->handleRequest(null, Object(Config\Cache), false)
13 FCPATH\index.php(67): CodeIgniter\CodeIgniter->run()
14 SYSTEMPATH\Commands\Server\rewrite.php(47): require_once('C:\\Users\\MUHAMMAD FAISHAL\\Documents\\GitHub\\uas_pbo_kel_3_fakultas\\public\\index.php')
CRITICAL - 2023-07-26 07:57:34 --> Undefined array key "nama_ruangan"
in APPPATH\Views\fakultas\index.php on line 86.
 1 APPPATH\Views\fakultas\index.php(86): CodeIgniter\Debug\Exceptions->errorHandler(2, 'Undefined array key "nama_ruangan"', 'C:\\Users\\MUHAMMAD FAISHAL\\Documents\\GitHub\\uas_pbo_kel_3_fakultas\\app\\Views\\fakultas\\index.php', 86)
 2 SYSTEMPATH\View\View.php(224): include('C:\\Users\\MUHAMMAD FAISHAL\\Documents\\GitHub\\uas_pbo_kel_3_fakultas\\app\\Views\\fakultas\\index.php')
 3 SYSTEMPATH\View\View.php(227): CodeIgniter\View\View->CodeIgniter\View\{closure}()
 4 SYSTEMPATH\Common.php(1180): CodeIgniter\View\View->render('fakultas/index', [], true)
 5 APPPATH\Controllers\Fakultas.php(29): view('fakultas/index', [...])
 6 SYSTEMPATH\CodeIgniter.php(932): App\Controllers\Fakultas->index()
 7 SYSTEMPATH\CodeIgniter.php(497): CodeIgniter\CodeIgniter->runController(Object(App\Controllers\Fakultas))
 8 SYSTEMPATH\CodeIgniter.php(366): CodeIgniter\CodeIgniter->handleRequest(null, Object(Config\Cache), false)
 9 FCPATH\index.php(67): CodeIgniter\CodeIgniter->run()
10 SYSTEMPATH\Commands\Server\rewrite.php(47): require_once('C:\\Users\\MUHAMMAD FAISHAL\\Documents\\GitHub\\uas_pbo_kel_3_fakultas\\public\\index.php')
CRITICAL - 2023-07-26 07:57:37 --> Undefined array key "nama_ruangan"
in APPPATH\Views\fakultas\index.php on line 86.
 1 APPPATH\Views\fakultas\index.php(86): CodeIgniter\Debug\Exceptions->errorHandler(2, 'Undefined array key "nama_ruangan"', 'C:\\Users\\MUHAMMAD FAISHAL\\Documents\\GitHub\\uas_pbo_kel_3_fakultas\\app\\Views\\fakultas\\index.php', 86)
 2 SYSTEMPATH\View\View.php(224): include('C:\\Users\\MUHAMMAD FAISHAL\\Documents\\GitHub\\uas_pbo_kel_3_fakultas\\app\\Views\\fakultas\\index.php')
 3 SYSTEMPATH\View\View.php(227): CodeIgniter\View\View->CodeIgniter\View\{closure}()
 4 SYSTEMPATH\Common.php(1180): CodeIgniter\View\View->render('fakultas/index', [], true)
 5 APPPATH\Controllers\Fakultas.php(29): view('fakultas/index', [...])
 6 SYSTEMPATH\CodeIgniter.php(932): App\Controllers\Fakultas->index()
 7 SYSTEMPATH\CodeIgniter.php(497): CodeIgniter\CodeIgniter->runController(Object(App\Controllers\Fakultas))
 8 SYSTEMPATH\CodeIgniter.php(366): CodeIgniter\CodeIgniter->handleRequest(null, Object(Config\Cache), false)
 9 FCPATH\index.php(67): CodeIgniter\CodeIgniter->run()
10 SYSTEMPATH\Commands\Server\rewrite.php(47): require_once('C:\\Users\\MUHAMMAD FAISHAL\\Documents\\GitHub\\uas_pbo_kel_3_fakultas\\public\\index.php')
CRITICAL - 2023-07-26 07:58:21 --> Undefined array key "nama_ruangan"
in APPPATH\Views\fakultas\index.php on line 86.
 1 APPPATH\Views\fakultas\index.php(86): CodeIgniter\Debug\Exceptions->errorHandler(2, 'Undefined array key "nama_ruangan"', 'C:\\Users\\MUHAMMAD FAISHAL\\Documents\\GitHub\\uas_pbo_kel_3_fakultas\\app\\Views\\fakultas\\index.php', 86)
 2 SYSTEMPATH\View\View.php(224): include('C:\\Users\\MUHAMMAD FAISHAL\\Documents\\GitHub\\uas_pbo_kel_3_fakultas\\app\\Views\\fakultas\\index.php')
 3 SYSTEMPATH\View\View.php(227): CodeIgniter\View\View->CodeIgniter\View\{closure}()
 4 SYSTEMPATH\Common.php(1180): CodeIgniter\View\View->render('fakultas/index', [], true)
 5 APPPATH\Controllers\Fakultas.php(29): view('fakultas/index', [...])
 6 SYSTEMPATH\CodeIgniter.php(932): App\Controllers\Fakultas->index()
 7 SYSTEMPATH\CodeIgniter.php(497): CodeIgniter\CodeIgniter->runController(Object(App\Controllers\Fakultas))
 8 SYSTEMPATH\CodeIgniter.php(366): CodeIgniter\CodeIgniter->handleRequest(null, Object(Config\Cache), false)
 9 FCPATH\index.php(67): CodeIgniter\CodeIgniter->run()
10 SYSTEMPATH\Commands\Server\rewrite.php(47): require_once('C:\\Users\\MUHAMMAD FAISHAL\\Documents\\GitHub\\uas_pbo_kel_3_fakultas\\public\\index.php')
CRITICAL - 2023-07-26 07:58:22 --> Undefined array key "nama_ruangan"
in APPPATH\Views\fakultas\index.php on line 86.
 1 APPPATH\Views\fakultas\index.php(86): CodeIgniter\Debug\Exceptions->errorHandler(2, 'Undefined array key "nama_ruangan"', 'C:\\Users\\MUHAMMAD FAISHAL\\Documents\\GitHub\\uas_pbo_kel_3_fakultas\\app\\Views\\fakultas\\index.php', 86)
 2 SYSTEMPATH\View\View.php(224): include('C:\\Users\\MUHAMMAD FAISHAL\\Documents\\GitHub\\uas_pbo_kel_3_fakultas\\app\\Views\\fakultas\\index.php')
 3 SYSTEMPATH\View\View.php(227): CodeIgniter\View\View->CodeIgniter\View\{closure}()
 4 SYSTEMPATH\Common.php(1180): CodeIgniter\View\View->render('fakultas/index', [], true)
 5 APPPATH\Controllers\Fakultas.php(29): view('fakultas/index', [...])
 6 SYSTEMPATH\CodeIgniter.php(932): App\Controllers\Fakultas->index()
 7 SYSTEMPATH\CodeIgniter.php(497): CodeIgniter\CodeIgniter->runController(Object(App\Controllers\Fakultas))
 8 SYSTEMPATH\CodeIgniter.php(366): CodeIgniter\CodeIgniter->handleRequest(null, Object(Config\Cache), false)
 9 FCPATH\index.php(67): CodeIgniter\CodeIgniter->run()
10 SYSTEMPATH\Commands\Server\rewrite.php(47): require_once('C:\\Users\\MUHAMMAD FAISHAL\\Documents\\GitHub\\uas_pbo_kel_3_fakultas\\public\\index.php')
ERROR - 2023-07-26 08:00:03 --> mysqli_sql_exception: Cannot delete or update a parent row: a foreign key constraint fails (`fakultas`.`fakultas`, CONSTRAINT `fakultas_id_ruangan_foreign` FOREIGN KEY (`id_ruangan`) REFERENCES `ruangan` (`id_ruangan`)) in C:\Users\MUHAMMAD FAISHAL\Documents\GitHub\uas_pbo_kel_3_fakultas\system\Database\MySQLi\Connection.php:295
Stack trace:
#0 C:\Users\MUHAMMAD FAISHAL\Documents\GitHub\uas_pbo_kel_3_fakultas\system\Database\MySQLi\Connection.php(295): mysqli->query('DELETE FROM `ru...', 0)
#1 C:\Users\MUHAMMAD FAISHAL\Documents\GitHub\uas_pbo_kel_3_fakultas\system\Database\BaseConnection.php(692): CodeIgniter\Database\MySQLi\Connection->execute('DELETE FROM `ru...')
#2 C:\Users\MUHAMMAD FAISHAL\Documents\GitHub\uas_pbo_kel_3_fakultas\system\Database\BaseConnection.php(606): CodeIgniter\Database\BaseConnection->simpleQuery('DELETE FROM `ru...')
#3 C:\Users\MUHAMMAD FAISHAL\Documents\GitHub\uas_pbo_kel_3_fakultas\system\Database\BaseBuilder.php(2791): CodeIgniter\Database\BaseConnection->query('DELETE FROM `ru...', Array, false)
#4 C:\Users\MUHAMMAD FAISHAL\Documents\GitHub\uas_pbo_kel_3_fakultas\system\Model.php(456): CodeIgniter\Database\BaseBuilder->delete()
#5 C:\Users\MUHAMMAD FAISHAL\Documents\GitHub\uas_pbo_kel_3_fakultas\system\BaseModel.php(1065): CodeIgniter\Model->doDelete(Array, false)
#6 C:\Users\MUHAMMAD FAISHAL\Documents\GitHub\uas_pbo_kel_3_fakultas\app\Controllers\RuanganController.php(84): CodeIgniter\BaseModel->delete(Array)
#7 C:\Users\MUHAMMAD FAISHAL\Documents\GitHub\uas_pbo_kel_3_fakultas\system\CodeIgniter.php(932): App\Controllers\RuanganController->deleteRuangan('1')
#8 C:\Users\MUHAMMAD FAISHAL\Documents\GitHub\uas_pbo_kel_3_fakultas\system\CodeIgniter.php(497): CodeIgniter\CodeIgniter->runController(Object(App\Controllers\RuanganController))
#9 C:\Users\MUHAMMAD FAISHAL\Documents\GitHub\uas_pbo_kel_3_fakultas\system\CodeIgniter.php(366): CodeIgniter\CodeIgniter->handleRequest(NULL, Object(Config\Cache), false)
#10 C:\Users\MUHAMMAD FAISHAL\Documents\GitHub\uas_pbo_kel_3_fakultas\public\index.php(67): CodeIgniter\CodeIgniter->run()
#11 C:\Users\MUHAMMAD FAISHAL\Documents\GitHub\uas_pbo_kel_3_fakultas\system\Commands\Server\rewrite.php(47): require_once('C:\\Users\\MUHAMM...')
#12 {main}
CRITICAL - 2023-07-26 08:00:03 --> Cannot delete or update a parent row: a foreign key constraint fails (`fakultas`.`fakultas`, CONSTRAINT `fakultas_id_ruangan_foreign` FOREIGN KEY (`id_ruangan`) REFERENCES `ruangan` (`id_ruangan`))
in SYSTEMPATH\Database\MySQLi\Connection.php on line 295.
 1 SYSTEMPATH\Database\MySQLi\Connection.php(295): mysqli->query('DELETE FROM `ruangan`
WHERE `id_ruangan` IN (\'1\')', 0)
 2 SYSTEMPATH\Database\BaseConnection.php(692): CodeIgniter\Database\MySQLi\Connection->execute('DELETE FROM `ruangan`
WHERE `id_ruangan` IN (\'1\')')
 3 SYSTEMPATH\Database\BaseConnection.php(606): CodeIgniter\Database\BaseConnection->simpleQuery('DELETE FROM `ruangan`
WHERE `id_ruangan` IN (\'1\')')
 4 SYSTEMPATH\Database\BaseBuilder.php(2791): CodeIgniter\Database\BaseConnection->query('DELETE FROM `ruangan`
WHERE `id_ruangan` IN :id_ruangan:', [...], false)
 5 SYSTEMPATH\Model.php(456): CodeIgniter\Database\BaseBuilder->delete()
 6 SYSTEMPATH\BaseModel.php(1065): CodeIgniter\Model->doDelete([...], false)
 7 APPPATH\Controllers\RuanganController.php(84): CodeIgniter\BaseModel->delete([...])
 8 SYSTEMPATH\CodeIgniter.php(932): App\Controllers\RuanganController->deleteRuangan('1')
 9 SYSTEMPATH\CodeIgniter.php(497): CodeIgniter\CodeIgniter->runController(Object(App\Controllers\RuanganController))
10 SYSTEMPATH\CodeIgniter.php(366): CodeIgniter\CodeIgniter->handleRequest(null, Object(Config\Cache), false)
11 FCPATH\index.php(67): CodeIgniter\CodeIgniter->run()
12 SYSTEMPATH\Commands\Server\rewrite.php(47): require_once('C:\\Users\\MUHAMMAD FAISHAL\\Documents\\GitHub\\uas_pbo_kel_3_fakultas\\public\\index.php')
CRITICAL - 2023-07-26 08:02:18 --> Undefined array key "kd_ruangan"
in APPPATH\Views\fakultas\index.php on line 86.
 1 APPPATH\Views\fakultas\index.php(86): CodeIgniter\Debug\Exceptions->errorHandler(2, 'Undefined array key "kd_ruangan"', 'C:\\Users\\MUHAMMAD FAISHAL\\Documents\\GitHub\\uas_pbo_kel_3_fakultas\\app\\Views\\fakultas\\index.php', 86)
 2 SYSTEMPATH\View\View.php(224): include('C:\\Users\\MUHAMMAD FAISHAL\\Documents\\GitHub\\uas_pbo_kel_3_fakultas\\app\\Views\\fakultas\\index.php')
 3 SYSTEMPATH\View\View.php(227): CodeIgniter\View\View->CodeIgniter\View\{closure}()
 4 SYSTEMPATH\Common.php(1180): CodeIgniter\View\View->render('fakultas/index', [], true)
 5 APPPATH\Controllers\Fakultas.php(29): view('fakultas/index', [...])
 6 SYSTEMPATH\CodeIgniter.php(932): App\Controllers\Fakultas->index()
 7 SYSTEMPATH\CodeIgniter.php(497): CodeIgniter\CodeIgniter->runController(Object(App\Controllers\Fakultas))
 8 SYSTEMPATH\CodeIgniter.php(366): CodeIgniter\CodeIgniter->handleRequest(null, Object(Config\Cache), false)
 9 FCPATH\index.php(67): CodeIgniter\CodeIgniter->run()
10 SYSTEMPATH\Commands\Server\rewrite.php(47): require_once('C:\\Users\\MUHAMMAD FAISHAL\\Documents\\GitHub\\uas_pbo_kel_3_fakultas\\public\\index.php')
CRITICAL - 2023-07-26 08:02:42 --> Cannot access offset of type string on string
in APPPATH\Views\fakultas\index.php on line 86.
 1 SYSTEMPATH\View\View.php(224): include()
 2 SYSTEMPATH\View\View.php(227): CodeIgniter\View\View->CodeIgniter\View\{closure}()
 3 SYSTEMPATH\Common.php(1180): CodeIgniter\View\View->render('fakultas/index', [], true)
 4 APPPATH\Controllers\Fakultas.php(29): view('fakultas/index', [...])
 5 SYSTEMPATH\CodeIgniter.php(932): App\Controllers\Fakultas->index()
 6 SYSTEMPATH\CodeIgniter.php(497): CodeIgniter\CodeIgniter->runController(Object(App\Controllers\Fakultas))
 7 SYSTEMPATH\CodeIgniter.php(366): CodeIgniter\CodeIgniter->handleRequest(null, Object(Config\Cache), false)
 8 FCPATH\index.php(67): CodeIgniter\CodeIgniter->run()
 9 SYSTEMPATH\Commands\Server\rewrite.php(47): require_once('C:\\Users\\MUHAMMAD FAISHAL\\Documents\\GitHub\\uas_pbo_kel_3_fakultas\\public\\index.php')
ERROR - 2023-07-26 08:14:33 --> mysqli_sql_exception: Unknown column 'ruangan.nama_ruangan' in 'field list' in C:\Users\MUHAMMAD FAISHAL\Documents\GitHub\uas_pbo_kel_3_fakultas\system\Database\MySQLi\Connection.php:295
Stack trace:
#0 C:\Users\MUHAMMAD FAISHAL\Documents\GitHub\uas_pbo_kel_3_fakultas\system\Database\MySQLi\Connection.php(295): mysqli->query('SELECT `fakulta...', 0)
#1 C:\Users\MUHAMMAD FAISHAL\Documents\GitHub\uas_pbo_kel_3_fakultas\system\Database\BaseConnection.php(692): CodeIgniter\Database\MySQLi\Connection->execute('SELECT `fakulta...')
#2 C:\Users\MUHAMMAD FAISHAL\Documents\GitHub\uas_pbo_kel_3_fakultas\system\Database\BaseConnection.php(606): CodeIgniter\Database\BaseConnection->simpleQuery('SELECT `fakulta...')
#3 C:\Users\MUHAMMAD FAISHAL\Documents\GitHub\uas_pbo_kel_3_fakultas\system\Database\BaseBuilder.php(1616): CodeIgniter\Database\BaseConnection->query('SELECT `fakulta...', Array, false)
#4 C:\Users\MUHAMMAD FAISHAL\Documents\GitHub\uas_pbo_kel_3_fakultas\app\Models\FakultasModel.php(37): CodeIgniter\Database\BaseBuilder->get()
#5 C:\Users\MUHAMMAD FAISHAL\Documents\GitHub\uas_pbo_kel_3_fakultas\app\Controllers\Fakultas.php(23): App\Models\FakultasModel->getData()
#6 C:\Users\MUHAMMAD FAISHAL\Documents\GitHub\uas_pbo_kel_3_fakultas\system\CodeIgniter.php(932): App\Controllers\Fakultas->index()
#7 C:\Users\MUHAMMAD FAISHAL\Documents\GitHub\uas_pbo_kel_3_fakultas\system\CodeIgniter.php(497): CodeIgniter\CodeIgniter->runController(Object(App\Controllers\Fakultas))
#8 C:\Users\MUHAMMAD FAISHAL\Documents\GitHub\uas_pbo_kel_3_fakultas\system\CodeIgniter.php(366): CodeIgniter\CodeIgniter->handleRequest(NULL, Object(Config\Cache), false)
#9 C:\Users\MUHAMMAD FAISHAL\Documents\GitHub\uas_pbo_kel_3_fakultas\public\index.php(67): CodeIgniter\CodeIgniter->run()
#10 C:\Users\MUHAMMAD FAISHAL\Documents\GitHub\uas_pbo_kel_3_fakultas\system\Commands\Server\rewrite.php(47): require_once('C:\\Users\\MUHAMM...')
#11 {main}
CRITICAL - 2023-07-26 08:14:33 --> Unknown column 'ruangan.nama_ruangan' in 'field list'
in SYSTEMPATH\Database\MySQLi\Connection.php on line 295.
 1 SYSTEMPATH\Database\MySQLi\Connection.php(295): mysqli->query('SELECT `fakultas`.`id_fakultas`, `fakultas`.`nama_fakultas`, `fakultas`.`kd_fakultas`, `ruangan`.`nama_ruangan`
FROM `fakultas`', 0)
 2 SYSTEMPATH\Database\BaseConnection.php(692): CodeIgniter\Database\MySQLi\Connection->execute('SELECT `fakultas`.`id_fakultas`, `fakultas`.`nama_fakultas`, `fakultas`.`kd_fakultas`, `ruangan`.`nama_ruangan`
FROM `fakultas`')
 3 SYSTEMPATH\Database\BaseConnection.php(606): CodeIgniter\Database\BaseConnection->simpleQuery('SELECT `fakultas`.`id_fakultas`, `fakultas`.`nama_fakultas`, `fakultas`.`kd_fakultas`, `ruangan`.`nama_ruangan`
FROM `fakultas`')
 4 SYSTEMPATH\Database\BaseBuilder.php(1616): CodeIgniter\Database\BaseConnection->query('SELECT `fakultas`.`id_fakultas`, `fakultas`.`nama_fakultas`, `fakultas`.`kd_fakultas`, `ruangan`.`nama_ruangan`
FROM `fakultas`', [], false)
 5 APPPATH\Models\FakultasModel.php(37): CodeIgniter\Database\BaseBuilder->get()
 6 APPPATH\Controllers\Fakultas.php(23): App\Models\FakultasModel->getData()
 7 SYSTEMPATH\CodeIgniter.php(932): App\Controllers\Fakultas->index()
 8 SYSTEMPATH\CodeIgniter.php(497): CodeIgniter\CodeIgniter->runController(Object(App\Controllers\Fakultas))
 9 SYSTEMPATH\CodeIgniter.php(366): CodeIgniter\CodeIgniter->handleRequest(null, Object(Config\Cache), false)
10 FCPATH\index.php(67): CodeIgniter\CodeIgniter->run()
11 SYSTEMPATH\Commands\Server\rewrite.php(47): require_once('C:\\Users\\MUHAMMAD FAISHAL\\Documents\\GitHub\\uas_pbo_kel_3_fakultas\\public\\index.php')
CRITICAL - 2023-07-26 08:15:37 --> Undefined array key "kd_fakultas"
in APPPATH\Views\fakultas\index.php on line 84.
 1 APPPATH\Views\fakultas\index.php(84): CodeIgniter\Debug\Exceptions->errorHandler(2, 'Undefined array key "kd_fakultas"', 'C:\\Users\\MUHAMMAD FAISHAL\\Documents\\GitHub\\uas_pbo_kel_3_fakultas\\app\\Views\\fakultas\\index.php', 84)
 2 SYSTEMPATH\View\View.php(224): include('C:\\Users\\MUHAMMAD FAISHAL\\Documents\\GitHub\\uas_pbo_kel_3_fakultas\\app\\Views\\fakultas\\index.php')
 3 SYSTEMPATH\View\View.php(227): CodeIgniter\View\View->CodeIgniter\View\{closure}()
 4 SYSTEMPATH\Common.php(1180): CodeIgniter\View\View->render('fakultas/index', [], true)
 5 APPPATH\Controllers\Fakultas.php(29): view('fakultas/index', [...])
 6 SYSTEMPATH\CodeIgniter.php(932): App\Controllers\Fakultas->index()
 7 SYSTEMPATH\CodeIgniter.php(497): CodeIgniter\CodeIgniter->runController(Object(App\Controllers\Fakultas))
 8 SYSTEMPATH\CodeIgniter.php(366): CodeIgniter\CodeIgniter->handleRequest(null, Object(Config\Cache), false)
 9 FCPATH\index.php(67): CodeIgniter\CodeIgniter->run()
10 SYSTEMPATH\Commands\Server\rewrite.php(47): require_once('C:\\Users\\MUHAMMAD FAISHAL\\Documents\\GitHub\\uas_pbo_kel_3_fakultas\\public\\index.php')
CRITICAL - 2023-07-26 08:16:23 --> Attempt to read property "kd_fakultas" on array
in APPPATH\Views\fakultas\index.php on line 84.
 1 APPPATH\Views\fakultas\index.php(84): CodeIgniter\Debug\Exceptions->errorHandler(2, 'Attempt to read property "kd_fakultas" on array', 'C:\\Users\\MUHAMMAD FAISHAL\\Documents\\GitHub\\uas_pbo_kel_3_fakultas\\app\\Views\\fakultas\\index.php', 84)
 2 SYSTEMPATH\View\View.php(224): include('C:\\Users\\MUHAMMAD FAISHAL\\Documents\\GitHub\\uas_pbo_kel_3_fakultas\\app\\Views\\fakultas\\index.php')
 3 SYSTEMPATH\View\View.php(227): CodeIgniter\View\View->CodeIgniter\View\{closure}()
 4 SYSTEMPATH\Common.php(1180): CodeIgniter\View\View->render('fakultas/index', [], true)
 5 APPPATH\Controllers\Fakultas.php(29): view('fakultas/index', [...])
 6 SYSTEMPATH\CodeIgniter.php(932): App\Controllers\Fakultas->index()
 7 SYSTEMPATH\CodeIgniter.php(497): CodeIgniter\CodeIgniter->runController(Object(App\Controllers\Fakultas))
 8 SYSTEMPATH\CodeIgniter.php(366): CodeIgniter\CodeIgniter->handleRequest(null, Object(Config\Cache), false)
 9 FCPATH\index.php(67): CodeIgniter\CodeIgniter->run()
10 SYSTEMPATH\Commands\Server\rewrite.php(47): require_once('C:\\Users\\MUHAMMAD FAISHAL\\Documents\\GitHub\\uas_pbo_kel_3_fakultas\\public\\index.php')
CRITICAL - 2023-07-26 08:16:24 --> Attempt to read property "kd_fakultas" on array
in APPPATH\Views\fakultas\index.php on line 84.
 1 APPPATH\Views\fakultas\index.php(84): CodeIgniter\Debug\Exceptions->errorHandler(2, 'Attempt to read property "kd_fakultas" on array', 'C:\\Users\\MUHAMMAD FAISHAL\\Documents\\GitHub\\uas_pbo_kel_3_fakultas\\app\\Views\\fakultas\\index.php', 84)
 2 SYSTEMPATH\View\View.php(224): include('C:\\Users\\MUHAMMAD FAISHAL\\Documents\\GitHub\\uas_pbo_kel_3_fakultas\\app\\Views\\fakultas\\index.php')
 3 SYSTEMPATH\View\View.php(227): CodeIgniter\View\View->CodeIgniter\View\{closure}()
 4 SYSTEMPATH\Common.php(1180): CodeIgniter\View\View->render('fakultas/index', [], true)
 5 APPPATH\Controllers\Fakultas.php(29): view('fakultas/index', [...])
 6 SYSTEMPATH\CodeIgniter.php(932): App\Controllers\Fakultas->index()
 7 SYSTEMPATH\CodeIgniter.php(497): CodeIgniter\CodeIgniter->runController(Object(App\Controllers\Fakultas))
 8 SYSTEMPATH\CodeIgniter.php(366): CodeIgniter\CodeIgniter->handleRequest(null, Object(Config\Cache), false)
 9 FCPATH\index.php(67): CodeIgniter\CodeIgniter->run()
10 SYSTEMPATH\Commands\Server\rewrite.php(47): require_once('C:\\Users\\MUHAMMAD FAISHAL\\Documents\\GitHub\\uas_pbo_kel_3_fakultas\\public\\index.php')
CRITICAL - 2023-07-26 08:17:02 --> Cannot use object of type stdClass as array
in APPPATH\Views\fakultas\index.php on line 89.
 1 SYSTEMPATH\View\View.php(224): include()
 2 SYSTEMPATH\View\View.php(227): CodeIgniter\View\View->CodeIgniter\View\{closure}()
 3 SYSTEMPATH\Common.php(1180): CodeIgniter\View\View->render('fakultas/index', [], true)
 4 APPPATH\Controllers\Fakultas.php(29): view('fakultas/index', [...])
 5 SYSTEMPATH\CodeIgniter.php(932): App\Controllers\Fakultas->index()
 6 SYSTEMPATH\CodeIgniter.php(497): CodeIgniter\CodeIgniter->runController(Object(App\Controllers\Fakultas))
 7 SYSTEMPATH\CodeIgniter.php(366): CodeIgniter\CodeIgniter->handleRequest(null, Object(Config\Cache), false)
 8 FCPATH\index.php(67): CodeIgniter\CodeIgniter->run()
 9 SYSTEMPATH\Commands\Server\rewrite.php(47): require_once('C:\\Users\\MUHAMMAD FAISHAL\\Documents\\GitHub\\uas_pbo_kel_3_fakultas\\public\\index.php')
CRITICAL - 2023-07-26 08:18:06 --> Attempt to read property "nama_ruangan" on array
in APPPATH\Views\content.php on line 90.
 1 APPPATH\Views\content.php(90): CodeIgniter\Debug\Exceptions->errorHandler(2, 'Attempt to read property "nama_ruangan" on array', 'C:\\Users\\MUHAMMAD FAISHAL\\Documents\\GitHub\\uas_pbo_kel_3_fakultas\\app\\Views\\content.php', 90)
 2 SYSTEMPATH\View\View.php(224): include('C:\\Users\\MUHAMMAD FAISHAL\\Documents\\GitHub\\uas_pbo_kel_3_fakultas\\app\\Views\\content.php')
 3 SYSTEMPATH\View\View.php(227): CodeIgniter\View\View->CodeIgniter\View\{closure}()
 4 SYSTEMPATH\Common.php(1180): CodeIgniter\View\View->render('content', [], true)
 5 APPPATH\Controllers\Home.php(32): view('content', [...])
 6 SYSTEMPATH\CodeIgniter.php(932): App\Controllers\Home->index()
 7 SYSTEMPATH\CodeIgniter.php(497): CodeIgniter\CodeIgniter->runController(Object(App\Controllers\Home))
 8 SYSTEMPATH\CodeIgniter.php(366): CodeIgniter\CodeIgniter->handleRequest(null, Object(Config\Cache), false)
 9 FCPATH\index.php(67): CodeIgniter\CodeIgniter->run()
10 SYSTEMPATH\Commands\Server\rewrite.php(47): require_once('C:\\Users\\MUHAMMAD FAISHAL\\Documents\\GitHub\\uas_pbo_kel_3_fakultas\\public\\index.php')
CRITICAL - 2023-07-26 08:18:17 --> Undefined array key "nama_ruangan"
in APPPATH\Views\content.php on line 90.
 1 APPPATH\Views\content.php(90): CodeIgniter\Debug\Exceptions->errorHandler(2, 'Undefined array key "nama_ruangan"', 'C:\\Users\\MUHAMMAD FAISHAL\\Documents\\GitHub\\uas_pbo_kel_3_fakultas\\app\\Views\\content.php', 90)
 2 SYSTEMPATH\View\View.php(224): include('C:\\Users\\MUHAMMAD FAISHAL\\Documents\\GitHub\\uas_pbo_kel_3_fakultas\\app\\Views\\content.php')
 3 SYSTEMPATH\View\View.php(227): CodeIgniter\View\View->CodeIgniter\View\{closure}()
 4 SYSTEMPATH\Common.php(1180): CodeIgniter\View\View->render('content', [], true)
 5 APPPATH\Controllers\Home.php(32): view('content', [...])
 6 SYSTEMPATH\CodeIgniter.php(932): App\Controllers\Home->index()
 7 SYSTEMPATH\CodeIgniter.php(497): CodeIgniter\CodeIgniter->runController(Object(App\Controllers\Home))
 8 SYSTEMPATH\CodeIgniter.php(366): CodeIgniter\CodeIgniter->handleRequest(null, Object(Config\Cache), false)
 9 FCPATH\index.php(67): CodeIgniter\CodeIgniter->run()
10 SYSTEMPATH\Commands\Server\rewrite.php(47): require_once('C:\\Users\\MUHAMMAD FAISHAL\\Documents\\GitHub\\uas_pbo_kel_3_fakultas\\public\\index.php')
CRITICAL - 2023-07-26 08:18:49 --> Cannot use object of type stdClass as array
in APPPATH\Views\content.php on line 88.
 1 SYSTEMPATH\View\View.php(224): include()
 2 SYSTEMPATH\View\View.php(227): CodeIgniter\View\View->CodeIgniter\View\{closure}()
 3 SYSTEMPATH\Common.php(1180): CodeIgniter\View\View->render('content', [], true)
 4 APPPATH\Controllers\Home.php(32): view('content', [...])
 5 SYSTEMPATH\CodeIgniter.php(932): App\Controllers\Home->index()
 6 SYSTEMPATH\CodeIgniter.php(497): CodeIgniter\CodeIgniter->runController(Object(App\Controllers\Home))
 7 SYSTEMPATH\CodeIgniter.php(366): CodeIgniter\CodeIgniter->handleRequest(null, Object(Config\Cache), false)
 8 FCPATH\index.php(67): CodeIgniter\CodeIgniter->run()
 9 SYSTEMPATH\Commands\Server\rewrite.php(47): require_once('C:\\Users\\MUHAMMAD FAISHAL\\Documents\\GitHub\\uas_pbo_kel_3_fakultas\\public\\index.php')
INFO - 2023-07-26 08:19:59 --> Session: Class initialized using 'CodeIgniter\Session\Handlers\FileHandler' driver.
INFO - 2023-07-26 08:20:02 --> Session: Class initialized using 'CodeIgniter\Session\Handlers\FileHandler' driver.
INFO - 2023-07-26 08:20:05 --> Session: Class initialized using 'CodeIgniter\Session\Handlers\FileHandler' driver.
INFO - 2023-07-26 08:20:07 --> Session: Class initialized using 'CodeIgniter\Session\Handlers\FileHandler' driver.
INFO - 2023-07-26 08:20:09 --> Session: Class initialized using 'CodeIgniter\Session\Handlers\FileHandler' driver.
ERROR - 2023-07-26 08:20:38 --> mysqli_sql_exception: Cannot add or update a child row: a foreign key constraint fails (`fakultas`.`fakultas`, CONSTRAINT `fakultas_id_ruangan_foreign` FOREIGN KEY (`id_ruangan`) REFERENCES `ruangan` (`id_ruangan`)) in C:\Users\MUHAMMAD FAISHAL\Documents\GitHub\uas_pbo_kel_3_fakultas\system\Database\MySQLi\Connection.php:295
Stack trace:
#0 C:\Users\MUHAMMAD FAISHAL\Documents\GitHub\uas_pbo_kel_3_fakultas\system\Database\MySQLi\Connection.php(295): mysqli->query('INSERT INTO `fa...', 0)
#1 C:\Users\MUHAMMAD FAISHAL\Documents\GitHub\uas_pbo_kel_3_fakultas\system\Database\BaseConnection.php(692): CodeIgniter\Database\MySQLi\Connection->execute('INSERT INTO `fa...')
#2 C:\Users\MUHAMMAD FAISHAL\Documents\GitHub\uas_pbo_kel_3_fakultas\system\Database\BaseConnection.php(606): CodeIgniter\Database\BaseConnection->simpleQuery('INSERT INTO `fa...')
#3 C:\Users\MUHAMMAD FAISHAL\Documents\GitHub\uas_pbo_kel_3_fakultas\system\Database\BaseBuilder.php(2309): CodeIgniter\Database\BaseConnection->query('INSERT INTO `fa...', Array, false)
#4 C:\Users\MUHAMMAD FAISHAL\Documents\GitHub\uas_pbo_kel_3_fakultas\system\Model.php(330): CodeIgniter\Database\BaseBuilder->insert()
#5 C:\Users\MUHAMMAD FAISHAL\Documents\GitHub\uas_pbo_kel_3_fakultas\system\BaseModel.php(782): CodeIgniter\Model->doInsert(Array)
#6 C:\Users\MUHAMMAD FAISHAL\Documents\GitHub\uas_pbo_kel_3_fakultas\system\Model.php(730): CodeIgniter\BaseModel->insert(Array, true)
#7 C:\Users\MUHAMMAD FAISHAL\Documents\GitHub\uas_pbo_kel_3_fakultas\app\Controllers\Fakultas.php(42): CodeIgniter\Model->insert(Array)
#8 C:\Users\MUHAMMAD FAISHAL\Documents\GitHub\uas_pbo_kel_3_fakultas\system\CodeIgniter.php(932): App\Controllers\Fakultas->createNewFakultas()
#9 C:\Users\MUHAMMAD FAISHAL\Documents\GitHub\uas_pbo_kel_3_fakultas\system\CodeIgniter.php(497): CodeIgniter\CodeIgniter->runController(Object(App\Controllers\Fakultas))
#10 C:\Users\MUHAMMAD FAISHAL\Documents\GitHub\uas_pbo_kel_3_fakultas\system\CodeIgniter.php(366): CodeIgniter\CodeIgniter->handleRequest(NULL, Object(Config\Cache), false)
#11 C:\Users\MUHAMMAD FAISHAL\Documents\GitHub\uas_pbo_kel_3_fakultas\public\index.php(67): CodeIgniter\CodeIgniter->run()
#12 C:\Users\MUHAMMAD FAISHAL\Documents\GitHub\uas_pbo_kel_3_fakultas\system\Commands\Server\rewrite.php(47): require_once('C:\\Users\\MUHAMM...')
#13 {main}
CRITICAL - 2023-07-26 08:20:38 --> Cannot add or update a child row: a foreign key constraint fails (`fakultas`.`fakultas`, CONSTRAINT `fakultas_id_ruangan_foreign` FOREIGN KEY (`id_ruangan`) REFERENCES `ruangan` (`id_ruangan`))
in SYSTEMPATH\Database\MySQLi\Connection.php on line 295.
 1 SYSTEMPATH\Database\MySQLi\Connection.php(295): mysqli->query('INSERT INTO `fakultas` (`nama_fakultas`, `kd_fakultas`, `id_ruangan`) VALUES (\'asa\', \'F017002\', \'\')', 0)
 2 SYSTEMPATH\Database\BaseConnection.php(692): CodeIgniter\Database\MySQLi\Connection->execute('INSERT INTO `fakultas` (`nama_fakultas`, `kd_fakultas`, `id_ruangan`) VALUES (\'asa\', \'F017002\', \'\')')
 3 SYSTEMPATH\Database\BaseConnection.php(606): CodeIgniter\Database\BaseConnection->simpleQuery('INSERT INTO `fakultas` (`nama_fakultas`, `kd_fakultas`, `id_ruangan`) VALUES (\'asa\', \'F017002\', \'\')')
 4 SYSTEMPATH\Database\BaseBuilder.php(2309): CodeIgniter\Database\BaseConnection->query('INSERT INTO `fakultas` (`nama_fakultas`, `kd_fakultas`, `id_ruangan`) VALUES (:nama_fakultas:, :kd_fakultas:, :id_ruangan:)', [...], false)
 5 SYSTEMPATH\Model.php(330): CodeIgniter\Database\BaseBuilder->insert()
 6 SYSTEMPATH\BaseModel.php(782): CodeIgniter\Model->doInsert([...])
 7 SYSTEMPATH\Model.php(730): CodeIgniter\BaseModel->insert([...], true)
 8 APPPATH\Controllers\Fakultas.php(42): CodeIgniter\Model->insert([...])
 9 SYSTEMPATH\CodeIgniter.php(932): App\Controllers\Fakultas->createNewFakultas()
10 SYSTEMPATH\CodeIgniter.php(497): CodeIgniter\CodeIgniter->runController(Object(App\Controllers\Fakultas))
11 SYSTEMPATH\CodeIgniter.php(366): CodeIgniter\CodeIgniter->handleRequest(null, Object(Config\Cache), false)
12 FCPATH\index.php(67): CodeIgniter\CodeIgniter->run()
13 SYSTEMPATH\Commands\Server\rewrite.php(47): require_once('C:\\Users\\MUHAMMAD FAISHAL\\Documents\\GitHub\\uas_pbo_kel_3_fakultas\\public\\index.php')
ERROR - 2023-07-26 08:21:12 --> mysqli_sql_exception: Cannot add or update a child row: a foreign key constraint fails (`fakultas`.`fakultas`, CONSTRAINT `fakultas_id_ruangan_foreign` FOREIGN KEY (`id_ruangan`) REFERENCES `ruangan` (`id_ruangan`)) in C:\Users\MUHAMMAD FAISHAL\Documents\GitHub\uas_pbo_kel_3_fakultas\system\Database\MySQLi\Connection.php:295
Stack trace:
#0 C:\Users\MUHAMMAD FAISHAL\Documents\GitHub\uas_pbo_kel_3_fakultas\system\Database\MySQLi\Connection.php(295): mysqli->query('INSERT INTO `fa...', 0)
#1 C:\Users\MUHAMMAD FAISHAL\Documents\GitHub\uas_pbo_kel_3_fakultas\system\Database\BaseConnection.php(692): CodeIgniter\Database\MySQLi\Connection->execute('INSERT INTO `fa...')
#2 C:\Users\MUHAMMAD FAISHAL\Documents\GitHub\uas_pbo_kel_3_fakultas\system\Database\BaseConnection.php(606): CodeIgniter\Database\BaseConnection->simpleQuery('INSERT INTO `fa...')
#3 C:\Users\MUHAMMAD FAISHAL\Documents\GitHub\uas_pbo_kel_3_fakultas\system\Database\BaseBuilder.php(2309): CodeIgniter\Database\BaseConnection->query('INSERT INTO `fa...', Array, false)
#4 C:\Users\MUHAMMAD FAISHAL\Documents\GitHub\uas_pbo_kel_3_fakultas\system\Model.php(330): CodeIgniter\Database\BaseBuilder->insert()
#5 C:\Users\MUHAMMAD FAISHAL\Documents\GitHub\uas_pbo_kel_3_fakultas\system\BaseModel.php(782): CodeIgniter\Model->doInsert(Array)
#6 C:\Users\MUHAMMAD FAISHAL\Documents\GitHub\uas_pbo_kel_3_fakultas\system\Model.php(730): CodeIgniter\BaseModel->insert(Array, true)
#7 C:\Users\MUHAMMAD FAISHAL\Documents\GitHub\uas_pbo_kel_3_fakultas\app\Controllers\Fakultas.php(42): CodeIgniter\Model->insert(Array)
#8 C:\Users\MUHAMMAD FAISHAL\Documents\GitHub\uas_pbo_kel_3_fakultas\system\CodeIgniter.php(932): App\Controllers\Fakultas->createNewFakultas()
#9 C:\Users\MUHAMMAD FAISHAL\Documents\GitHub\uas_pbo_kel_3_fakultas\system\CodeIgniter.php(497): CodeIgniter\CodeIgniter->runController(Object(App\Controllers\Fakultas))
#10 C:\Users\MUHAMMAD FAISHAL\Documents\GitHub\uas_pbo_kel_3_fakultas\system\CodeIgniter.php(366): CodeIgniter\CodeIgniter->handleRequest(NULL, Object(Config\Cache), false)
#11 C:\Users\MUHAMMAD FAISHAL\Documents\GitHub\uas_pbo_kel_3_fakultas\public\index.php(67): CodeIgniter\CodeIgniter->run()
#12 C:\Users\MUHAMMAD FAISHAL\Documents\GitHub\uas_pbo_kel_3_fakultas\system\Commands\Server\rewrite.php(47): require_once('C:\\Users\\MUHAMM...')
#13 {main}
CRITICAL - 2023-07-26 08:21:12 --> Cannot add or update a child row: a foreign key constraint fails (`fakultas`.`fakultas`, CONSTRAINT `fakultas_id_ruangan_foreign` FOREIGN KEY (`id_ruangan`) REFERENCES `ruangan` (`id_ruangan`))
in SYSTEMPATH\Database\MySQLi\Connection.php on line 295.
 1 SYSTEMPATH\Database\MySQLi\Connection.php(295): mysqli->query('INSERT INTO `fakultas` (`nama_fakultas`, `kd_fakultas`, `id_ruangan`) VALUES (\'asasa\', \'F017002\', \'\')', 0)
 2 SYSTEMPATH\Database\BaseConnection.php(692): CodeIgniter\Database\MySQLi\Connection->execute('INSERT INTO `fakultas` (`nama_fakultas`, `kd_fakultas`, `id_ruangan`) VALUES (\'asasa\', \'F017002\', \'\')')
 3 SYSTEMPATH\Database\BaseConnection.php(606): CodeIgniter\Database\BaseConnection->simpleQuery('INSERT INTO `fakultas` (`nama_fakultas`, `kd_fakultas`, `id_ruangan`) VALUES (\'asasa\', \'F017002\', \'\')')
 4 SYSTEMPATH\Database\BaseBuilder.php(2309): CodeIgniter\Database\BaseConnection->query('INSERT INTO `fakultas` (`nama_fakultas`, `kd_fakultas`, `id_ruangan`) VALUES (:nama_fakultas:, :kd_fakultas:, :id_ruangan:)', [...], false)
 5 SYSTEMPATH\Model.php(330): CodeIgniter\Database\BaseBuilder->insert()
 6 SYSTEMPATH\BaseModel.php(782): CodeIgniter\Model->doInsert([...])
 7 SYSTEMPATH\Model.php(730): CodeIgniter\BaseModel->insert([...], true)
 8 APPPATH\Controllers\Fakultas.php(42): CodeIgniter\Model->insert([...])
 9 SYSTEMPATH\CodeIgniter.php(932): App\Controllers\Fakultas->createNewFakultas()
10 SYSTEMPATH\CodeIgniter.php(497): CodeIgniter\CodeIgniter->runController(Object(App\Controllers\Fakultas))
11 SYSTEMPATH\CodeIgniter.php(366): CodeIgniter\CodeIgniter->handleRequest(null, Object(Config\Cache), false)
12 FCPATH\index.php(67): CodeIgniter\CodeIgniter->run()
13 SYSTEMPATH\Commands\Server\rewrite.php(47): require_once('C:\\Users\\MUHAMMAD FAISHAL\\Documents\\GitHub\\uas_pbo_kel_3_fakultas\\public\\index.php')
CRITICAL - 2023-07-26 08:25:24 --> Undefined array key "id_ruangan"
in APPPATH\Views\fakultas\index.php on line 37.
 1 APPPATH\Views\fakultas\index.php(37): CodeIgniter\Debug\Exceptions->errorHandler(2, 'Undefined array key "id_ruangan"', 'C:\\Users\\MUHAMMAD FAISHAL\\Documents\\GitHub\\uas_pbo_kel_3_fakultas\\app\\Views\\fakultas\\index.php', 37)
 2 SYSTEMPATH\View\View.php(224): include('C:\\Users\\MUHAMMAD FAISHAL\\Documents\\GitHub\\uas_pbo_kel_3_fakultas\\app\\Views\\fakultas\\index.php')
 3 SYSTEMPATH\View\View.php(227): CodeIgniter\View\View->CodeIgniter\View\{closure}()
 4 SYSTEMPATH\Common.php(1180): CodeIgniter\View\View->render('fakultas/index', [], true)
 5 APPPATH\Controllers\Fakultas.php(33): view('fakultas/index', [...])
 6 SYSTEMPATH\CodeIgniter.php(932): App\Controllers\Fakultas->index()
 7 SYSTEMPATH\CodeIgniter.php(497): CodeIgniter\CodeIgniter->runController(Object(App\Controllers\Fakultas))
 8 SYSTEMPATH\CodeIgniter.php(366): CodeIgniter\CodeIgniter->handleRequest(null, Object(Config\Cache), false)
 9 FCPATH\index.php(67): CodeIgniter\CodeIgniter->run()
10 SYSTEMPATH\Commands\Server\rewrite.php(47): require_once('C:\\Users\\MUHAMMAD FAISHAL\\Documents\\GitHub\\uas_pbo_kel_3_fakultas\\public\\index.php')
CRITICAL - 2023-07-26 08:25:44 --> Attempt to read property "id_ruangan" on array
in APPPATH\Views\fakultas\index.php on line 37.
 1 APPPATH\Views\fakultas\index.php(37): CodeIgniter\Debug\Exceptions->errorHandler(2, 'Attempt to read property "id_ruangan" on array', 'C:\\Users\\MUHAMMAD FAISHAL\\Documents\\GitHub\\uas_pbo_kel_3_fakultas\\app\\Views\\fakultas\\index.php', 37)
 2 SYSTEMPATH\View\View.php(224): include('C:\\Users\\MUHAMMAD FAISHAL\\Documents\\GitHub\\uas_pbo_kel_3_fakultas\\app\\Views\\fakultas\\index.php')
 3 SYSTEMPATH\View\View.php(227): CodeIgniter\View\View->CodeIgniter\View\{closure}()
 4 SYSTEMPATH\Common.php(1180): CodeIgniter\View\View->render('fakultas/index', [], true)
 5 APPPATH\Controllers\Fakultas.php(33): view('fakultas/index', [...])
 6 SYSTEMPATH\CodeIgniter.php(932): App\Controllers\Fakultas->index()
 7 SYSTEMPATH\CodeIgniter.php(497): CodeIgniter\CodeIgniter->runController(Object(App\Controllers\Fakultas))
 8 SYSTEMPATH\CodeIgniter.php(366): CodeIgniter\CodeIgniter->handleRequest(null, Object(Config\Cache), false)
 9 FCPATH\index.php(67): CodeIgniter\CodeIgniter->run()
10 SYSTEMPATH\Commands\Server\rewrite.php(47): require_once('C:\\Users\\MUHAMMAD FAISHAL\\Documents\\GitHub\\uas_pbo_kel_3_fakultas\\public\\index.php')
ERROR - 2023-07-26 17:24:19 --> mysqli_sql_exception: Unknown column 'fakultas.id_fakultas' in 'field list' in C:\Users\62823\OneDrive\Documents\GitHub\uas_pbo_kel_3_fakultas\system\Database\MySQLi\Connection.php:295
Stack trace:
#0 C:\Users\62823\OneDrive\Documents\GitHub\uas_pbo_kel_3_fakultas\system\Database\MySQLi\Connection.php(295): mysqli->query('SELECT `fakulta...', 0)
#1 C:\Users\62823\OneDrive\Documents\GitHub\uas_pbo_kel_3_fakultas\system\Database\BaseConnection.php(692): CodeIgniter\Database\MySQLi\Connection->execute('SELECT `fakulta...')
#2 C:\Users\62823\OneDrive\Documents\GitHub\uas_pbo_kel_3_fakultas\system\Database\BaseConnection.php(606): CodeIgniter\Database\BaseConnection->simpleQuery('SELECT `fakulta...')
#3 C:\Users\62823\OneDrive\Documents\GitHub\uas_pbo_kel_3_fakultas\system\Database\BaseBuilder.php(1616): CodeIgniter\Database\BaseConnection->query('SELECT `fakulta...', Array, false)
#4 C:\Users\62823\OneDrive\Documents\GitHub\uas_pbo_kel_3_fakultas\app\Models\FakultasModel.php(37): CodeIgniter\Database\BaseBuilder->get()
#5 C:\Users\62823\OneDrive\Documents\GitHub\uas_pbo_kel_3_fakultas\app\Controllers\Fakultas.php(27): App\Models\FakultasModel->getData()
#6 C:\Users\62823\OneDrive\Documents\GitHub\uas_pbo_kel_3_fakultas\system\CodeIgniter.php(932): App\Controllers\Fakultas->index()
#7 C:\Users\62823\OneDrive\Documents\GitHub\uas_pbo_kel_3_fakultas\system\CodeIgniter.php(497): CodeIgniter\CodeIgniter->runController(Object(App\Controllers\Fakultas))
#8 C:\Users\62823\OneDrive\Documents\GitHub\uas_pbo_kel_3_fakultas\system\CodeIgniter.php(366): CodeIgniter\CodeIgniter->handleRequest(NULL, Object(Config\Cache), false)
#9 C:\Users\62823\OneDrive\Documents\GitHub\uas_pbo_kel_3_fakultas\public\index.php(67): CodeIgniter\CodeIgniter->run()
#10 C:\Users\62823\OneDrive\Documents\GitHub\uas_pbo_kel_3_fakultas\system\Commands\Server\rewrite.php(47): require_once('C:\\Users\\62823\\...')
#11 {main}
CRITICAL - 2023-07-26 17:24:19 --> Unknown column 'fakultas.id_fakultas' in 'field list'
in SYSTEMPATH\Database\MySQLi\Connection.php on line 295.
 1 SYSTEMPATH\Database\MySQLi\Connection.php(295): mysqli->query('SELECT `fakultas`.`id_fakultas`, `fakultas`.`nama_fakultas`, `fakultas`.`kd_fakultas`, `ruangan`.`nama_ruangan`
FROM `fakultas`
JOIN `ruangan` ON `ruangan`.`id_ruangan` = `fakultas`.`id_ruangan`', 0)
 2 SYSTEMPATH\Database\BaseConnection.php(692): CodeIgniter\Database\MySQLi\Connection->execute('SELECT `fakultas`.`id_fakultas`, `fakultas`.`nama_fakultas`, `fakultas`.`kd_fakultas`, `ruangan`.`nama_ruangan`
FROM `fakultas`
JOIN `ruangan` ON `ruangan`.`id_ruangan` = `fakultas`.`id_ruangan`')
 3 SYSTEMPATH\Database\BaseConnection.php(606): CodeIgniter\Database\BaseConnection->simpleQuery('SELECT `fakultas`.`id_fakultas`, `fakultas`.`nama_fakultas`, `fakultas`.`kd_fakultas`, `ruangan`.`nama_ruangan`
FROM `fakultas`
JOIN `ruangan` ON `ruangan`.`id_ruangan` = `fakultas`.`id_ruangan`')
 4 SYSTEMPATH\Database\BaseBuilder.php(1616): CodeIgniter\Database\BaseConnection->query('SELECT `fakultas`.`id_fakultas`, `fakultas`.`nama_fakultas`, `fakultas`.`kd_fakultas`, `ruangan`.`nama_ruangan`
FROM `fakultas`
JOIN `ruangan` ON `ruangan`.`id_ruangan` = `fakultas`.`id_ruangan`', [], false)
 5 APPPATH\Models\FakultasModel.php(37): CodeIgniter\Database\BaseBuilder->get()
 6 APPPATH\Controllers\Fakultas.php(27): App\Models\FakultasModel->getData()
 7 SYSTEMPATH\CodeIgniter.php(932): App\Controllers\Fakultas->index()
 8 SYSTEMPATH\CodeIgniter.php(497): CodeIgniter\CodeIgniter->runController(Object(App\Controllers\Fakultas))
 9 SYSTEMPATH\CodeIgniter.php(366): CodeIgniter\CodeIgniter->handleRequest(null, Object(Config\Cache), false)
10 FCPATH\index.php(67): CodeIgniter\CodeIgniter->run()
11 SYSTEMPATH\Commands\Server\rewrite.php(47): require_once('C:\\Users\\62823\\OneDrive\\Documents\\GitHub\\uas_pbo_kel_3_fakultas\\public\\index.php')
ERROR - 2023-07-26 17:25:14 --> mysqli_sql_exception: Unknown column 'fakultas.id_fakultas' in 'field list' in C:\Users\62823\OneDrive\Documents\GitHub\uas_pbo_kel_3_fakultas\system\Database\MySQLi\Connection.php:295
Stack trace:
#0 C:\Users\62823\OneDrive\Documents\GitHub\uas_pbo_kel_3_fakultas\system\Database\MySQLi\Connection.php(295): mysqli->query('SELECT `fakulta...', 0)
#1 C:\Users\62823\OneDrive\Documents\GitHub\uas_pbo_kel_3_fakultas\system\Database\BaseConnection.php(692): CodeIgniter\Database\MySQLi\Connection->execute('SELECT `fakulta...')
#2 C:\Users\62823\OneDrive\Documents\GitHub\uas_pbo_kel_3_fakultas\system\Database\BaseConnection.php(606): CodeIgniter\Database\BaseConnection->simpleQuery('SELECT `fakulta...')
#3 C:\Users\62823\OneDrive\Documents\GitHub\uas_pbo_kel_3_fakultas\system\Database\BaseBuilder.php(1616): CodeIgniter\Database\BaseConnection->query('SELECT `fakulta...', Array, false)
#4 C:\Users\62823\OneDrive\Documents\GitHub\uas_pbo_kel_3_fakultas\app\Models\FakultasModel.php(37): CodeIgniter\Database\BaseBuilder->get()
#5 C:\Users\62823\OneDrive\Documents\GitHub\uas_pbo_kel_3_fakultas\app\Controllers\Home.php(20): App\Models\FakultasModel->getData()
#6 C:\Users\62823\OneDrive\Documents\GitHub\uas_pbo_kel_3_fakultas\system\CodeIgniter.php(932): App\Controllers\Home->index()
#7 C:\Users\62823\OneDrive\Documents\GitHub\uas_pbo_kel_3_fakultas\system\CodeIgniter.php(497): CodeIgniter\CodeIgniter->runController(Object(App\Controllers\Home))
#8 C:\Users\62823\OneDrive\Documents\GitHub\uas_pbo_kel_3_fakultas\system\CodeIgniter.php(366): CodeIgniter\CodeIgniter->handleRequest(NULL, Object(Config\Cache), false)
#9 C:\Users\62823\OneDrive\Documents\GitHub\uas_pbo_kel_3_fakultas\public\index.php(67): CodeIgniter\CodeIgniter->run()
#10 C:\Users\62823\OneDrive\Documents\GitHub\uas_pbo_kel_3_fakultas\system\Commands\Server\rewrite.php(47): require_once('C:\\Users\\62823\\...')
#11 {main}
CRITICAL - 2023-07-26 17:25:14 --> Unknown column 'fakultas.id_fakultas' in 'field list'
in SYSTEMPATH\Database\MySQLi\Connection.php on line 295.
 1 SYSTEMPATH\Database\MySQLi\Connection.php(295): mysqli->query('SELECT `fakultas`.`id_fakultas`, `fakultas`.`nama_fakultas`, `fakultas`.`kd_fakultas`, `ruangan`.`nama_ruangan`
FROM `fakultas`
JOIN `ruangan` ON `ruangan`.`id_ruangan` = `fakultas`.`id_ruangan`', 0)
 2 SYSTEMPATH\Database\BaseConnection.php(692): CodeIgniter\Database\MySQLi\Connection->execute('SELECT `fakultas`.`id_fakultas`, `fakultas`.`nama_fakultas`, `fakultas`.`kd_fakultas`, `ruangan`.`nama_ruangan`
FROM `fakultas`
JOIN `ruangan` ON `ruangan`.`id_ruangan` = `fakultas`.`id_ruangan`')
 3 SYSTEMPATH\Database\BaseConnection.php(606): CodeIgniter\Database\BaseConnection->simpleQuery('SELECT `fakultas`.`id_fakultas`, `fakultas`.`nama_fakultas`, `fakultas`.`kd_fakultas`, `ruangan`.`nama_ruangan`
FROM `fakultas`
JOIN `ruangan` ON `ruangan`.`id_ruangan` = `fakultas`.`id_ruangan`')
 4 SYSTEMPATH\Database\BaseBuilder.php(1616): CodeIgniter\Database\BaseConnection->query('SELECT `fakultas`.`id_fakultas`, `fakultas`.`nama_fakultas`, `fakultas`.`kd_fakultas`, `ruangan`.`nama_ruangan`
FROM `fakultas`
JOIN `ruangan` ON `ruangan`.`id_ruangan` = `fakultas`.`id_ruangan`', [], false)
 5 APPPATH\Models\FakultasModel.php(37): CodeIgniter\Database\BaseBuilder->get()
 6 APPPATH\Controllers\Home.php(20): App\Models\FakultasModel->getData()
 7 SYSTEMPATH\CodeIgniter.php(932): App\Controllers\Home->index()
 8 SYSTEMPATH\CodeIgniter.php(497): CodeIgniter\CodeIgniter->runController(Object(App\Controllers\Home))
 9 SYSTEMPATH\CodeIgniter.php(366): CodeIgniter\CodeIgniter->handleRequest(null, Object(Config\Cache), false)
10 FCPATH\index.php(67): CodeIgniter\CodeIgniter->run()
11 SYSTEMPATH\Commands\Server\rewrite.php(47): require_once('C:\\Users\\62823\\OneDrive\\Documents\\GitHub\\uas_pbo_kel_3_fakultas\\public\\index.php')
ERROR - 2023-07-26 17:25:42 --> mysqli_sql_exception: Unknown column 'fakultas.id_fakultas' in 'field list' in C:\Users\62823\OneDrive\Documents\GitHub\uas_pbo_kel_3_fakultas\system\Database\MySQLi\Connection.php:295
Stack trace:
#0 C:\Users\62823\OneDrive\Documents\GitHub\uas_pbo_kel_3_fakultas\system\Database\MySQLi\Connection.php(295): mysqli->query('SELECT `fakulta...', 0)
#1 C:\Users\62823\OneDrive\Documents\GitHub\uas_pbo_kel_3_fakultas\system\Database\BaseConnection.php(692): CodeIgniter\Database\MySQLi\Connection->execute('SELECT `fakulta...')
#2 C:\Users\62823\OneDrive\Documents\GitHub\uas_pbo_kel_3_fakultas\system\Database\BaseConnection.php(606): CodeIgniter\Database\BaseConnection->simpleQuery('SELECT `fakulta...')
#3 C:\Users\62823\OneDrive\Documents\GitHub\uas_pbo_kel_3_fakultas\system\Database\BaseBuilder.php(1616): CodeIgniter\Database\BaseConnection->query('SELECT `fakulta...', Array, false)
#4 C:\Users\62823\OneDrive\Documents\GitHub\uas_pbo_kel_3_fakultas\app\Models\FakultasModel.php(37): CodeIgniter\Database\BaseBuilder->get()
#5 C:\Users\62823\OneDrive\Documents\GitHub\uas_pbo_kel_3_fakultas\app\Controllers\Home.php(20): App\Models\FakultasModel->getData()
#6 C:\Users\62823\OneDrive\Documents\GitHub\uas_pbo_kel_3_fakultas\system\CodeIgniter.php(932): App\Controllers\Home->index()
#7 C:\Users\62823\OneDrive\Documents\GitHub\uas_pbo_kel_3_fakultas\system\CodeIgniter.php(497): CodeIgniter\CodeIgniter->runController(Object(App\Controllers\Home))
#8 C:\Users\62823\OneDrive\Documents\GitHub\uas_pbo_kel_3_fakultas\system\CodeIgniter.php(366): CodeIgniter\CodeIgniter->handleRequest(NULL, Object(Config\Cache), false)
#9 C:\Users\62823\OneDrive\Documents\GitHub\uas_pbo_kel_3_fakultas\public\index.php(67): CodeIgniter\CodeIgniter->run()
#10 C:\Users\62823\OneDrive\Documents\GitHub\uas_pbo_kel_3_fakultas\system\Commands\Server\rewrite.php(47): require_once('C:\\Users\\62823\\...')
#11 {main}
CRITICAL - 2023-07-26 17:25:42 --> Unknown column 'fakultas.id_fakultas' in 'field list'
in SYSTEMPATH\Database\MySQLi\Connection.php on line 295.
 1 SYSTEMPATH\Database\MySQLi\Connection.php(295): mysqli->query('SELECT `fakultas`.`id_fakultas`, `fakultas`.`nama_fakultas`, `fakultas`.`kd_fakultas`, `ruangan`.`nama_ruangan`
FROM `fakultas`
JOIN `ruangan` ON `ruangan`.`id_ruangan` = `fakultas`.`id_ruangan`', 0)
 2 SYSTEMPATH\Database\BaseConnection.php(692): CodeIgniter\Database\MySQLi\Connection->execute('SELECT `fakultas`.`id_fakultas`, `fakultas`.`nama_fakultas`, `fakultas`.`kd_fakultas`, `ruangan`.`nama_ruangan`
FROM `fakultas`
JOIN `ruangan` ON `ruangan`.`id_ruangan` = `fakultas`.`id_ruangan`')
 3 SYSTEMPATH\Database\BaseConnection.php(606): CodeIgniter\Database\BaseConnection->simpleQuery('SELECT `fakultas`.`id_fakultas`, `fakultas`.`nama_fakultas`, `fakultas`.`kd_fakultas`, `ruangan`.`nama_ruangan`
FROM `fakultas`
JOIN `ruangan` ON `ruangan`.`id_ruangan` = `fakultas`.`id_ruangan`')
 4 SYSTEMPATH\Database\BaseBuilder.php(1616): CodeIgniter\Database\BaseConnection->query('SELECT `fakultas`.`id_fakultas`, `fakultas`.`nama_fakultas`, `fakultas`.`kd_fakultas`, `ruangan`.`nama_ruangan`
FROM `fakultas`
JOIN `ruangan` ON `ruangan`.`id_ruangan` = `fakultas`.`id_ruangan`', [], false)
 5 APPPATH\Models\FakultasModel.php(37): CodeIgniter\Database\BaseBuilder->get()
 6 APPPATH\Controllers\Home.php(20): App\Models\FakultasModel->getData()
 7 SYSTEMPATH\CodeIgniter.php(932): App\Controllers\Home->index()
 8 SYSTEMPATH\CodeIgniter.php(497): CodeIgniter\CodeIgniter->runController(Object(App\Controllers\Home))
 9 SYSTEMPATH\CodeIgniter.php(366): CodeIgniter\CodeIgniter->handleRequest(null, Object(Config\Cache), false)
10 FCPATH\index.php(67): CodeIgniter\CodeIgniter->run()
11 SYSTEMPATH\Commands\Server\rewrite.php(47): require_once('C:\\Users\\62823\\OneDrive\\Documents\\GitHub\\uas_pbo_kel_3_fakultas\\public\\index.php')
