ERROR - 2023-07-22 10:23:51 --> mysqli_sql_exception: MySQL server has gone away in C:\Users\MUHAMMAD FAISHAL\Documents\GitHub\uas_pbo_kel_3_fakultas\system\Database\MySQLi\Connection.php:295
Stack trace:
#0 C:\Users\MUHAMMAD FAISHAL\Documents\GitHub\uas_pbo_kel_3_fakultas\system\Database\MySQLi\Connection.php(295): mysqli->query('SELECT *\nFROM `...', 0)
#1 C:\Users\MUHAMMAD FAISHAL\Documents\GitHub\uas_pbo_kel_3_fakultas\system\Database\BaseConnection.php(692): CodeIgniter\Database\MySQLi\Connection->execute('SELECT *\nFROM `...')
#2 C:\Users\MUHAMMAD FAISHAL\Documents\GitHub\uas_pbo_kel_3_fakultas\system\Database\BaseConnection.php(606): CodeIgniter\Database\BaseConnection->simpleQuery('SELECT *\nFROM `...')
#3 C:\Users\MUHAMMAD FAISHAL\Documents\GitHub\uas_pbo_kel_3_fakultas\system\Database\BaseBuilder.php(1616): CodeIgniter\Database\BaseConnection->query('SELECT *\nFROM `...', Array, false)
#4 C:\Users\MUHAMMAD FAISHAL\Documents\GitHub\uas_pbo_kel_3_fakultas\system\Model.php(241): CodeIgniter\Database\BaseBuilder->get()
#5 C:\Users\MUHAMMAD FAISHAL\Documents\GitHub\uas_pbo_kel_3_fakultas\system\BaseModel.php(618): CodeIgniter\Model->doFindAll(0, 0)
#6 C:\Users\MUHAMMAD FAISHAL\Documents\GitHub\uas_pbo_kel_3_fakultas\app\Controllers\RuanganController.php(22): CodeIgniter\BaseModel->findAll()
#7 C:\Users\MUHAMMAD FAISHAL\Documents\GitHub\uas_pbo_kel_3_fakultas\system\CodeIgniter.php(932): App\Controllers\RuanganController->index()
#8 C:\Users\MUHAMMAD FAISHAL\Documents\GitHub\uas_pbo_kel_3_fakultas\system\CodeIgniter.php(497): CodeIgniter\CodeIgniter->runController(Object(App\Controllers\RuanganController))
#9 C:\Users\MUHAMMAD FAISHAL\Documents\GitHub\uas_pbo_kel_3_fakultas\system\CodeIgniter.php(366): CodeIgniter\CodeIgniter->handleRequest(NULL, Object(Config\Cache), false)
#10 C:\Users\MUHAMMAD FAISHAL\Documents\GitHub\uas_pbo_kel_3_fakultas\public\index.php(67): CodeIgniter\CodeIgniter->run()
#11 C:\Users\MUHAMMAD FAISHAL\Documents\GitHub\uas_pbo_kel_3_fakultas\system\Commands\Server\rewrite.php(47): require_once('C:\\Users\\MUHAMM...')
#12 {main}
CRITICAL - 2023-07-22 10:23:51 --> MySQL server has gone away
in SYSTEMPATH\Database\MySQLi\Connection.php on line 295.
 1 SYSTEMPATH\Database\MySQLi\Connection.php(295): mysqli->query('SELECT *
FROM `ruangan`
ORDER BY `id_ruangan` ASC', 0)
 2 SYSTEMPATH\Database\BaseConnection.php(692): CodeIgniter\Database\MySQLi\Connection->execute('SELECT *
FROM `ruangan`
ORDER BY `id_ruangan` ASC')
 3 SYSTEMPATH\Database\BaseConnection.php(606): CodeIgniter\Database\BaseConnection->simpleQuery('SELECT *
FROM `ruangan`
ORDER BY `id_ruangan` ASC')
 4 SYSTEMPATH\Database\BaseBuilder.php(1616): CodeIgniter\Database\BaseConnection->query('SELECT *
FROM `ruangan`
ORDER BY `id_ruangan` ASC', [], false)
 5 SYSTEMPATH\Model.php(241): CodeIgniter\Database\BaseBuilder->get()
 6 SYSTEMPATH\BaseModel.php(618): CodeIgniter\Model->doFindAll(0, 0)
 7 APPPATH\Controllers\RuanganController.php(22): CodeIgniter\BaseModel->findAll()
 8 SYSTEMPATH\CodeIgniter.php(932): App\Controllers\RuanganController->index()
 9 SYSTEMPATH\CodeIgniter.php(497): CodeIgniter\CodeIgniter->runController(Object(App\Controllers\RuanganController))
10 SYSTEMPATH\CodeIgniter.php(366): CodeIgniter\CodeIgniter->handleRequest(null, Object(Config\Cache), false)
11 FCPATH\index.php(67): CodeIgniter\CodeIgniter->run()
12 SYSTEMPATH\Commands\Server\rewrite.php(47): require_once('C:\\Users\\MUHAMMAD FAISHAL\\Documents\\GitHub\\uas_pbo_kel_3_fakultas\\public\\index.php')
CRITICAL - 2023-07-22 10:42:44 --> Undefined variable $fakultas
in APPPATH\Views\fakultas\edit.php on line 15.
 1 APPPATH\Views\fakultas\edit.php(15): CodeIgniter\Debug\Exceptions->errorHandler(2, 'Undefined variable $fakultas', 'C:\\Users\\MUHAMMAD FAISHAL\\Documents\\GitHub\\uas_pbo_kel_3_fakultas\\app\\Views\\fakultas\\edit.php', 15)
 2 SYSTEMPATH\View\View.php(224): include('C:\\Users\\MUHAMMAD FAISHAL\\Documents\\GitHub\\uas_pbo_kel_3_fakultas\\app\\Views\\fakultas\\edit.php')
 3 SYSTEMPATH\View\View.php(227): CodeIgniter\View\View->CodeIgniter\View\{closure}()
 4 SYSTEMPATH\Common.php(1180): CodeIgniter\View\View->render('fakultas/edit', [], true)
 5 APPPATH\Controllers\Fakultas.php(46): view('fakultas/edit')
 6 SYSTEMPATH\CodeIgniter.php(932): App\Controllers\Fakultas->edit('1')
 7 SYSTEMPATH\CodeIgniter.php(497): CodeIgniter\CodeIgniter->runController(Object(App\Controllers\Fakultas))
 8 SYSTEMPATH\CodeIgniter.php(366): CodeIgniter\CodeIgniter->handleRequest(null, Object(Config\Cache), false)
 9 FCPATH\index.php(67): CodeIgniter\CodeIgniter->run()
10 SYSTEMPATH\Commands\Server\rewrite.php(47): require_once('C:\\Users\\MUHAMMAD FAISHAL\\Documents\\GitHub\\uas_pbo_kel_3_fakultas\\public\\index.php')
CRITICAL - 2023-07-22 10:44:53 --> Undefined variable $fakultas
in APPPATH\Views\fakultas\edit.php on line 18.
 1 APPPATH\Views\fakultas\edit.php(18): CodeIgniter\Debug\Exceptions->errorHandler(2, 'Undefined variable $fakultas', 'C:\\Users\\MUHAMMAD FAISHAL\\Documents\\GitHub\\uas_pbo_kel_3_fakultas\\app\\Views\\fakultas\\edit.php', 18)
 2 SYSTEMPATH\View\View.php(224): include('C:\\Users\\MUHAMMAD FAISHAL\\Documents\\GitHub\\uas_pbo_kel_3_fakultas\\app\\Views\\fakultas\\edit.php')
 3 SYSTEMPATH\View\View.php(227): CodeIgniter\View\View->CodeIgniter\View\{closure}()
 4 SYSTEMPATH\Common.php(1180): CodeIgniter\View\View->render('fakultas/edit', [], true)
 5 APPPATH\Controllers\Fakultas.php(47): view('fakultas/edit', [...])
 6 SYSTEMPATH\CodeIgniter.php(932): App\Controllers\Fakultas->edit('1')
 7 SYSTEMPATH\CodeIgniter.php(497): CodeIgniter\CodeIgniter->runController(Object(App\Controllers\Fakultas))
 8 SYSTEMPATH\CodeIgniter.php(366): CodeIgniter\CodeIgniter->handleRequest(null, Object(Config\Cache), false)
 9 FCPATH\index.php(67): CodeIgniter\CodeIgniter->run()
10 SYSTEMPATH\Commands\Server\rewrite.php(47): require_once('C:\\Users\\MUHAMMAD FAISHAL\\Documents\\GitHub\\uas_pbo_kel_3_fakultas\\public\\index.php')
CRITICAL - 2023-07-22 10:44:57 --> Undefined variable $fakultas
in APPPATH\Views\fakultas\edit.php on line 18.
 1 APPPATH\Views\fakultas\edit.php(18): CodeIgniter\Debug\Exceptions->errorHandler(2, 'Undefined variable $fakultas', 'C:\\Users\\MUHAMMAD FAISHAL\\Documents\\GitHub\\uas_pbo_kel_3_fakultas\\app\\Views\\fakultas\\edit.php', 18)
 2 SYSTEMPATH\View\View.php(224): include('C:\\Users\\MUHAMMAD FAISHAL\\Documents\\GitHub\\uas_pbo_kel_3_fakultas\\app\\Views\\fakultas\\edit.php')
 3 SYSTEMPATH\View\View.php(227): CodeIgniter\View\View->CodeIgniter\View\{closure}()
 4 SYSTEMPATH\Common.php(1180): CodeIgniter\View\View->render('fakultas/edit', [], true)
 5 APPPATH\Controllers\Fakultas.php(47): view('fakultas/edit', [...])
 6 SYSTEMPATH\CodeIgniter.php(932): App\Controllers\Fakultas->edit('1')
 7 SYSTEMPATH\CodeIgniter.php(497): CodeIgniter\CodeIgniter->runController(Object(App\Controllers\Fakultas))
 8 SYSTEMPATH\CodeIgniter.php(366): CodeIgniter\CodeIgniter->handleRequest(null, Object(Config\Cache), false)
 9 FCPATH\index.php(67): CodeIgniter\CodeIgniter->run()
10 SYSTEMPATH\Commands\Server\rewrite.php(47): require_once('C:\\Users\\MUHAMMAD FAISHAL\\Documents\\GitHub\\uas_pbo_kel_3_fakultas\\public\\index.php')
ERROR - 2023-07-22 10:59:09 --> mysqli_sql_exception: You have an error in your SQL syntax; check the manual that corresponds to your MariaDB server version for the right syntax to use near '1 PRIMARY KEY(`id`)
) DEFAULT CHARACTER SET = utf8 COLLATE = utf8_general_ci' at line 5 in C:\Users\MUHAMMAD FAISHAL\Documents\GitHub\uas_pbo_kel_3_fakultas\system\Database\MySQLi\Connection.php:295
Stack trace:
#0 C:\Users\MUHAMMAD FAISHAL\Documents\GitHub\uas_pbo_kel_3_fakultas\system\Database\MySQLi\Connection.php(295): mysqli->query('CREATE TABLE `f...', 0)
#1 C:\Users\MUHAMMAD FAISHAL\Documents\GitHub\uas_pbo_kel_3_fakultas\system\Database\BaseConnection.php(692): CodeIgniter\Database\MySQLi\Connection->execute('CREATE TABLE `f...')
#2 C:\Users\MUHAMMAD FAISHAL\Documents\GitHub\uas_pbo_kel_3_fakultas\system\Database\BaseConnection.php(606): CodeIgniter\Database\BaseConnection->simpleQuery('CREATE TABLE `f...')
#3 C:\Users\MUHAMMAD FAISHAL\Documents\GitHub\uas_pbo_kel_3_fakultas\system\Database\Forge.php(546): CodeIgniter\Database\BaseConnection->query('CREATE TABLE `f...')
#4 C:\Users\MUHAMMAD FAISHAL\Documents\GitHub\uas_pbo_kel_3_fakultas\app\Database\Migrations\2023-07-13-130724_CreateFakultasTable.php(30): CodeIgniter\Database\Forge->createTable('fakultas', true)
#5 C:\Users\MUHAMMAD FAISHAL\Documents\GitHub\uas_pbo_kel_3_fakultas\system\Database\MigrationRunner.php(877): App\Database\Migrations\CreateFakultasTable->up()
#6 C:\Users\MUHAMMAD FAISHAL\Documents\GitHub\uas_pbo_kel_3_fakultas\system\Database\MigrationRunner.php(188): CodeIgniter\Database\MigrationRunner->migrate('up', Object(stdClass))
#7 C:\Users\MUHAMMAD FAISHAL\Documents\GitHub\uas_pbo_kel_3_fakultas\system\Commands\Database\Migrate.php(84): CodeIgniter\Database\MigrationRunner->latest(NULL)
#8 C:\Users\MUHAMMAD FAISHAL\Documents\GitHub\uas_pbo_kel_3_fakultas\system\CLI\Commands.php(65): CodeIgniter\Commands\Database\Migrate->run(Array)
#9 C:\Users\MUHAMMAD FAISHAL\Documents\GitHub\uas_pbo_kel_3_fakultas\system\CLI\BaseCommand.php(114): CodeIgniter\CLI\Commands->run('migrate', Array)
#10 C:\Users\MUHAMMAD FAISHAL\Documents\GitHub\uas_pbo_kel_3_fakultas\system\Commands\Database\MigrateRefresh.php(85): CodeIgniter\CLI\BaseCommand->call('migrate', Array)
#11 C:\Users\MUHAMMAD FAISHAL\Documents\GitHub\uas_pbo_kel_3_fakultas\system\CLI\Commands.php(65): CodeIgniter\Commands\Database\MigrateRefresh->run(Array)
#12 C:\Users\MUHAMMAD FAISHAL\Documents\GitHub\uas_pbo_kel_3_fakultas\system\CLI\Console.php(37): CodeIgniter\CLI\Commands->run('migrate:refresh', Array)
#13 C:\Users\MUHAMMAD FAISHAL\Documents\GitHub\uas_pbo_kel_3_fakultas\spark(97): CodeIgniter\CLI\Console->run()
#14 {main}
CRITICAL - 2023-07-22 11:06:53 --> Undefined array key "kd_ruangan"
in APPPATH\Views\fakultas\index.php on line 49.
 1 APPPATH\Views\fakultas\index.php(49): CodeIgniter\Debug\Exceptions->errorHandler(2, 'Undefined array key "kd_ruangan"', 'C:\\Users\\MUHAMMAD FAISHAL\\Documents\\GitHub\\uas_pbo_kel_3_fakultas\\app\\Views\\fakultas\\index.php', 49)
 2 SYSTEMPATH\View\View.php(224): include('C:\\Users\\MUHAMMAD FAISHAL\\Documents\\GitHub\\uas_pbo_kel_3_fakultas\\app\\Views\\fakultas\\index.php')
 3 SYSTEMPATH\View\View.php(227): CodeIgniter\View\View->CodeIgniter\View\{closure}()
 4 SYSTEMPATH\Common.php(1180): CodeIgniter\View\View->render('fakultas/index', [], true)
 5 APPPATH\Controllers\Fakultas.php(20): view('fakultas/index', [...])
 6 SYSTEMPATH\CodeIgniter.php(932): App\Controllers\Fakultas->index()
 7 SYSTEMPATH\CodeIgniter.php(497): CodeIgniter\CodeIgniter->runController(Object(App\Controllers\Fakultas))
 8 SYSTEMPATH\CodeIgniter.php(366): CodeIgniter\CodeIgniter->handleRequest(null, Object(Config\Cache), false)
 9 FCPATH\index.php(67): CodeIgniter\CodeIgniter->run()
10 SYSTEMPATH\Commands\Server\rewrite.php(47): require_once('C:\\Users\\MUHAMMAD FAISHAL\\Documents\\GitHub\\uas_pbo_kel_3_fakultas\\public\\index.php')
CRITICAL - 2023-07-22 20:13:31 --> Invalid file: "indexView.php"
in SYSTEMPATH\Exceptions\FrameworkException.php on line 33.
 1 SYSTEMPATH\View\View.php(212): CodeIgniter\Exceptions\FrameworkException::forInvalidFile('indexView.php')
 2 SYSTEMPATH\View\View.php(240): CodeIgniter\View\View->render('indexView', [], true)
 3 SYSTEMPATH\Common.php(1180): CodeIgniter\View\View->render('content', [], true)
 4 APPPATH\Controllers\Home.php(9): view('content')
 5 SYSTEMPATH\CodeIgniter.php(932): App\Controllers\Home->index()
 6 SYSTEMPATH\CodeIgniter.php(497): CodeIgniter\CodeIgniter->runController(Object(App\Controllers\Home))
 7 SYSTEMPATH\CodeIgniter.php(366): CodeIgniter\CodeIgniter->handleRequest(null, Object(Config\Cache), false)
 8 FCPATH\index.php(67): CodeIgniter\CodeIgniter->run()
 9 SYSTEMPATH\Commands\Server\rewrite.php(47): require_once('C:\\Users\\MUHAMMAD FAISHAL\\Documents\\GitHub\\uas_pbo_kel_3_fakultas\\public\\index.php')
CRITICAL - 2023-07-22 20:17:48 --> Invalid file: "sidebar.php"
in SYSTEMPATH\Exceptions\FrameworkException.php on line 33.
 1 SYSTEMPATH\View\View.php(212): CodeIgniter\Exceptions\FrameworkException::forInvalidFile('sidebar.php')
 2 SYSTEMPATH\View\View.php(240): CodeIgniter\View\View->render('sidebar', [], true)
 3 SYSTEMPATH\Common.php(1180): CodeIgniter\View\View->render('content', [], true)
 4 APPPATH\Controllers\Home.php(9): view('content')
 5 SYSTEMPATH\CodeIgniter.php(932): App\Controllers\Home->index()
 6 SYSTEMPATH\CodeIgniter.php(497): CodeIgniter\CodeIgniter->runController(Object(App\Controllers\Home))
 7 SYSTEMPATH\CodeIgniter.php(366): CodeIgniter\CodeIgniter->handleRequest(null, Object(Config\Cache), false)
 8 FCPATH\index.php(67): CodeIgniter\CodeIgniter->run()
 9 SYSTEMPATH\Commands\Server\rewrite.php(47): require_once('C:\\Users\\MUHAMMAD FAISHAL\\Documents\\GitHub\\uas_pbo_kel_3_fakultas\\public\\index.php')
CRITICAL - 2023-07-22 20:18:01 --> Invalid file: "indexView.php"
in SYSTEMPATH\Exceptions\FrameworkException.php on line 33.
 1 SYSTEMPATH\View\View.php(212): CodeIgniter\Exceptions\FrameworkException::forInvalidFile('indexView.php')
 2 SYSTEMPATH\View\View.php(240): CodeIgniter\View\View->render('indexView', [], true)
 3 SYSTEMPATH\View\View.php(240): CodeIgniter\View\View->render('Layouts/sidebar', [], true)
 4 SYSTEMPATH\Common.php(1180): CodeIgniter\View\View->render('content', [], true)
 5 APPPATH\Controllers\Home.php(9): view('content')
 6 SYSTEMPATH\CodeIgniter.php(932): App\Controllers\Home->index()
 7 SYSTEMPATH\CodeIgniter.php(497): CodeIgniter\CodeIgniter->runController(Object(App\Controllers\Home))
 8 SYSTEMPATH\CodeIgniter.php(366): CodeIgniter\CodeIgniter->handleRequest(null, Object(Config\Cache), false)
 9 FCPATH\index.php(67): CodeIgniter\CodeIgniter->run()
10 SYSTEMPATH\Commands\Server\rewrite.php(47): require_once('C:\\Users\\MUHAMMAD FAISHAL\\Documents\\GitHub\\uas_pbo_kel_3_fakultas\\public\\index.php')
CRITICAL - 2023-07-22 20:18:03 --> Invalid file: "indexView.php"
in SYSTEMPATH\Exceptions\FrameworkException.php on line 33.
 1 SYSTEMPATH\View\View.php(212): CodeIgniter\Exceptions\FrameworkException::forInvalidFile('indexView.php')
 2 SYSTEMPATH\View\View.php(240): CodeIgniter\View\View->render('indexView', [], true)
 3 SYSTEMPATH\View\View.php(240): CodeIgniter\View\View->render('Layouts/sidebar', [], true)
 4 SYSTEMPATH\Common.php(1180): CodeIgniter\View\View->render('content', [], true)
 5 APPPATH\Controllers\Home.php(9): view('content')
 6 SYSTEMPATH\CodeIgniter.php(932): App\Controllers\Home->index()
 7 SYSTEMPATH\CodeIgniter.php(497): CodeIgniter\CodeIgniter->runController(Object(App\Controllers\Home))
 8 SYSTEMPATH\CodeIgniter.php(366): CodeIgniter\CodeIgniter->handleRequest(null, Object(Config\Cache), false)
 9 FCPATH\index.php(67): CodeIgniter\CodeIgniter->run()
10 SYSTEMPATH\Commands\Server\rewrite.php(47): require_once('C:\\Users\\MUHAMMAD FAISHAL\\Documents\\GitHub\\uas_pbo_kel_3_fakultas\\public\\index.php')
CRITICAL - 2023-07-22 20:18:23 --> Invalid file: "indexView.php"
in SYSTEMPATH\Exceptions\FrameworkException.php on line 33.
 1 SYSTEMPATH\View\View.php(212): CodeIgniter\Exceptions\FrameworkException::forInvalidFile('indexView.php')
 2 SYSTEMPATH\View\View.php(240): CodeIgniter\View\View->render('indexView', [], true)
 3 SYSTEMPATH\View\View.php(240): CodeIgniter\View\View->render('Layouts/sidebar', [], true)
 4 SYSTEMPATH\Common.php(1180): CodeIgniter\View\View->render('content', [], true)
 5 APPPATH\Controllers\Home.php(9): view('content')
 6 SYSTEMPATH\CodeIgniter.php(932): App\Controllers\Home->index()
 7 SYSTEMPATH\CodeIgniter.php(497): CodeIgniter\CodeIgniter->runController(Object(App\Controllers\Home))
 8 SYSTEMPATH\CodeIgniter.php(366): CodeIgniter\CodeIgniter->handleRequest(null, Object(Config\Cache), false)
 9 FCPATH\index.php(67): CodeIgniter\CodeIgniter->run()
10 SYSTEMPATH\Commands\Server\rewrite.php(47): require_once('C:\\Users\\MUHAMMAD FAISHAL\\Documents\\GitHub\\uas_pbo_kel_3_fakultas\\public\\index.php')
CRITICAL - 2023-07-22 20:18:45 --> Invalid file: "indexView.php"
in SYSTEMPATH\Exceptions\FrameworkException.php on line 33.
 1 SYSTEMPATH\View\View.php(212): CodeIgniter\Exceptions\FrameworkException::forInvalidFile('indexView.php')
 2 SYSTEMPATH\View\View.php(240): CodeIgniter\View\View->render('indexView', [], true)
 3 SYSTEMPATH\View\View.php(240): CodeIgniter\View\View->render('Layouts/sidebar', [], true)
 4 SYSTEMPATH\Common.php(1180): CodeIgniter\View\View->render('content', [], true)
 5 APPPATH\Controllers\Home.php(9): view('content')
 6 SYSTEMPATH\CodeIgniter.php(932): App\Controllers\Home->index()
 7 SYSTEMPATH\CodeIgniter.php(497): CodeIgniter\CodeIgniter->runController(Object(App\Controllers\Home))
 8 SYSTEMPATH\CodeIgniter.php(366): CodeIgniter\CodeIgniter->handleRequest(null, Object(Config\Cache), false)
 9 FCPATH\index.php(67): CodeIgniter\CodeIgniter->run()
10 SYSTEMPATH\Commands\Server\rewrite.php(47): require_once('C:\\Users\\MUHAMMAD FAISHAL\\Documents\\GitHub\\uas_pbo_kel_3_fakultas\\public\\index.php')
CRITICAL - 2023-07-22 20:18:46 --> Invalid file: "indexView.php"
in SYSTEMPATH\Exceptions\FrameworkException.php on line 33.
 1 SYSTEMPATH\View\View.php(212): CodeIgniter\Exceptions\FrameworkException::forInvalidFile('indexView.php')
 2 SYSTEMPATH\View\View.php(240): CodeIgniter\View\View->render('indexView', [], true)
 3 SYSTEMPATH\View\View.php(240): CodeIgniter\View\View->render('Layouts/sidebar', [], true)
 4 SYSTEMPATH\Common.php(1180): CodeIgniter\View\View->render('content', [], true)
 5 APPPATH\Controllers\Home.php(9): view('content')
 6 SYSTEMPATH\CodeIgniter.php(932): App\Controllers\Home->index()
 7 SYSTEMPATH\CodeIgniter.php(497): CodeIgniter\CodeIgniter->runController(Object(App\Controllers\Home))
 8 SYSTEMPATH\CodeIgniter.php(366): CodeIgniter\CodeIgniter->handleRequest(null, Object(Config\Cache), false)
 9 FCPATH\index.php(67): CodeIgniter\CodeIgniter->run()
10 SYSTEMPATH\Commands\Server\rewrite.php(47): require_once('C:\\Users\\MUHAMMAD FAISHAL\\Documents\\GitHub\\uas_pbo_kel_3_fakultas\\public\\index.php')
CRITICAL - 2023-07-22 20:18:46 --> Invalid file: "indexView.php"
in SYSTEMPATH\Exceptions\FrameworkException.php on line 33.
 1 SYSTEMPATH\View\View.php(212): CodeIgniter\Exceptions\FrameworkException::forInvalidFile('indexView.php')
 2 SYSTEMPATH\View\View.php(240): CodeIgniter\View\View->render('indexView', [], true)
 3 SYSTEMPATH\View\View.php(240): CodeIgniter\View\View->render('Layouts/sidebar', [], true)
 4 SYSTEMPATH\Common.php(1180): CodeIgniter\View\View->render('content', [], true)
 5 APPPATH\Controllers\Home.php(9): view('content')
 6 SYSTEMPATH\CodeIgniter.php(932): App\Controllers\Home->index()
 7 SYSTEMPATH\CodeIgniter.php(497): CodeIgniter\CodeIgniter->runController(Object(App\Controllers\Home))
 8 SYSTEMPATH\CodeIgniter.php(366): CodeIgniter\CodeIgniter->handleRequest(null, Object(Config\Cache), false)
 9 FCPATH\index.php(67): CodeIgniter\CodeIgniter->run()
10 SYSTEMPATH\Commands\Server\rewrite.php(47): require_once('C:\\Users\\MUHAMMAD FAISHAL\\Documents\\GitHub\\uas_pbo_kel_3_fakultas\\public\\index.php')
CRITICAL - 2023-07-22 20:18:47 --> Invalid file: "indexView.php"
in SYSTEMPATH\Exceptions\FrameworkException.php on line 33.
 1 SYSTEMPATH\View\View.php(212): CodeIgniter\Exceptions\FrameworkException::forInvalidFile('indexView.php')
 2 SYSTEMPATH\View\View.php(240): CodeIgniter\View\View->render('indexView', [], true)
 3 SYSTEMPATH\View\View.php(240): CodeIgniter\View\View->render('Layouts/sidebar', [], true)
 4 SYSTEMPATH\Common.php(1180): CodeIgniter\View\View->render('content', [], true)
 5 APPPATH\Controllers\Home.php(9): view('content')
 6 SYSTEMPATH\CodeIgniter.php(932): App\Controllers\Home->index()
 7 SYSTEMPATH\CodeIgniter.php(497): CodeIgniter\CodeIgniter->runController(Object(App\Controllers\Home))
 8 SYSTEMPATH\CodeIgniter.php(366): CodeIgniter\CodeIgniter->handleRequest(null, Object(Config\Cache), false)
 9 FCPATH\index.php(67): CodeIgniter\CodeIgniter->run()
10 SYSTEMPATH\Commands\Server\rewrite.php(47): require_once('C:\\Users\\MUHAMMAD FAISHAL\\Documents\\GitHub\\uas_pbo_kel_3_fakultas\\public\\index.php')
CRITICAL - 2023-07-22 20:18:47 --> Invalid file: "indexView.php"
in SYSTEMPATH\Exceptions\FrameworkException.php on line 33.
 1 SYSTEMPATH\View\View.php(212): CodeIgniter\Exceptions\FrameworkException::forInvalidFile('indexView.php')
 2 SYSTEMPATH\View\View.php(240): CodeIgniter\View\View->render('indexView', [], true)
 3 SYSTEMPATH\View\View.php(240): CodeIgniter\View\View->render('Layouts/sidebar', [], true)
 4 SYSTEMPATH\Common.php(1180): CodeIgniter\View\View->render('content', [], true)
 5 APPPATH\Controllers\Home.php(9): view('content')
 6 SYSTEMPATH\CodeIgniter.php(932): App\Controllers\Home->index()
 7 SYSTEMPATH\CodeIgniter.php(497): CodeIgniter\CodeIgniter->runController(Object(App\Controllers\Home))
 8 SYSTEMPATH\CodeIgniter.php(366): CodeIgniter\CodeIgniter->handleRequest(null, Object(Config\Cache), false)
 9 FCPATH\index.php(67): CodeIgniter\CodeIgniter->run()
10 SYSTEMPATH\Commands\Server\rewrite.php(47): require_once('C:\\Users\\MUHAMMAD FAISHAL\\Documents\\GitHub\\uas_pbo_kel_3_fakultas\\public\\index.php')
CRITICAL - 2023-07-22 20:20:57 --> Invalid file: "indexView.php"
in SYSTEMPATH\Exceptions\FrameworkException.php on line 33.
 1 SYSTEMPATH\View\View.php(212): CodeIgniter\Exceptions\FrameworkException::forInvalidFile('indexView.php')
 2 SYSTEMPATH\View\View.php(240): CodeIgniter\View\View->render('indexView', [], true)
 3 SYSTEMPATH\View\View.php(240): CodeIgniter\View\View->render('Layouts/sidebar', [], true)
 4 SYSTEMPATH\Common.php(1180): CodeIgniter\View\View->render('content', [], true)
 5 APPPATH\Controllers\Home.php(9): view('content')
 6 SYSTEMPATH\CodeIgniter.php(932): App\Controllers\Home->index()
 7 SYSTEMPATH\CodeIgniter.php(497): CodeIgniter\CodeIgniter->runController(Object(App\Controllers\Home))
 8 SYSTEMPATH\CodeIgniter.php(366): CodeIgniter\CodeIgniter->handleRequest(null, Object(Config\Cache), false)
 9 FCPATH\index.php(67): CodeIgniter\CodeIgniter->run()
10 SYSTEMPATH\Commands\Server\rewrite.php(47): require_once('C:\\Users\\MUHAMMAD FAISHAL\\Documents\\GitHub\\uas_pbo_kel_3_fakultas\\public\\index.php')
CRITICAL - 2023-07-22 20:21:11 --> Invalid file: "indexView.php"
in SYSTEMPATH\Exceptions\FrameworkException.php on line 33.
 1 SYSTEMPATH\View\View.php(212): CodeIgniter\Exceptions\FrameworkException::forInvalidFile('indexView.php')
 2 SYSTEMPATH\View\View.php(240): CodeIgniter\View\View->render('indexView', [], true)
 3 SYSTEMPATH\View\View.php(240): CodeIgniter\View\View->render('Layouts/sidebar', [], true)
 4 SYSTEMPATH\Common.php(1180): CodeIgniter\View\View->render('content', [], true)
 5 APPPATH\Controllers\Home.php(9): view('content')
 6 SYSTEMPATH\CodeIgniter.php(932): App\Controllers\Home->index()
 7 SYSTEMPATH\CodeIgniter.php(497): CodeIgniter\CodeIgniter->runController(Object(App\Controllers\Home))
 8 SYSTEMPATH\CodeIgniter.php(366): CodeIgniter\CodeIgniter->handleRequest(null, Object(Config\Cache), false)
 9 FCPATH\index.php(67): CodeIgniter\CodeIgniter->run()
10 SYSTEMPATH\Commands\Server\rewrite.php(47): require_once('C:\\Users\\MUHAMMAD FAISHAL\\Documents\\GitHub\\uas_pbo_kel_3_fakultas\\public\\index.php')
ERROR - 2023-07-22 20:41:56 --> Error connecting to the database: mysqli_sql_exception: No connection could be made because the target machine actively refused it in C:\Users\MUHAMMAD FAISHAL\Documents\GitHub\uas_pbo_kel_3_fakultas\system\Database\MySQLi\Connection.php:174
Stack trace:
#0 C:\Users\MUHAMMAD FAISHAL\Documents\GitHub\uas_pbo_kel_3_fakultas\system\Database\MySQLi\Connection.php(174): mysqli->real_connect('localhost', 'root', '', 'fakultas', 3306, '', 0)
#1 C:\Users\MUHAMMAD FAISHAL\Documents\GitHub\uas_pbo_kel_3_fakultas\system\Database\BaseConnection.php(391): CodeIgniter\Database\MySQLi\Connection->connect(false)
#2 C:\Users\MUHAMMAD FAISHAL\Documents\GitHub\uas_pbo_kel_3_fakultas\system\Database\BaseConnection.php(574): CodeIgniter\Database\BaseConnection->initialize()
#3 C:\Users\MUHAMMAD FAISHAL\Documents\GitHub\uas_pbo_kel_3_fakultas\system\Database\BaseBuilder.php(1616): CodeIgniter\Database\BaseConnection->query('SELECT *\nFROM `...', Array, false)
#4 C:\Users\MUHAMMAD FAISHAL\Documents\GitHub\uas_pbo_kel_3_fakultas\system\Model.php(241): CodeIgniter\Database\BaseBuilder->get()
#5 C:\Users\MUHAMMAD FAISHAL\Documents\GitHub\uas_pbo_kel_3_fakultas\system\BaseModel.php(618): CodeIgniter\Model->doFindAll(0, 0)
#6 C:\Users\MUHAMMAD FAISHAL\Documents\GitHub\uas_pbo_kel_3_fakultas\app\Controllers\Fakultas.php(19): CodeIgniter\BaseModel->findAll()
#7 C:\Users\MUHAMMAD FAISHAL\Documents\GitHub\uas_pbo_kel_3_fakultas\system\CodeIgniter.php(932): App\Controllers\Fakultas->index()
#8 C:\Users\MUHAMMAD FAISHAL\Documents\GitHub\uas_pbo_kel_3_fakultas\system\CodeIgniter.php(497): CodeIgniter\CodeIgniter->runController(Object(App\Controllers\Fakultas))
#9 C:\Users\MUHAMMAD FAISHAL\Documents\GitHub\uas_pbo_kel_3_fakultas\system\CodeIgniter.php(366): CodeIgniter\CodeIgniter->handleRequest(NULL, Object(Config\Cache), false)
#10 C:\Users\MUHAMMAD FAISHAL\Documents\GitHub\uas_pbo_kel_3_fakultas\public\index.php(67): CodeIgniter\CodeIgniter->run()
#11 C:\Users\MUHAMMAD FAISHAL\Documents\GitHub\uas_pbo_kel_3_fakultas\system\Commands\Server\rewrite.php(47): require_once('C:\\Users\\MUHAMM...')
#12 {main}

Next CodeIgniter\Database\Exceptions\DatabaseException: No connection could be made because the target machine actively refused it in C:\Users\MUHAMMAD FAISHAL\Documents\GitHub\uas_pbo_kel_3_fakultas\system\Database\MySQLi\Connection.php:218
Stack trace:
#0 C:\Users\MUHAMMAD FAISHAL\Documents\GitHub\uas_pbo_kel_3_fakultas\system\Database\BaseConnection.php(391): CodeIgniter\Database\MySQLi\Connection->connect(false)
#1 C:\Users\MUHAMMAD FAISHAL\Documents\GitHub\uas_pbo_kel_3_fakultas\system\Database\BaseConnection.php(574): CodeIgniter\Database\BaseConnection->initialize()
#2 C:\Users\MUHAMMAD FAISHAL\Documents\GitHub\uas_pbo_kel_3_fakultas\system\Database\BaseBuilder.php(1616): CodeIgniter\Database\BaseConnection->query('SELECT *\nFROM `...', Array, false)
#3 C:\Users\MUHAMMAD FAISHAL\Documents\GitHub\uas_pbo_kel_3_fakultas\system\Model.php(241): CodeIgniter\Database\BaseBuilder->get()
#4 C:\Users\MUHAMMAD FAISHAL\Documents\GitHub\uas_pbo_kel_3_fakultas\system\BaseModel.php(618): CodeIgniter\Model->doFindAll(0, 0)
#5 C:\Users\MUHAMMAD FAISHAL\Documents\GitHub\uas_pbo_kel_3_fakultas\app\Controllers\Fakultas.php(19): CodeIgniter\BaseModel->findAll()
#6 C:\Users\MUHAMMAD FAISHAL\Documents\GitHub\uas_pbo_kel_3_fakultas\system\CodeIgniter.php(932): App\Controllers\Fakultas->index()
#7 C:\Users\MUHAMMAD FAISHAL\Documents\GitHub\uas_pbo_kel_3_fakultas\system\CodeIgniter.php(497): CodeIgniter\CodeIgniter->runController(Object(App\Controllers\Fakultas))
#8 C:\Users\MUHAMMAD FAISHAL\Documents\GitHub\uas_pbo_kel_3_fakultas\system\CodeIgniter.php(366): CodeIgniter\CodeIgniter->handleRequest(NULL, Object(Config\Cache), false)
#9 C:\Users\MUHAMMAD FAISHAL\Documents\GitHub\uas_pbo_kel_3_fakultas\public\index.php(67): CodeIgniter\CodeIgniter->run()
#10 C:\Users\MUHAMMAD FAISHAL\Documents\GitHub\uas_pbo_kel_3_fakultas\system\Commands\Server\rewrite.php(47): require_once('C:\\Users\\MUHAMM...')
#11 {main}
CRITICAL - 2023-07-22 20:41:56 --> Unable to connect to the database.
Main connection [MySQLi]: No connection could be made because the target machine actively refused it
in SYSTEMPATH\Database\BaseConnection.php on line 427.
 1 SYSTEMPATH\Database\BaseConnection.php(574): CodeIgniter\Database\BaseConnection->initialize()
 2 SYSTEMPATH\Database\BaseBuilder.php(1616): CodeIgniter\Database\BaseConnection->query('SELECT *
FROM `fakultas`', [], false)
 3 SYSTEMPATH\Model.php(241): CodeIgniter\Database\BaseBuilder->get()
 4 SYSTEMPATH\BaseModel.php(618): CodeIgniter\Model->doFindAll(0, 0)
 5 APPPATH\Controllers\Fakultas.php(19): CodeIgniter\BaseModel->findAll()
 6 SYSTEMPATH\CodeIgniter.php(932): App\Controllers\Fakultas->index()
 7 SYSTEMPATH\CodeIgniter.php(497): CodeIgniter\CodeIgniter->runController(Object(App\Controllers\Fakultas))
 8 SYSTEMPATH\CodeIgniter.php(366): CodeIgniter\CodeIgniter->handleRequest(null, Object(Config\Cache), false)
 9 FCPATH\index.php(67): CodeIgniter\CodeIgniter->run()
10 SYSTEMPATH\Commands\Server\rewrite.php(47): require_once('C:\\Users\\MUHAMMAD FAISHAL\\Documents\\GitHub\\uas_pbo_kel_3_fakultas\\public\\index.php')
CRITICAL - 2023-07-22 21:01:28 --> Undefined property: CodeIgniter\View\View::$uri
in APPPATH\Views\Layouts\sidebar.php on line 42.
 1 APPPATH\Views\Layouts\sidebar.php(42): CodeIgniter\Debug\Exceptions->errorHandler(2, 'Undefined property: CodeIgniter\\View\\View::$uri', 'C:\\Users\\MUHAMMAD FAISHAL\\Documents\\GitHub\\uas_pbo_kel_3_fakultas\\app\\Views\\Layouts\\sidebar.php', 42)
 2 APPPATH\Views\Layouts\indexView.php(11): include('C:\\Users\\MUHAMMAD FAISHAL\\Documents\\GitHub\\uas_pbo_kel_3_fakultas\\app\\Views\\Layouts\\sidebar.php')
 3 SYSTEMPATH\View\View.php(224): include('C:\\Users\\MUHAMMAD FAISHAL\\Documents\\GitHub\\uas_pbo_kel_3_fakultas\\app\\Views\\Layouts\\indexView.php')
 4 SYSTEMPATH\View\View.php(227): CodeIgniter\View\View->CodeIgniter\View\{closure}()
 5 SYSTEMPATH\View\View.php(240): CodeIgniter\View\View->render('Layouts/indexView', [], true)
 6 SYSTEMPATH\Common.php(1180): CodeIgniter\View\View->render('fakultas/index', [], true)
 7 APPPATH\Controllers\Fakultas.php(21): view('fakultas/index', [...])
 8 SYSTEMPATH\CodeIgniter.php(932): App\Controllers\Fakultas->index()
 9 SYSTEMPATH\CodeIgniter.php(497): CodeIgniter\CodeIgniter->runController(Object(App\Controllers\Fakultas))
10 SYSTEMPATH\CodeIgniter.php(366): CodeIgniter\CodeIgniter->handleRequest(null, Object(Config\Cache), false)
11 FCPATH\index.php(67): CodeIgniter\CodeIgniter->run()
12 SYSTEMPATH\Commands\Server\rewrite.php(47): require_once('C:\\Users\\MUHAMMAD FAISHAL\\Documents\\GitHub\\uas_pbo_kel_3_fakultas\\public\\index.php')
CRITICAL - 2023-07-22 21:02:23 --> Undefined property: CodeIgniter\View\View::$title
in APPPATH\Views\Layouts\sidebar.php on line 42.
 1 APPPATH\Views\Layouts\sidebar.php(42): CodeIgniter\Debug\Exceptions->errorHandler(2, 'Undefined property: CodeIgniter\\View\\View::$title', 'C:\\Users\\MUHAMMAD FAISHAL\\Documents\\GitHub\\uas_pbo_kel_3_fakultas\\app\\Views\\Layouts\\sidebar.php', 42)
 2 APPPATH\Views\Layouts\indexView.php(11): include('C:\\Users\\MUHAMMAD FAISHAL\\Documents\\GitHub\\uas_pbo_kel_3_fakultas\\app\\Views\\Layouts\\sidebar.php')
 3 SYSTEMPATH\View\View.php(224): include('C:\\Users\\MUHAMMAD FAISHAL\\Documents\\GitHub\\uas_pbo_kel_3_fakultas\\app\\Views\\Layouts\\indexView.php')
 4 SYSTEMPATH\View\View.php(227): CodeIgniter\View\View->CodeIgniter\View\{closure}()
 5 SYSTEMPATH\View\View.php(240): CodeIgniter\View\View->render('Layouts/indexView', [], true)
 6 SYSTEMPATH\Common.php(1180): CodeIgniter\View\View->render('fakultas/index', [], true)
 7 APPPATH\Controllers\Fakultas.php(21): view('fakultas/index', [...])
 8 SYSTEMPATH\CodeIgniter.php(932): App\Controllers\Fakultas->index()
 9 SYSTEMPATH\CodeIgniter.php(497): CodeIgniter\CodeIgniter->runController(Object(App\Controllers\Fakultas))
10 SYSTEMPATH\CodeIgniter.php(366): CodeIgniter\CodeIgniter->handleRequest(null, Object(Config\Cache), false)
11 FCPATH\index.php(67): CodeIgniter\CodeIgniter->run()
12 SYSTEMPATH\Commands\Server\rewrite.php(47): require_once('C:\\Users\\MUHAMMAD FAISHAL\\Documents\\GitHub\\uas_pbo_kel_3_fakultas\\public\\index.php')
CRITICAL - 2023-07-22 21:02:53 --> Undefined property: CodeIgniter\View\View::$uri
in APPPATH\Views\Layouts\sidebar.php on line 42.
 1 APPPATH\Views\Layouts\sidebar.php(42): CodeIgniter\Debug\Exceptions->errorHandler(2, 'Undefined property: CodeIgniter\\View\\View::$uri', 'C:\\Users\\MUHAMMAD FAISHAL\\Documents\\GitHub\\uas_pbo_kel_3_fakultas\\app\\Views\\Layouts\\sidebar.php', 42)
 2 APPPATH\Views\Layouts\indexView.php(11): include('C:\\Users\\MUHAMMAD FAISHAL\\Documents\\GitHub\\uas_pbo_kel_3_fakultas\\app\\Views\\Layouts\\sidebar.php')
 3 SYSTEMPATH\View\View.php(224): include('C:\\Users\\MUHAMMAD FAISHAL\\Documents\\GitHub\\uas_pbo_kel_3_fakultas\\app\\Views\\Layouts\\indexView.php')
 4 SYSTEMPATH\View\View.php(227): CodeIgniter\View\View->CodeIgniter\View\{closure}()
 5 SYSTEMPATH\View\View.php(240): CodeIgniter\View\View->render('Layouts/indexView', [], true)
 6 SYSTEMPATH\Common.php(1180): CodeIgniter\View\View->render('fakultas/index', [], true)
 7 APPPATH\Controllers\Fakultas.php(21): view('fakultas/index', [...])
 8 SYSTEMPATH\CodeIgniter.php(932): App\Controllers\Fakultas->index()
 9 SYSTEMPATH\CodeIgniter.php(497): CodeIgniter\CodeIgniter->runController(Object(App\Controllers\Fakultas))
10 SYSTEMPATH\CodeIgniter.php(366): CodeIgniter\CodeIgniter->handleRequest(null, Object(Config\Cache), false)
11 FCPATH\index.php(67): CodeIgniter\CodeIgniter->run()
12 SYSTEMPATH\Commands\Server\rewrite.php(47): require_once('C:\\Users\\MUHAMMAD FAISHAL\\Documents\\GitHub\\uas_pbo_kel_3_fakultas\\public\\index.php')
CRITICAL - 2023-07-22 21:02:55 --> Undefined property: CodeIgniter\View\View::$uri
in APPPATH\Views\Layouts\sidebar.php on line 42.
 1 APPPATH\Views\Layouts\sidebar.php(42): CodeIgniter\Debug\Exceptions->errorHandler(2, 'Undefined property: CodeIgniter\\View\\View::$uri', 'C:\\Users\\MUHAMMAD FAISHAL\\Documents\\GitHub\\uas_pbo_kel_3_fakultas\\app\\Views\\Layouts\\sidebar.php', 42)
 2 APPPATH\Views\Layouts\indexView.php(11): include('C:\\Users\\MUHAMMAD FAISHAL\\Documents\\GitHub\\uas_pbo_kel_3_fakultas\\app\\Views\\Layouts\\sidebar.php')
 3 SYSTEMPATH\View\View.php(224): include('C:\\Users\\MUHAMMAD FAISHAL\\Documents\\GitHub\\uas_pbo_kel_3_fakultas\\app\\Views\\Layouts\\indexView.php')
 4 SYSTEMPATH\View\View.php(227): CodeIgniter\View\View->CodeIgniter\View\{closure}()
 5 SYSTEMPATH\View\View.php(240): CodeIgniter\View\View->render('Layouts/indexView', [], true)
 6 SYSTEMPATH\Common.php(1180): CodeIgniter\View\View->render('content', [], true)
 7 APPPATH\Controllers\Home.php(10): view('content', [...])
 8 SYSTEMPATH\CodeIgniter.php(932): App\Controllers\Home->index()
 9 SYSTEMPATH\CodeIgniter.php(497): CodeIgniter\CodeIgniter->runController(Object(App\Controllers\Home))
10 SYSTEMPATH\CodeIgniter.php(366): CodeIgniter\CodeIgniter->handleRequest(null, Object(Config\Cache), false)
11 FCPATH\index.php(67): CodeIgniter\CodeIgniter->run()
12 SYSTEMPATH\Commands\Server\rewrite.php(47): require_once('C:\\Users\\MUHAMMAD FAISHAL\\Documents\\GitHub\\uas_pbo_kel_3_fakultas\\public\\index.php')
CRITICAL - 2023-07-22 21:06:03 --> Undefined property: CodeIgniter\View\View::$uri
in APPPATH\Views\Layouts\sidebar.php on line 42.
 1 APPPATH\Views\Layouts\sidebar.php(42): CodeIgniter\Debug\Exceptions->errorHandler(2, 'Undefined property: CodeIgniter\\View\\View::$uri', 'C:\\Users\\MUHAMMAD FAISHAL\\Documents\\GitHub\\uas_pbo_kel_3_fakultas\\app\\Views\\Layouts\\sidebar.php', 42)
 2 APPPATH\Views\Layouts\indexView.php(11): include('C:\\Users\\MUHAMMAD FAISHAL\\Documents\\GitHub\\uas_pbo_kel_3_fakultas\\app\\Views\\Layouts\\sidebar.php')
 3 SYSTEMPATH\View\View.php(224): include('C:\\Users\\MUHAMMAD FAISHAL\\Documents\\GitHub\\uas_pbo_kel_3_fakultas\\app\\Views\\Layouts\\indexView.php')
 4 SYSTEMPATH\View\View.php(227): CodeIgniter\View\View->CodeIgniter\View\{closure}()
 5 SYSTEMPATH\View\View.php(240): CodeIgniter\View\View->render('Layouts/indexView', [], true)
 6 SYSTEMPATH\Common.php(1180): CodeIgniter\View\View->render('content', [], true)
 7 APPPATH\Controllers\Home.php(10): view('content', [...])
 8 SYSTEMPATH\CodeIgniter.php(932): App\Controllers\Home->index()
 9 SYSTEMPATH\CodeIgniter.php(497): CodeIgniter\CodeIgniter->runController(Object(App\Controllers\Home))
10 SYSTEMPATH\CodeIgniter.php(366): CodeIgniter\CodeIgniter->handleRequest(null, Object(Config\Cache), false)
11 FCPATH\index.php(67): CodeIgniter\CodeIgniter->run()
12 SYSTEMPATH\Commands\Server\rewrite.php(47): require_once('C:\\Users\\MUHAMMAD FAISHAL\\Documents\\GitHub\\uas_pbo_kel_3_fakultas\\public\\index.php')
CRITICAL - 2023-07-22 21:16:52 --> Undefined variable $fakultas
in APPPATH\Views\content.php on line 112.
 1 APPPATH\Views\content.php(112): CodeIgniter\Debug\Exceptions->errorHandler(2, 'Undefined variable $fakultas', 'C:\\Users\\MUHAMMAD FAISHAL\\Documents\\GitHub\\uas_pbo_kel_3_fakultas\\app\\Views\\content.php', 112)
 2 SYSTEMPATH\View\View.php(224): include('C:\\Users\\MUHAMMAD FAISHAL\\Documents\\GitHub\\uas_pbo_kel_3_fakultas\\app\\Views\\content.php')
 3 SYSTEMPATH\View\View.php(227): CodeIgniter\View\View->CodeIgniter\View\{closure}()
 4 SYSTEMPATH\Common.php(1180): CodeIgniter\View\View->render('content', [], true)
 5 APPPATH\Controllers\Home.php(10): view('content', [...])
 6 SYSTEMPATH\CodeIgniter.php(932): App\Controllers\Home->index()
 7 SYSTEMPATH\CodeIgniter.php(497): CodeIgniter\CodeIgniter->runController(Object(App\Controllers\Home))
 8 SYSTEMPATH\CodeIgniter.php(366): CodeIgniter\CodeIgniter->handleRequest(null, Object(Config\Cache), false)
 9 FCPATH\index.php(67): CodeIgniter\CodeIgniter->run()
10 SYSTEMPATH\Commands\Server\rewrite.php(47): require_once('C:\\Users\\MUHAMMAD FAISHAL\\Documents\\GitHub\\uas_pbo_kel_3_fakultas\\public\\index.php')
CRITICAL - 2023-07-22 21:17:54 --> Undefined variable $fakultas
in APPPATH\Views\content.php on line 112.
 1 APPPATH\Views\content.php(112): CodeIgniter\Debug\Exceptions->errorHandler(2, 'Undefined variable $fakultas', 'C:\\Users\\MUHAMMAD FAISHAL\\Documents\\GitHub\\uas_pbo_kel_3_fakultas\\app\\Views\\content.php', 112)
 2 SYSTEMPATH\View\View.php(224): include('C:\\Users\\MUHAMMAD FAISHAL\\Documents\\GitHub\\uas_pbo_kel_3_fakultas\\app\\Views\\content.php')
 3 SYSTEMPATH\View\View.php(227): CodeIgniter\View\View->CodeIgniter\View\{closure}()
 4 SYSTEMPATH\Common.php(1180): CodeIgniter\View\View->render('content', [], true)
 5 APPPATH\Controllers\Home.php(10): view('content', [...])
 6 SYSTEMPATH\CodeIgniter.php(932): App\Controllers\Home->index()
 7 SYSTEMPATH\CodeIgniter.php(497): CodeIgniter\CodeIgniter->runController(Object(App\Controllers\Home))
 8 SYSTEMPATH\CodeIgniter.php(366): CodeIgniter\CodeIgniter->handleRequest(null, Object(Config\Cache), false)
 9 FCPATH\index.php(67): CodeIgniter\CodeIgniter->run()
10 SYSTEMPATH\Commands\Server\rewrite.php(47): require_once('C:\\Users\\MUHAMMAD FAISHAL\\Documents\\GitHub\\uas_pbo_kel_3_fakultas\\public\\index.php')
CRITICAL - 2023-07-22 21:18:43 --> Undefined variable $fakultas
in APPPATH\Views\content.php on line 112.
 1 APPPATH\Views\content.php(112): CodeIgniter\Debug\Exceptions->errorHandler(2, 'Undefined variable $fakultas', 'C:\\Users\\MUHAMMAD FAISHAL\\Documents\\GitHub\\uas_pbo_kel_3_fakultas\\app\\Views\\content.php', 112)
 2 SYSTEMPATH\View\View.php(224): include('C:\\Users\\MUHAMMAD FAISHAL\\Documents\\GitHub\\uas_pbo_kel_3_fakultas\\app\\Views\\content.php')
 3 SYSTEMPATH\View\View.php(227): CodeIgniter\View\View->CodeIgniter\View\{closure}()
 4 SYSTEMPATH\Common.php(1180): CodeIgniter\View\View->render('content', [], true)
 5 APPPATH\Controllers\Home.php(10): view('content', [...])
 6 SYSTEMPATH\CodeIgniter.php(932): App\Controllers\Home->index()
 7 SYSTEMPATH\CodeIgniter.php(497): CodeIgniter\CodeIgniter->runController(Object(App\Controllers\Home))
 8 SYSTEMPATH\CodeIgniter.php(366): CodeIgniter\CodeIgniter->handleRequest(null, Object(Config\Cache), false)
 9 FCPATH\index.php(67): CodeIgniter\CodeIgniter->run()
10 SYSTEMPATH\Commands\Server\rewrite.php(47): require_once('C:\\Users\\MUHAMMAD FAISHAL\\Documents\\GitHub\\uas_pbo_kel_3_fakultas\\public\\index.php')
